{"/home/terry/Desktop/finding-sports/mockup/backend/middleware/aggressive-cache-bypass.js": {"path":"/home/terry/Desktop/finding-sports/mockup/backend/middleware/aggressive-cache-bypass.js","statementMap":{"0":{"start":{"line":2,"column":30},"end":{"line":28,"column":1}},"1":{"start":{"line":4,"column":2},"end":{"line":19,"column":5}},"2":{"start":{"line":22,"column":2},"end":{"line":22,"column":41}},"3":{"start":{"line":25,"column":2},"end":{"line":25,"column":89}},"4":{"start":{"line":27,"column":2},"end":{"line":27,"column":9}},"5":{"start":{"line":30,"column":0},"end":{"line":30,"column":39}}},"fnMap":{"0":{"name":"(anonymous_0)","decl":{"start":{"line":2,"column":30},"end":{"line":2,"column":31}},"loc":{"start":{"line":2,"column":50},"end":{"line":28,"column":1}},"line":2}},"branchMap":{},"s":{"0":0,"1":0,"2":0,"3":0,"4":0,"5":0},"f":{"0":0},"b":{}}
,"/home/terry/Desktop/finding-sports/mockup/backend/middleware/auth.js": {"path":"/home/terry/Desktop/finding-sports/mockup/backend/middleware/auth.js","statementMap":{"0":{"start":{"line":1,"column":12},"end":{"line":1,"column":35}},"1":{"start":{"line":5,"column":21},"end":{"line":5,"column":49}},"2":{"start":{"line":6,"column":16},"end":{"line":6,"column":54}},"3":{"start":{"line":8,"column":2},"end":{"line":10,"column":3}},"4":{"start":{"line":9,"column":4},"end":{"line":9,"column":31}},"5":{"start":{"line":12,"column":21},"end":{"line":12,"column":84}},"6":{"start":{"line":14,"column":2},"end":{"line":37,"column":3}},"7":{"start":{"line":15,"column":20},"end":{"line":15,"column":49}},"8":{"start":{"line":18,"column":18},"end":{"line":18,"column":43}},"9":{"start":{"line":19,"column":4},"end":{"line":19,"column":37}},"10":{"start":{"line":21,"column":4},"end":{"line":23,"column":5}},"11":{"start":{"line":22,"column":6},"end":{"line":22,"column":33}},"12":{"start":{"line":26,"column":4},"end":{"line":32,"column":5}},"13":{"start":{"line":27,"column":6},"end":{"line":31,"column":9}},"14":{"start":{"line":34,"column":4},"end":{"line":34,"column":11}},"15":{"start":{"line":36,"column":4},"end":{"line":36,"column":31}},"16":{"start":{"line":42,"column":21},"end":{"line":42,"column":49}},"17":{"start":{"line":43,"column":16},"end":{"line":43,"column":54}},"18":{"start":{"line":45,"column":2},"end":{"line":47,"column":3}},"19":{"start":{"line":46,"column":4},"end":{"line":46,"column":18}},"20":{"start":{"line":49,"column":21},"end":{"line":49,"column":84}},"21":{"start":{"line":51,"column":2},"end":{"line":57,"column":3}},"22":{"start":{"line":52,"column":20},"end":{"line":52,"column":49}},"23":{"start":{"line":53,"column":18},"end":{"line":53,"column":43}},"24":{"start":{"line":54,"column":4},"end":{"line":54,"column":37}},"25":{"start":{"line":59,"column":2},"end":{"line":59,"column":9}},"26":{"start":{"line":64,"column":2},"end":{"line":69,"column":5}},"27":{"start":{"line":65,"column":4},"end":{"line":67,"column":5}},"28":{"start":{"line":66,"column":6},"end":{"line":66,"column":74}},"29":{"start":{"line":68,"column":4},"end":{"line":68,"column":11}},"30":{"start":{"line":74,"column":2},"end":{"line":79,"column":5}},"31":{"start":{"line":75,"column":4},"end":{"line":77,"column":5}},"32":{"start":{"line":76,"column":6},"end":{"line":76,"column":70}},"33":{"start":{"line":78,"column":4},"end":{"line":78,"column":11}},"34":{"start":{"line":84,"column":2},"end":{"line":84,"column":26}},"35":{"start":{"line":84,"column":13},"end":{"line":84,"column":26}},"36":{"start":{"line":87,"column":2},"end":{"line":87,"column":41}},"37":{"start":{"line":87,"column":29},"end":{"line":87,"column":41}},"38":{"start":{"line":90,"column":2},"end":{"line":95,"column":3}},"39":{"start":{"line":91,"column":4},"end":{"line":93,"column":5}},"40":{"start":{"line":92,"column":6},"end":{"line":92,"column":61}},"41":{"start":{"line":94,"column":4},"end":{"line":94,"column":49}},"42":{"start":{"line":98,"column":26},"end":{"line":102,"column":3}},"43":{"start":{"line":104,"column":26},"end":{"line":104,"column":76}},"44":{"start":{"line":105,"column":2},"end":{"line":105,"column":79}},"45":{"start":{"line":108,"column":0},"end":{"line":114,"column":2}}},"fnMap":{"0":{"name":"authenticateToken","decl":{"start":{"line":4,"column":9},"end":{"line":4,"column":26}},"loc":{"start":{"line":4,"column":43},"end":{"line":38,"column":1}},"line":4},"1":{"name":"optionalAuth","decl":{"start":{"line":41,"column":9},"end":{"line":41,"column":21}},"loc":{"start":{"line":41,"column":38},"end":{"line":60,"column":1}},"line":41},"2":{"name":"authenticateModerator","decl":{"start":{"line":63,"column":9},"end":{"line":63,"column":30}},"loc":{"start":{"line":63,"column":47},"end":{"line":70,"column":1}},"line":63},"3":{"name":"(anonymous_3)","decl":{"start":{"line":64,"column":30},"end":{"line":64,"column":31}},"loc":{"start":{"line":64,"column":36},"end":{"line":69,"column":3}},"line":64},"4":{"name":"authenticateAdmin","decl":{"start":{"line":73,"column":9},"end":{"line":73,"column":26}},"loc":{"start":{"line":73,"column":43},"end":{"line":80,"column":1}},"line":73},"5":{"name":"(anonymous_5)","decl":{"start":{"line":74,"column":30},"end":{"line":74,"column":31}},"loc":{"start":{"line":74,"column":36},"end":{"line":79,"column":3}},"line":74},"6":{"name":"hasPermission","decl":{"start":{"line":83,"column":9},"end":{"line":83,"column":22}},"loc":{"start":{"line":83,"column":58},"end":{"line":106,"column":1}},"line":83}},"branchMap":{"0":{"loc":{"start":{"line":6,"column":16},"end":{"line":6,"column":54}},"type":"binary-expr","locations":[{"start":{"line":6,"column":16},"end":{"line":6,"column":26}},{"start":{"line":6,"column":30},"end":{"line":6,"column":54}}],"line":6},"1":{"loc":{"start":{"line":8,"column":2},"end":{"line":10,"column":3}},"type":"if","locations":[{"start":{"line":8,"column":2},"end":{"line":10,"column":3}},{"start":{},"end":{}}],"line":8},"2":{"loc":{"start":{"line":12,"column":21},"end":{"line":12,"column":84}},"type":"binary-expr","locations":[{"start":{"line":12,"column":21},"end":{"line":12,"column":43}},{"start":{"line":12,"column":47},"end":{"line":12,"column":84}}],"line":12},"3":{"loc":{"start":{"line":18,"column":18},"end":{"line":18,"column":43}},"type":"binary-expr","locations":[{"start":{"line":18,"column":18},"end":{"line":18,"column":30}},{"start":{"line":18,"column":34},"end":{"line":18,"column":43}}],"line":18},"4":{"loc":{"start":{"line":21,"column":4},"end":{"line":23,"column":5}},"type":"if","locations":[{"start":{"line":21,"column":4},"end":{"line":23,"column":5}},{"start":{},"end":{}}],"line":21},"5":{"loc":{"start":{"line":26,"column":4},"end":{"line":32,"column":5}},"type":"if","locations":[{"start":{"line":26,"column":4},"end":{"line":32,"column":5}},{"start":{},"end":{}}],"line":26},"6":{"loc":{"start":{"line":26,"column":8},"end":{"line":26,"column":75}},"type":"binary-expr","locations":[{"start":{"line":26,"column":8},"end":{"line":26,"column":28}},{"start":{"line":26,"column":32},"end":{"line":26,"column":75}}],"line":26},"7":{"loc":{"start":{"line":43,"column":16},"end":{"line":43,"column":54}},"type":"binary-expr","locations":[{"start":{"line":43,"column":16},"end":{"line":43,"column":26}},{"start":{"line":43,"column":30},"end":{"line":43,"column":54}}],"line":43},"8":{"loc":{"start":{"line":45,"column":2},"end":{"line":47,"column":3}},"type":"if","locations":[{"start":{"line":45,"column":2},"end":{"line":47,"column":3}},{"start":{},"end":{}}],"line":45},"9":{"loc":{"start":{"line":49,"column":21},"end":{"line":49,"column":84}},"type":"binary-expr","locations":[{"start":{"line":49,"column":21},"end":{"line":49,"column":43}},{"start":{"line":49,"column":47},"end":{"line":49,"column":84}}],"line":49},"10":{"loc":{"start":{"line":53,"column":18},"end":{"line":53,"column":43}},"type":"binary-expr","locations":[{"start":{"line":53,"column":18},"end":{"line":53,"column":30}},{"start":{"line":53,"column":34},"end":{"line":53,"column":43}}],"line":53},"11":{"loc":{"start":{"line":65,"column":4},"end":{"line":67,"column":5}},"type":"if","locations":[{"start":{"line":65,"column":4},"end":{"line":67,"column":5}},{"start":{},"end":{}}],"line":65},"12":{"loc":{"start":{"line":65,"column":8},"end":{"line":65,"column":81}},"type":"binary-expr","locations":[{"start":{"line":65,"column":8},"end":{"line":65,"column":17}},{"start":{"line":65,"column":22},"end":{"line":65,"column":51}},{"start":{"line":65,"column":55},"end":{"line":65,"column":80}}],"line":65},"13":{"loc":{"start":{"line":75,"column":4},"end":{"line":77,"column":5}},"type":"if","locations":[{"start":{"line":75,"column":4},"end":{"line":77,"column":5}},{"start":{},"end":{}}],"line":75},"14":{"loc":{"start":{"line":75,"column":8},"end":{"line":75,"column":46}},"type":"binary-expr","locations":[{"start":{"line":75,"column":8},"end":{"line":75,"column":17}},{"start":{"line":75,"column":21},"end":{"line":75,"column":46}}],"line":75},"15":{"loc":{"start":{"line":83,"column":41},"end":{"line":83,"column":56}},"type":"default-arg","locations":[{"start":{"line":83,"column":52},"end":{"line":83,"column":56}}],"line":83},"16":{"loc":{"start":{"line":84,"column":2},"end":{"line":84,"column":26}},"type":"if","locations":[{"start":{"line":84,"column":2},"end":{"line":84,"column":26}},{"start":{},"end":{}}],"line":84},"17":{"loc":{"start":{"line":87,"column":2},"end":{"line":87,"column":41}},"type":"if","locations":[{"start":{"line":87,"column":2},"end":{"line":87,"column":41}},{"start":{},"end":{}}],"line":87},"18":{"loc":{"start":{"line":90,"column":2},"end":{"line":95,"column":3}},"type":"if","locations":[{"start":{"line":90,"column":2},"end":{"line":95,"column":3}},{"start":{},"end":{}}],"line":90},"19":{"loc":{"start":{"line":90,"column":6},"end":{"line":90,"column":54}},"type":"binary-expr","locations":[{"start":{"line":90,"column":6},"end":{"line":90,"column":22}},{"start":{"line":90,"column":26},"end":{"line":90,"column":54}}],"line":90},"20":{"loc":{"start":{"line":91,"column":4},"end":{"line":93,"column":5}},"type":"if","locations":[{"start":{"line":91,"column":4},"end":{"line":93,"column":5}},{"start":{},"end":{}}],"line":91},"21":{"loc":{"start":{"line":104,"column":26},"end":{"line":104,"column":76}},"type":"binary-expr","locations":[{"start":{"line":104,"column":26},"end":{"line":104,"column":52}},{"start":{"line":104,"column":56},"end":{"line":104,"column":76}}],"line":104},"22":{"loc":{"start":{"line":105,"column":9},"end":{"line":105,"column":78}},"type":"binary-expr","locations":[{"start":{"line":105,"column":9},"end":{"line":105,"column":38}},{"start":{"line":105,"column":42},"end":{"line":105,"column":78}}],"line":105}},"s":{"0":0,"1":0,"2":0,"3":0,"4":0,"5":0,"6":0,"7":0,"8":0,"9":0,"10":0,"11":0,"12":0,"13":0,"14":0,"15":0,"16":0,"17":0,"18":0,"19":0,"20":0,"21":0,"22":0,"23":0,"24":0,"25":0,"26":0,"27":0,"28":0,"29":0,"30":0,"31":0,"32":0,"33":0,"34":0,"35":0,"36":0,"37":0,"38":0,"39":0,"40":0,"41":0,"42":0,"43":0,"44":0,"45":0},"f":{"0":0,"1":0,"2":0,"3":0,"4":0,"5":0,"6":0},"b":{"0":[0,0],"1":[0,0],"2":[0,0],"3":[0,0],"4":[0,0],"5":[0,0],"6":[0,0],"7":[0,0],"8":[0,0],"9":[0,0],"10":[0,0],"11":[0,0],"12":[0,0,0],"13":[0,0],"14":[0,0],"15":[0],"16":[0,0],"17":[0,0],"18":[0,0],"19":[0,0],"20":[0,0],"21":[0,0],"22":[0,0]}}
,"/home/terry/Desktop/finding-sports/mockup/backend/middleware/no-cache.js": {"path":"/home/terry/Desktop/finding-sports/mockup/backend/middleware/no-cache.js","statementMap":{"0":{"start":{"line":4,"column":0},"end":{"line":22,"column":2}},"1":{"start":{"line":6,"column":2},"end":{"line":14,"column":5}},"2":{"start":{"line":17,"column":2},"end":{"line":17,"column":27}},"3":{"start":{"line":18,"column":2},"end":{"line":18,"column":36}},"4":{"start":{"line":20,"column":2},"end":{"line":20,"column":70}},"5":{"start":{"line":21,"column":2},"end":{"line":21,"column":9}}},"fnMap":{"0":{"name":"noCacheMiddleware","decl":{"start":{"line":4,"column":26},"end":{"line":4,"column":43}},"loc":{"start":{"line":4,"column":60},"end":{"line":22,"column":1}},"line":4}},"branchMap":{},"s":{"0":0,"1":0,"2":0,"3":0,"4":0,"5":0},"f":{"0":0},"b":{}}
,"/home/terry/Desktop/finding-sports/mockup/backend/routes/admin.js": {"path":"/home/terry/Desktop/finding-sports/mockup/backend/routes/admin.js","statementMap":{"0":{"start":{"line":1,"column":16},"end":{"line":1,"column":34}},"1":{"start":{"line":2,"column":15},"end":{"line":2,"column":31}},"2":{"start":{"line":3,"column":30},"end":{"line":3,"column":59}},"3":{"start":{"line":4,"column":15},"end":{"line":4,"column":32}},"4":{"start":{"line":7,"column":0},"end":{"line":35,"column":3}},"5":{"start":{"line":8,"column":18},"end":{"line":8,"column":51}},"6":{"start":{"line":10,"column":18},"end":{"line":15,"column":5}},"7":{"start":{"line":12,"column":43},"end":{"line":12,"column":87}},"8":{"start":{"line":13,"column":39},"end":{"line":13,"column":92}},"9":{"start":{"line":18,"column":27},"end":{"line":29,"column":7}},"10":{"start":{"line":18,"column":46},"end":{"line":29,"column":5}},"11":{"start":{"line":31,"column":4},"end":{"line":34,"column":7}},"12":{"start":{"line":38,"column":0},"end":{"line":60,"column":3}},"13":{"start":{"line":39,"column":23},"end":{"line":39,"column":33}},"14":{"start":{"line":40,"column":21},"end":{"line":40,"column":29}},"15":{"start":{"line":42,"column":4},"end":{"line":44,"column":5}},"16":{"start":{"line":43,"column":8},"end":{"line":43,"column":63}},"17":{"start":{"line":46,"column":17},"end":{"line":46,"column":41}},"18":{"start":{"line":47,"column":4},"end":{"line":49,"column":5}},"19":{"start":{"line":48,"column":8},"end":{"line":48,"column":65}},"20":{"start":{"line":52,"column":4},"end":{"line":54,"column":5}},"21":{"start":{"line":53,"column":8},"end":{"line":53,"column":78}},"22":{"start":{"line":56,"column":4},"end":{"line":56,"column":21}},"23":{"start":{"line":57,"column":4},"end":{"line":57,"column":35}},"24":{"start":{"line":59,"column":4},"end":{"line":59,"column":70}},"25":{"start":{"line":63,"column":0},"end":{"line":76,"column":3}},"26":{"start":{"line":64,"column":23},"end":{"line":64,"column":33}},"27":{"start":{"line":66,"column":17},"end":{"line":66,"column":41}},"28":{"start":{"line":67,"column":4},"end":{"line":69,"column":5}},"29":{"start":{"line":68,"column":8},"end":{"line":68,"column":65}},"30":{"start":{"line":71,"column":4},"end":{"line":71,"column":28}},"31":{"start":{"line":72,"column":4},"end":{"line":72,"column":26}},"32":{"start":{"line":73,"column":4},"end":{"line":73,"column":35}},"33":{"start":{"line":75,"column":4},"end":{"line":75,"column":71}},"34":{"start":{"line":79,"column":0},"end":{"line":143,"column":3}},"35":{"start":{"line":80,"column":22},"end":{"line":102,"column":5}},"36":{"start":{"line":104,"column":18},"end":{"line":104,"column":19}},"37":{"start":{"line":106,"column":4},"end":{"line":140,"column":5}},"38":{"start":{"line":108,"column":21},"end":{"line":108,"column":26}},"39":{"start":{"line":109,"column":8},"end":{"line":114,"column":9}},"40":{"start":{"line":110,"column":12},"end":{"line":113,"column":13}},"41":{"start":{"line":111,"column":16},"end":{"line":111,"column":30}},"42":{"start":{"line":112,"column":16},"end":{"line":112,"column":22}},"43":{"start":{"line":116,"column":8},"end":{"line":139,"column":9}},"44":{"start":{"line":117,"column":33},"end":{"line":117,"column":73}},"45":{"start":{"line":118,"column":27},"end":{"line":118,"column":90}},"46":{"start":{"line":120,"column":25},"end":{"line":135,"column":13}},"47":{"start":{"line":137,"column":12},"end":{"line":137,"column":43}},"48":{"start":{"line":138,"column":12},"end":{"line":138,"column":22}},"49":{"start":{"line":142,"column":4},"end":{"line":142,"column":83}},"50":{"start":{"line":146,"column":0},"end":{"line":166,"column":3}},"51":{"start":{"line":147,"column":18},"end":{"line":147,"column":51}},"52":{"start":{"line":149,"column":4},"end":{"line":165,"column":7}},"53":{"start":{"line":153,"column":41},"end":{"line":153,"column":59}},"54":{"start":{"line":154,"column":45},"end":{"line":154,"column":67}},"55":{"start":{"line":155,"column":40},"end":{"line":155,"column":57}},"56":{"start":{"line":157,"column":38},"end":{"line":157,"column":91}},"57":{"start":{"line":158,"column":38},"end":{"line":158,"column":56}},"58":{"start":{"line":168,"column":0},"end":{"line":168,"column":24}}},"fnMap":{"0":{"name":"(anonymous_0)","decl":{"start":{"line":7,"column":40},"end":{"line":7,"column":41}},"loc":{"start":{"line":7,"column":54},"end":{"line":35,"column":1}},"line":7},"1":{"name":"(anonymous_1)","decl":{"start":{"line":12,"column":38},"end":{"line":12,"column":39}},"loc":{"start":{"line":12,"column":43},"end":{"line":12,"column":87}},"line":12},"2":{"name":"(anonymous_2)","decl":{"start":{"line":13,"column":34},"end":{"line":13,"column":35}},"loc":{"start":{"line":13,"column":39},"end":{"line":13,"column":92}},"line":13},"3":{"name":"(anonymous_3)","decl":{"start":{"line":18,"column":37},"end":{"line":18,"column":38}},"loc":{"start":{"line":18,"column":46},"end":{"line":29,"column":5}},"line":18},"4":{"name":"(anonymous_4)","decl":{"start":{"line":38,"column":53},"end":{"line":38,"column":54}},"loc":{"start":{"line":38,"column":67},"end":{"line":60,"column":1}},"line":38},"5":{"name":"(anonymous_5)","decl":{"start":{"line":63,"column":55},"end":{"line":63,"column":56}},"loc":{"start":{"line":63,"column":69},"end":{"line":76,"column":1}},"line":63},"6":{"name":"(anonymous_6)","decl":{"start":{"line":79,"column":53},"end":{"line":79,"column":54}},"loc":{"start":{"line":79,"column":73},"end":{"line":143,"column":1}},"line":79},"7":{"name":"(anonymous_7)","decl":{"start":{"line":146,"column":40},"end":{"line":146,"column":41}},"loc":{"start":{"line":146,"column":54},"end":{"line":166,"column":1}},"line":146},"8":{"name":"(anonymous_8)","decl":{"start":{"line":153,"column":36},"end":{"line":153,"column":37}},"loc":{"start":{"line":153,"column":41},"end":{"line":153,"column":59}},"line":153},"9":{"name":"(anonymous_9)","decl":{"start":{"line":154,"column":40},"end":{"line":154,"column":41}},"loc":{"start":{"line":154,"column":45},"end":{"line":154,"column":67}},"line":154},"10":{"name":"(anonymous_10)","decl":{"start":{"line":155,"column":35},"end":{"line":155,"column":36}},"loc":{"start":{"line":155,"column":40},"end":{"line":155,"column":57}},"line":155},"11":{"name":"(anonymous_11)","decl":{"start":{"line":157,"column":33},"end":{"line":157,"column":34}},"loc":{"start":{"line":157,"column":38},"end":{"line":157,"column":91}},"line":157},"12":{"name":"(anonymous_12)","decl":{"start":{"line":158,"column":33},"end":{"line":158,"column":34}},"loc":{"start":{"line":158,"column":38},"end":{"line":158,"column":56}},"line":158}},"branchMap":{"0":{"loc":{"start":{"line":12,"column":43},"end":{"line":12,"column":87}},"type":"binary-expr","locations":[{"start":{"line":12,"column":43},"end":{"line":12,"column":65}},{"start":{"line":12,"column":69},"end":{"line":12,"column":87}}],"line":12},"1":{"loc":{"start":{"line":13,"column":39},"end":{"line":13,"column":92}},"type":"binary-expr","locations":[{"start":{"line":13,"column":39},"end":{"line":13,"column":52}},{"start":{"line":13,"column":56},"end":{"line":13,"column":92}}],"line":13},"2":{"loc":{"start":{"line":42,"column":4},"end":{"line":44,"column":5}},"type":"if","locations":[{"start":{"line":42,"column":4},"end":{"line":44,"column":5}},{"start":{},"end":{}}],"line":42},"3":{"loc":{"start":{"line":47,"column":4},"end":{"line":49,"column":5}},"type":"if","locations":[{"start":{"line":47,"column":4},"end":{"line":49,"column":5}},{"start":{},"end":{}}],"line":47},"4":{"loc":{"start":{"line":52,"column":4},"end":{"line":54,"column":5}},"type":"if","locations":[{"start":{"line":52,"column":4},"end":{"line":54,"column":5}},{"start":{},"end":{}}],"line":52},"5":{"loc":{"start":{"line":67,"column":4},"end":{"line":69,"column":5}},"type":"if","locations":[{"start":{"line":67,"column":4},"end":{"line":69,"column":5}},{"start":{},"end":{}}],"line":67},"6":{"loc":{"start":{"line":110,"column":12},"end":{"line":113,"column":13}},"type":"if","locations":[{"start":{"line":110,"column":12},"end":{"line":113,"column":13}},{"start":{},"end":{}}],"line":110},"7":{"loc":{"start":{"line":116,"column":8},"end":{"line":139,"column":9}},"type":"if","locations":[{"start":{"line":116,"column":8},"end":{"line":139,"column":9}},{"start":{},"end":{}}],"line":116},"8":{"loc":{"start":{"line":157,"column":38},"end":{"line":157,"column":91}},"type":"binary-expr","locations":[{"start":{"line":157,"column":38},"end":{"line":157,"column":51}},{"start":{"line":157,"column":55},"end":{"line":157,"column":91}}],"line":157}},"s":{"0":0,"1":0,"2":0,"3":0,"4":0,"5":0,"6":0,"7":0,"8":0,"9":0,"10":0,"11":0,"12":0,"13":0,"14":0,"15":0,"16":0,"17":0,"18":0,"19":0,"20":0,"21":0,"22":0,"23":0,"24":0,"25":0,"26":0,"27":0,"28":0,"29":0,"30":0,"31":0,"32":0,"33":0,"34":0,"35":0,"36":0,"37":0,"38":0,"39":0,"40":0,"41":0,"42":0,"43":0,"44":0,"45":0,"46":0,"47":0,"48":0,"49":0,"50":0,"51":0,"52":0,"53":0,"54":0,"55":0,"56":0,"57":0,"58":0},"f":{"0":0,"1":0,"2":0,"3":0,"4":0,"5":0,"6":0,"7":0,"8":0,"9":0,"10":0,"11":0,"12":0},"b":{"0":[0,0],"1":[0,0],"2":[0,0],"3":[0,0],"4":[0,0],"5":[0,0],"6":[0,0],"7":[0,0],"8":[0,0]}}
,"/home/terry/Desktop/finding-sports/mockup/backend/routes/api-v2.js": {"path":"/home/terry/Desktop/finding-sports/mockup/backend/routes/api-v2.js","statementMap":{"0":{"start":{"line":1,"column":16},"end":{"line":1,"column":34}},"1":{"start":{"line":2,"column":15},"end":{"line":2,"column":31}},"2":{"start":{"line":3,"column":49},"end":{"line":3,"column":78}},"3":{"start":{"line":4,"column":34},"end":{"line":4,"column":79}},"4":{"start":{"line":5,"column":47},"end":{"line":5,"column":90}},"5":{"start":{"line":6,"column":45},"end":{"line":6,"column":85}},"6":{"start":{"line":9,"column":14},"end":{"line":9,"column":24}},"7":{"start":{"line":10,"column":27},"end":{"line":10,"column":50}},"8":{"start":{"line":11,"column":14},"end":{"line":11,"column":35}},"9":{"start":{"line":24,"column":0},"end":{"line":136,"column":3}},"10":{"start":{"line":25,"column":2},"end":{"line":135,"column":3}},"11":{"start":{"line":34,"column":8},"end":{"line":34,"column":17}},"12":{"start":{"line":37,"column":21},"end":{"line":37,"column":124}},"13":{"start":{"line":40,"column":4},"end":{"line":57,"column":5}},"14":{"start":{"line":41,"column":21},"end":{"line":44,"column":8}},"15":{"start":{"line":46,"column":6},"end":{"line":56,"column":7}},"16":{"start":{"line":47,"column":8},"end":{"line":55,"column":11}},"17":{"start":{"line":60,"column":22},"end":{"line":60,"column":32}},"18":{"start":{"line":61,"column":19},"end":{"line":65,"column":6}},"19":{"start":{"line":68,"column":16},"end":{"line":68,"column":28}},"20":{"start":{"line":71,"column":4},"end":{"line":77,"column":5}},"21":{"start":{"line":72,"column":25},"end":{"line":72,"column":39}},"22":{"start":{"line":73,"column":6},"end":{"line":76,"column":9}},"23":{"start":{"line":74,"column":25},"end":{"line":74,"column":49}},"24":{"start":{"line":75,"column":8},"end":{"line":75,"column":69}},"25":{"start":{"line":80,"column":4},"end":{"line":82,"column":5}},"26":{"start":{"line":81,"column":6},"end":{"line":81,"column":81}},"27":{"start":{"line":81,"column":35},"end":{"line":81,"column":79}},"28":{"start":{"line":85,"column":4},"end":{"line":97,"column":5}},"29":{"start":{"line":86,"column":27},"end":{"line":86,"column":40}},"30":{"start":{"line":87,"column":6},"end":{"line":96,"column":9}},"31":{"start":{"line":88,"column":8},"end":{"line":88,"column":51}},"32":{"start":{"line":88,"column":38},"end":{"line":88,"column":51}},"33":{"start":{"line":89,"column":25},"end":{"line":94,"column":9}},"34":{"start":{"line":95,"column":8},"end":{"line":95,"column":40}},"35":{"start":{"line":100,"column":4},"end":{"line":100,"column":72}},"36":{"start":{"line":100,"column":25},"end":{"line":100,"column":70}},"37":{"start":{"line":103,"column":21},"end":{"line":117,"column":5}},"38":{"start":{"line":120,"column":4},"end":{"line":125,"column":7}},"39":{"start":{"line":127,"column":4},"end":{"line":127,"column":23}},"40":{"start":{"line":130,"column":4},"end":{"line":130,"column":45}},"41":{"start":{"line":131,"column":4},"end":{"line":134,"column":7}},"42":{"start":{"line":145,"column":0},"end":{"line":195,"column":3}},"43":{"start":{"line":146,"column":2},"end":{"line":194,"column":3}},"44":{"start":{"line":147,"column":36},"end":{"line":147,"column":45}},"45":{"start":{"line":149,"column":18},"end":{"line":149,"column":65}},"46":{"start":{"line":152,"column":4},"end":{"line":154,"column":5}},"47":{"start":{"line":153,"column":6},"end":{"line":153,"column":67}},"48":{"start":{"line":153,"column":36},"end":{"line":153,"column":65}},"49":{"start":{"line":156,"column":4},"end":{"line":158,"column":5}},"50":{"start":{"line":157,"column":6},"end":{"line":157,"column":81}},"51":{"start":{"line":157,"column":36},"end":{"line":157,"column":79}},"52":{"start":{"line":160,"column":4},"end":{"line":162,"column":5}},"53":{"start":{"line":161,"column":6},"end":{"line":161,"column":60}},"54":{"start":{"line":161,"column":36},"end":{"line":161,"column":58}},"55":{"start":{"line":165,"column":4},"end":{"line":165,"column":58}},"56":{"start":{"line":165,"column":27},"end":{"line":165,"column":56}},"57":{"start":{"line":168,"column":20},"end":{"line":178,"column":7}},"58":{"start":{"line":168,"column":38},"end":{"line":178,"column":5}},"59":{"start":{"line":180,"column":4},"end":{"line":186,"column":7}},"60":{"start":{"line":189,"column":4},"end":{"line":189,"column":47}},"61":{"start":{"line":190,"column":4},"end":{"line":193,"column":7}},"62":{"start":{"line":205,"column":0},"end":{"line":240,"column":3}},"63":{"start":{"line":206,"column":2},"end":{"line":239,"column":3}},"64":{"start":{"line":207,"column":43},"end":{"line":207,"column":51}},"65":{"start":{"line":209,"column":4},"end":{"line":211,"column":5}},"66":{"start":{"line":210,"column":6},"end":{"line":210,"column":64}},"67":{"start":{"line":214,"column":28},"end":{"line":218,"column":6}},"68":{"start":{"line":220,"column":4},"end":{"line":225,"column":5}},"69":{"start":{"line":221,"column":6},"end":{"line":224,"column":9}},"70":{"start":{"line":227,"column":4},"end":{"line":231,"column":7}},"71":{"start":{"line":234,"column":4},"end":{"line":234,"column":49}},"72":{"start":{"line":235,"column":4},"end":{"line":238,"column":7}},"73":{"start":{"line":245,"column":0},"end":{"line":271,"column":3}},"74":{"start":{"line":246,"column":2},"end":{"line":270,"column":3}},"75":{"start":{"line":247,"column":23},"end":{"line":247,"column":33}},"76":{"start":{"line":248,"column":19},"end":{"line":248,"column":55}},"77":{"start":{"line":250,"column":4},"end":{"line":252,"column":5}},"78":{"start":{"line":251,"column":6},"end":{"line":251,"column":65}},"79":{"start":{"line":254,"column":4},"end":{"line":262,"column":7}},"80":{"start":{"line":265,"column":4},"end":{"line":265,"column":53}},"81":{"start":{"line":266,"column":4},"end":{"line":269,"column":7}},"82":{"start":{"line":277,"column":0},"end":{"line":296,"column":3}},"83":{"start":{"line":278,"column":2},"end":{"line":295,"column":3}},"84":{"start":{"line":279,"column":23},"end":{"line":279,"column":33}},"85":{"start":{"line":281,"column":20},"end":{"line":281,"column":67}},"86":{"start":{"line":283,"column":4},"end":{"line":287,"column":7}},"87":{"start":{"line":290,"column":4},"end":{"line":290,"column":50}},"88":{"start":{"line":291,"column":4},"end":{"line":294,"column":7}},"89":{"start":{"line":301,"column":0},"end":{"line":312,"column":3}},"90":{"start":{"line":302,"column":2},"end":{"line":311,"column":3}},"91":{"start":{"line":303,"column":18},"end":{"line":303,"column":34}},"92":{"start":{"line":304,"column":4},"end":{"line":304,"column":20}},"93":{"start":{"line":306,"column":4},"end":{"line":306,"column":51}},"94":{"start":{"line":307,"column":4},"end":{"line":310,"column":7}},"95":{"start":{"line":321,"column":0},"end":{"line":344,"column":3}},"96":{"start":{"line":322,"column":2},"end":{"line":343,"column":3}},"97":{"start":{"line":323,"column":41},"end":{"line":323,"column":49}},"98":{"start":{"line":325,"column":24},"end":{"line":329,"column":6}},"99":{"start":{"line":331,"column":4},"end":{"line":335,"column":7}},"100":{"start":{"line":338,"column":4},"end":{"line":338,"column":58}},"101":{"start":{"line":339,"column":4},"end":{"line":342,"column":7}},"102":{"start":{"line":350,"column":0},"end":{"line":386,"column":3}},"103":{"start":{"line":351,"column":2},"end":{"line":385,"column":3}},"104":{"start":{"line":353,"column":24},"end":{"line":369,"column":5}},"105":{"start":{"line":356,"column":23},"end":{"line":356,"column":99}},"106":{"start":{"line":361,"column":23},"end":{"line":361,"column":95}},"107":{"start":{"line":366,"column":23},"end":{"line":366,"column":54}},"108":{"start":{"line":371,"column":19},"end":{"line":371,"column":50}},"109":{"start":{"line":373,"column":4},"end":{"line":377,"column":7}},"110":{"start":{"line":380,"column":4},"end":{"line":380,"column":52}},"111":{"start":{"line":381,"column":4},"end":{"line":384,"column":7}},"112":{"start":{"line":391,"column":0},"end":{"line":416,"column":3}},"113":{"start":{"line":392,"column":2},"end":{"line":415,"column":3}},"114":{"start":{"line":393,"column":23},"end":{"line":393,"column":39}},"115":{"start":{"line":394,"column":23},"end":{"line":394,"column":39}},"116":{"start":{"line":395,"column":25},"end":{"line":395,"column":54}},"117":{"start":{"line":397,"column":4},"end":{"line":407,"column":7}},"118":{"start":{"line":410,"column":4},"end":{"line":410,"column":52}},"119":{"start":{"line":411,"column":4},"end":{"line":414,"column":7}},"120":{"start":{"line":422,"column":0},"end":{"line":447,"column":3}},"121":{"start":{"line":423,"column":2},"end":{"line":446,"column":3}},"122":{"start":{"line":424,"column":44},"end":{"line":424,"column":52}},"123":{"start":{"line":426,"column":22},"end":{"line":426,"column":32}},"124":{"start":{"line":427,"column":19},"end":{"line":430,"column":6}},"125":{"start":{"line":432,"column":4},"end":{"line":438,"column":7}},"126":{"start":{"line":441,"column":4},"end":{"line":441,"column":57}},"127":{"start":{"line":442,"column":4},"end":{"line":445,"column":7}},"128":{"start":{"line":452,"column":0},"end":{"line":480,"column":3}},"129":{"start":{"line":453,"column":2},"end":{"line":479,"column":3}},"130":{"start":{"line":455,"column":19},"end":{"line":455,"column":28}},"131":{"start":{"line":457,"column":4},"end":{"line":461,"column":5}},"132":{"start":{"line":458,"column":6},"end":{"line":460,"column":7}},"133":{"start":{"line":459,"column":8},"end":{"line":459,"column":33}},"134":{"start":{"line":464,"column":4},"end":{"line":464,"column":103}},"135":{"start":{"line":464,"column":88},"end":{"line":464,"column":101}},"136":{"start":{"line":466,"column":4},"end":{"line":471,"column":7}},"137":{"start":{"line":474,"column":4},"end":{"line":474,"column":46}},"138":{"start":{"line":475,"column":4},"end":{"line":478,"column":7}},"139":{"start":{"line":484,"column":12},"end":{"line":484,"column":18}},"140":{"start":{"line":485,"column":13},"end":{"line":485,"column":35}},"141":{"start":{"line":486,"column":13},"end":{"line":486,"column":35}},"142":{"start":{"line":487,"column":13},"end":{"line":487,"column":44}},"143":{"start":{"line":488,"column":13},"end":{"line":488,"column":44}},"144":{"start":{"line":490,"column":12},"end":{"line":492,"column":49}},"145":{"start":{"line":493,"column":12},"end":{"line":493,"column":58}},"146":{"start":{"line":495,"column":2},"end":{"line":495,"column":15}},"147":{"start":{"line":498,"column":0},"end":{"line":498,"column":24}}},"fnMap":{"0":{"name":"(anonymous_0)","decl":{"start":{"line":24,"column":21},"end":{"line":24,"column":22}},"loc":{"start":{"line":24,"column":41},"end":{"line":136,"column":1}},"line":24},"1":{"name":"(anonymous_1)","decl":{"start":{"line":73,"column":27},"end":{"line":73,"column":28}},"loc":{"start":{"line":73,"column":35},"end":{"line":76,"column":7}},"line":73},"2":{"name":"(anonymous_2)","decl":{"start":{"line":81,"column":27},"end":{"line":81,"column":28}},"loc":{"start":{"line":81,"column":35},"end":{"line":81,"column":79}},"line":81},"3":{"name":"(anonymous_3)","decl":{"start":{"line":87,"column":27},"end":{"line":87,"column":28}},"loc":{"start":{"line":87,"column":35},"end":{"line":96,"column":7}},"line":87},"4":{"name":"(anonymous_4)","decl":{"start":{"line":100,"column":15},"end":{"line":100,"column":16}},"loc":{"start":{"line":100,"column":25},"end":{"line":100,"column":70}},"line":100},"5":{"name":"(anonymous_5)","decl":{"start":{"line":145,"column":23},"end":{"line":145,"column":24}},"loc":{"start":{"line":145,"column":43},"end":{"line":195,"column":1}},"line":145},"6":{"name":"(anonymous_6)","decl":{"start":{"line":153,"column":31},"end":{"line":153,"column":32}},"loc":{"start":{"line":153,"column":36},"end":{"line":153,"column":65}},"line":153},"7":{"name":"(anonymous_7)","decl":{"start":{"line":157,"column":31},"end":{"line":157,"column":32}},"loc":{"start":{"line":157,"column":36},"end":{"line":157,"column":79}},"line":157},"8":{"name":"(anonymous_8)","decl":{"start":{"line":161,"column":31},"end":{"line":161,"column":32}},"loc":{"start":{"line":161,"column":36},"end":{"line":161,"column":58}},"line":161},"9":{"name":"(anonymous_9)","decl":{"start":{"line":165,"column":17},"end":{"line":165,"column":18}},"loc":{"start":{"line":165,"column":27},"end":{"line":165,"column":56}},"line":165},"10":{"name":"(anonymous_10)","decl":{"start":{"line":168,"column":32},"end":{"line":168,"column":33}},"loc":{"start":{"line":168,"column":38},"end":{"line":178,"column":5}},"line":168},"11":{"name":"(anonymous_11)","decl":{"start":{"line":205,"column":52},"end":{"line":205,"column":53}},"loc":{"start":{"line":205,"column":72},"end":{"line":240,"column":1}},"line":205},"12":{"name":"(anonymous_12)","decl":{"start":{"line":245,"column":31},"end":{"line":245,"column":32}},"loc":{"start":{"line":245,"column":51},"end":{"line":271,"column":1}},"line":245},"13":{"name":"(anonymous_13)","decl":{"start":{"line":277,"column":60},"end":{"line":277,"column":61}},"loc":{"start":{"line":277,"column":80},"end":{"line":296,"column":1}},"line":277},"14":{"name":"(anonymous_14)","decl":{"start":{"line":301,"column":27},"end":{"line":301,"column":28}},"loc":{"start":{"line":301,"column":47},"end":{"line":312,"column":1}},"line":301},"15":{"name":"(anonymous_15)","decl":{"start":{"line":321,"column":52},"end":{"line":321,"column":53}},"loc":{"start":{"line":321,"column":72},"end":{"line":344,"column":1}},"line":321},"16":{"name":"(anonymous_16)","decl":{"start":{"line":350,"column":46},"end":{"line":350,"column":47}},"loc":{"start":{"line":350,"column":66},"end":{"line":386,"column":1}},"line":350},"17":{"name":"(anonymous_17)","decl":{"start":{"line":356,"column":17},"end":{"line":356,"column":18}},"loc":{"start":{"line":356,"column":23},"end":{"line":356,"column":99}},"line":356},"18":{"name":"(anonymous_18)","decl":{"start":{"line":361,"column":17},"end":{"line":361,"column":18}},"loc":{"start":{"line":361,"column":23},"end":{"line":361,"column":95}},"line":361},"19":{"name":"(anonymous_19)","decl":{"start":{"line":366,"column":17},"end":{"line":366,"column":18}},"loc":{"start":{"line":366,"column":23},"end":{"line":366,"column":54}},"line":366},"20":{"name":"(anonymous_20)","decl":{"start":{"line":391,"column":28},"end":{"line":391,"column":29}},"loc":{"start":{"line":391,"column":48},"end":{"line":416,"column":1}},"line":391},"21":{"name":"(anonymous_21)","decl":{"start":{"line":422,"column":49},"end":{"line":422,"column":50}},"loc":{"start":{"line":422,"column":69},"end":{"line":447,"column":1}},"line":422},"22":{"name":"(anonymous_22)","decl":{"start":{"line":452,"column":22},"end":{"line":452,"column":23}},"loc":{"start":{"line":452,"column":42},"end":{"line":480,"column":1}},"line":452},"23":{"name":"(anonymous_23)","decl":{"start":{"line":464,"column":83},"end":{"line":464,"column":84}},"loc":{"start":{"line":464,"column":88},"end":{"line":464,"column":101}},"line":464},"24":{"name":"calculateDistance","decl":{"start":{"line":483,"column":9},"end":{"line":483,"column":26}},"loc":{"start":{"line":483,"column":51},"end":{"line":496,"column":1}},"line":483}},"branchMap":{"0":{"loc":{"start":{"line":30,"column":6},"end":{"line":30,"column":17}},"type":"default-arg","locations":[{"start":{"line":30,"column":15},"end":{"line":30,"column":17}}],"line":30},"1":{"loc":{"start":{"line":33,"column":6},"end":{"line":33,"column":19}},"type":"default-arg","locations":[{"start":{"line":33,"column":14},"end":{"line":33,"column":19}}],"line":33},"2":{"loc":{"start":{"line":37,"column":30},"end":{"line":37,"column":44}},"type":"binary-expr","locations":[{"start":{"line":37,"column":30},"end":{"line":37,"column":35}},{"start":{"line":37,"column":39},"end":{"line":37,"column":44}}],"line":37},"3":{"loc":{"start":{"line":37,"column":48},"end":{"line":37,"column":60}},"type":"binary-expr","locations":[{"start":{"line":37,"column":48},"end":{"line":37,"column":51}},{"start":{"line":37,"column":55},"end":{"line":37,"column":60}}],"line":37},"4":{"loc":{"start":{"line":37,"column":64},"end":{"line":37,"column":76}},"type":"binary-expr","locations":[{"start":{"line":37,"column":64},"end":{"line":37,"column":67}},{"start":{"line":37,"column":71},"end":{"line":37,"column":76}}],"line":37},"5":{"loc":{"start":{"line":37,"column":90},"end":{"line":37,"column":105}},"type":"binary-expr","locations":[{"start":{"line":37,"column":90},"end":{"line":37,"column":94}},{"start":{"line":37,"column":98},"end":{"line":37,"column":105}}],"line":37},"6":{"loc":{"start":{"line":37,"column":109},"end":{"line":37,"column":122}},"type":"binary-expr","locations":[{"start":{"line":37,"column":109},"end":{"line":37,"column":113}},{"start":{"line":37,"column":117},"end":{"line":37,"column":122}}],"line":37},"7":{"loc":{"start":{"line":40,"column":4},"end":{"line":57,"column":5}},"type":"if","locations":[{"start":{"line":40,"column":4},"end":{"line":57,"column":5}},{"start":{},"end":{}}],"line":40},"8":{"loc":{"start":{"line":46,"column":6},"end":{"line":56,"column":7}},"type":"if","locations":[{"start":{"line":46,"column":6},"end":{"line":56,"column":7}},{"start":{},"end":{}}],"line":46},"9":{"loc":{"start":{"line":62,"column":14},"end":{"line":62,"column":34}},"type":"cond-expr","locations":[{"start":{"line":62,"column":22},"end":{"line":62,"column":29}},{"start":{"line":62,"column":32},"end":{"line":62,"column":34}}],"line":62},"10":{"loc":{"start":{"line":71,"column":4},"end":{"line":77,"column":5}},"type":"if","locations":[{"start":{"line":71,"column":4},"end":{"line":77,"column":5}},{"start":{},"end":{}}],"line":71},"11":{"loc":{"start":{"line":80,"column":4},"end":{"line":82,"column":5}},"type":"if","locations":[{"start":{"line":80,"column":4},"end":{"line":82,"column":5}},{"start":{},"end":{}}],"line":80},"12":{"loc":{"start":{"line":81,"column":35},"end":{"line":81,"column":79}},"type":"binary-expr","locations":[{"start":{"line":81,"column":35},"end":{"line":81,"column":53}},{"start":{"line":81,"column":57},"end":{"line":81,"column":79}}],"line":81},"13":{"loc":{"start":{"line":85,"column":4},"end":{"line":97,"column":5}},"type":"if","locations":[{"start":{"line":85,"column":4},"end":{"line":97,"column":5}},{"start":{},"end":{}}],"line":85},"14":{"loc":{"start":{"line":85,"column":8},"end":{"line":85,"column":18}},"type":"binary-expr","locations":[{"start":{"line":85,"column":8},"end":{"line":85,"column":11}},{"start":{"line":85,"column":15},"end":{"line":85,"column":18}}],"line":85},"15":{"loc":{"start":{"line":88,"column":8},"end":{"line":88,"column":51}},"type":"if","locations":[{"start":{"line":88,"column":8},"end":{"line":88,"column":51}},{"start":{},"end":{}}],"line":88},"16":{"loc":{"start":{"line":112,"column":20},"end":{"line":112,"column":60}},"type":"cond-expr","locations":[{"start":{"line":112,"column":33},"end":{"line":112,"column":53}},{"start":{"line":112,"column":56},"end":{"line":112,"column":60}}],"line":112},"17":{"loc":{"start":{"line":112,"column":20},"end":{"line":112,"column":30}},"type":"binary-expr","locations":[{"start":{"line":112,"column":20},"end":{"line":112,"column":23}},{"start":{"line":112,"column":27},"end":{"line":112,"column":30}}],"line":112},"18":{"loc":{"start":{"line":122,"column":16},"end":{"line":122,"column":31}},"type":"binary-expr","locations":[{"start":{"line":122,"column":16},"end":{"line":122,"column":20}},{"start":{"line":122,"column":24},"end":{"line":122,"column":31}}],"line":122},"19":{"loc":{"start":{"line":152,"column":4},"end":{"line":154,"column":5}},"type":"if","locations":[{"start":{"line":152,"column":4},"end":{"line":154,"column":5}},{"start":{},"end":{}}],"line":152},"20":{"loc":{"start":{"line":156,"column":4},"end":{"line":158,"column":5}},"type":"if","locations":[{"start":{"line":156,"column":4},"end":{"line":158,"column":5}},{"start":{},"end":{}}],"line":156},"21":{"loc":{"start":{"line":157,"column":36},"end":{"line":157,"column":79}},"type":"binary-expr","locations":[{"start":{"line":157,"column":36},"end":{"line":157,"column":53}},{"start":{"line":157,"column":57},"end":{"line":157,"column":79}}],"line":157},"22":{"loc":{"start":{"line":160,"column":4},"end":{"line":162,"column":5}},"type":"if","locations":[{"start":{"line":160,"column":4},"end":{"line":162,"column":5}},{"start":{},"end":{}}],"line":160},"23":{"loc":{"start":{"line":209,"column":4},"end":{"line":211,"column":5}},"type":"if","locations":[{"start":{"line":209,"column":4},"end":{"line":211,"column":5}},{"start":{},"end":{}}],"line":209},"24":{"loc":{"start":{"line":220,"column":4},"end":{"line":225,"column":5}},"type":"if","locations":[{"start":{"line":220,"column":4},"end":{"line":225,"column":5}},{"start":{},"end":{}}],"line":220},"25":{"loc":{"start":{"line":250,"column":4},"end":{"line":252,"column":5}},"type":"if","locations":[{"start":{"line":250,"column":4},"end":{"line":252,"column":5}},{"start":{},"end":{}}],"line":250},"26":{"loc":{"start":{"line":424,"column":20},"end":{"line":424,"column":39}},"type":"default-arg","locations":[{"start":{"line":424,"column":35},"end":{"line":424,"column":39}}],"line":424},"27":{"loc":{"start":{"line":458,"column":6},"end":{"line":460,"column":7}},"type":"if","locations":[{"start":{"line":458,"column":6},"end":{"line":460,"column":7}},{"start":{},"end":{}}],"line":458},"28":{"loc":{"start":{"line":458,"column":10},"end":{"line":458,"column":53}},"type":"binary-expr","locations":[{"start":{"line":458,"column":10},"end":{"line":458,"column":22}},{"start":{"line":458,"column":26},"end":{"line":458,"column":53}}],"line":458}},"s":{"0":0,"1":0,"2":0,"3":0,"4":0,"5":0,"6":0,"7":0,"8":0,"9":0,"10":0,"11":0,"12":0,"13":0,"14":0,"15":0,"16":0,"17":0,"18":0,"19":0,"20":0,"21":0,"22":0,"23":0,"24":0,"25":0,"26":0,"27":0,"28":0,"29":0,"30":0,"31":0,"32":0,"33":0,"34":0,"35":0,"36":0,"37":0,"38":0,"39":0,"40":0,"41":0,"42":0,"43":0,"44":0,"45":0,"46":0,"47":0,"48":0,"49":0,"50":0,"51":0,"52":0,"53":0,"54":0,"55":0,"56":0,"57":0,"58":0,"59":0,"60":0,"61":0,"62":0,"63":0,"64":0,"65":0,"66":0,"67":0,"68":0,"69":0,"70":0,"71":0,"72":0,"73":0,"74":0,"75":0,"76":0,"77":0,"78":0,"79":0,"80":0,"81":0,"82":0,"83":0,"84":0,"85":0,"86":0,"87":0,"88":0,"89":0,"90":0,"91":0,"92":0,"93":0,"94":0,"95":0,"96":0,"97":0,"98":0,"99":0,"100":0,"101":0,"102":0,"103":0,"104":0,"105":0,"106":0,"107":0,"108":0,"109":0,"110":0,"111":0,"112":0,"113":0,"114":0,"115":0,"116":0,"117":0,"118":0,"119":0,"120":0,"121":0,"122":0,"123":0,"124":0,"125":0,"126":0,"127":0,"128":0,"129":0,"130":0,"131":0,"132":0,"133":0,"134":0,"135":0,"136":0,"137":0,"138":0,"139":0,"140":0,"141":0,"142":0,"143":0,"144":0,"145":0,"146":0,"147":0},"f":{"0":0,"1":0,"2":0,"3":0,"4":0,"5":0,"6":0,"7":0,"8":0,"9":0,"10":0,"11":0,"12":0,"13":0,"14":0,"15":0,"16":0,"17":0,"18":0,"19":0,"20":0,"21":0,"22":0,"23":0,"24":0},"b":{"0":[0],"1":[0],"2":[0,0],"3":[0,0],"4":[0,0],"5":[0,0],"6":[0,0],"7":[0,0],"8":[0,0],"9":[0,0],"10":[0,0],"11":[0,0],"12":[0,0],"13":[0,0],"14":[0,0],"15":[0,0],"16":[0,0],"17":[0,0],"18":[0,0],"19":[0,0],"20":[0,0],"21":[0,0],"22":[0,0],"23":[0,0],"24":[0,0],"25":[0,0],"26":[0],"27":[0,0],"28":[0,0]}}
,"/home/terry/Desktop/finding-sports/mockup/backend/routes/debug-play-now.js": {"path":"/home/terry/Desktop/finding-sports/mockup/backend/routes/debug-play-now.js","statementMap":{"0":{"start":{"line":1,"column":16},"end":{"line":1,"column":34}},"1":{"start":{"line":2,"column":15},"end":{"line":2,"column":31}},"2":{"start":{"line":3,"column":43},"end":{"line":3,"column":82}},"3":{"start":{"line":5,"column":23},"end":{"line":5,"column":42}},"4":{"start":{"line":10,"column":0},"end":{"line":36,"column":3}},"5":{"start":{"line":11,"column":17},"end":{"line":16,"column":3}},"6":{"start":{"line":19,"column":2},"end":{"line":33,"column":3}},"7":{"start":{"line":20,"column":4},"end":{"line":32,"column":7}},"8":{"start":{"line":26,"column":45},"end":{"line":31,"column":7}},"9":{"start":{"line":35,"column":2},"end":{"line":35,"column":19}},"10":{"start":{"line":38,"column":0},"end":{"line":38,"column":24}}},"fnMap":{"0":{"name":"(anonymous_0)","decl":{"start":{"line":10,"column":27},"end":{"line":10,"column":28}},"loc":{"start":{"line":10,"column":41},"end":{"line":36,"column":1}},"line":10},"1":{"name":"(anonymous_1)","decl":{"start":{"line":26,"column":39},"end":{"line":26,"column":40}},"loc":{"start":{"line":26,"column":45},"end":{"line":31,"column":7}},"line":26}},"branchMap":{},"s":{"0":0,"1":0,"2":0,"3":0,"4":0,"5":0,"6":0,"7":0,"8":0,"9":0,"10":0},"f":{"0":0,"1":0},"b":{}}
,"/home/terry/Desktop/finding-sports/mockup/backend/routes/game-chat.js": {"path":"/home/terry/Desktop/finding-sports/mockup/backend/routes/game-chat.js","statementMap":{"0":{"start":{"line":1,"column":16},"end":{"line":1,"column":34}},"1":{"start":{"line":2,"column":15},"end":{"line":2,"column":31}},"2":{"start":{"line":3,"column":24},"end":{"line":3,"column":64}},"3":{"start":{"line":4,"column":30},"end":{"line":4,"column":59}},"4":{"start":{"line":7,"column":0},"end":{"line":22,"column":3}},"5":{"start":{"line":8,"column":2},"end":{"line":21,"column":3}},"6":{"start":{"line":9,"column":23},"end":{"line":9,"column":33}},"7":{"start":{"line":10,"column":17},"end":{"line":10,"column":60}},"8":{"start":{"line":12,"column":4},"end":{"line":14,"column":5}},"9":{"start":{"line":13,"column":6},"end":{"line":13,"column":82}},"10":{"start":{"line":16,"column":21},"end":{"line":16,"column":67}},"11":{"start":{"line":17,"column":4},"end":{"line":17,"column":33}},"12":{"start":{"line":19,"column":4},"end":{"line":19,"column":53}},"13":{"start":{"line":20,"column":4},"end":{"line":20,"column":68}},"14":{"start":{"line":25,"column":0},"end":{"line":58,"column":3}},"15":{"start":{"line":26,"column":2},"end":{"line":57,"column":3}},"16":{"start":{"line":27,"column":23},"end":{"line":27,"column":33}},"17":{"start":{"line":28,"column":19},"end":{"line":28,"column":30}},"18":{"start":{"line":30,"column":15},"end":{"line":30,"column":58}},"19":{"start":{"line":33,"column":4},"end":{"line":44,"column":5}},"20":{"start":{"line":35,"column":19},"end":{"line":41,"column":7}},"21":{"start":{"line":43,"column":6},"end":{"line":43,"column":68}},"22":{"start":{"line":46,"column":19},"end":{"line":46,"column":70}},"23":{"start":{"line":49,"column":4},"end":{"line":51,"column":5}},"24":{"start":{"line":50,"column":6},"end":{"line":50,"column":45}},"25":{"start":{"line":53,"column":4},"end":{"line":53,"column":21}},"26":{"start":{"line":55,"column":4},"end":{"line":55,"column":53}},"27":{"start":{"line":56,"column":4},"end":{"line":56,"column":51}},"28":{"start":{"line":61,"column":0},"end":{"line":83,"column":3}},"29":{"start":{"line":62,"column":2},"end":{"line":82,"column":3}},"30":{"start":{"line":63,"column":23},"end":{"line":63,"column":33}},"31":{"start":{"line":64,"column":19},"end":{"line":64,"column":30}},"32":{"start":{"line":66,"column":17},"end":{"line":66,"column":60}},"33":{"start":{"line":67,"column":4},"end":{"line":69,"column":5}},"34":{"start":{"line":68,"column":6},"end":{"line":68,"column":68}},"35":{"start":{"line":71,"column":19},"end":{"line":71,"column":71}},"36":{"start":{"line":74,"column":4},"end":{"line":76,"column":5}},"37":{"start":{"line":75,"column":6},"end":{"line":75,"column":46}},"38":{"start":{"line":78,"column":4},"end":{"line":78,"column":21}},"39":{"start":{"line":80,"column":4},"end":{"line":80,"column":53}},"40":{"start":{"line":81,"column":4},"end":{"line":81,"column":65}},"41":{"start":{"line":86,"column":0},"end":{"line":113,"column":3}},"42":{"start":{"line":87,"column":2},"end":{"line":112,"column":3}},"43":{"start":{"line":88,"column":23},"end":{"line":88,"column":33}},"44":{"start":{"line":89,"column":35},"end":{"line":89,"column":44}},"45":{"start":{"line":91,"column":17},"end":{"line":91,"column":60}},"46":{"start":{"line":92,"column":4},"end":{"line":94,"column":5}},"47":{"start":{"line":93,"column":6},"end":{"line":93,"column":68}},"48":{"start":{"line":97,"column":21},"end":{"line":97,"column":67}},"49":{"start":{"line":98,"column":4},"end":{"line":100,"column":5}},"50":{"start":{"line":99,"column":6},"end":{"line":99,"column":82}},"51":{"start":{"line":102,"column":21},"end":{"line":106,"column":5}},"52":{"start":{"line":108,"column":4},"end":{"line":108,"column":27}},"53":{"start":{"line":110,"column":4},"end":{"line":110,"column":52}},"54":{"start":{"line":111,"column":4},"end":{"line":111,"column":62}},"55":{"start":{"line":116,"column":0},"end":{"line":154,"column":3}},"56":{"start":{"line":117,"column":2},"end":{"line":153,"column":3}},"57":{"start":{"line":118,"column":23},"end":{"line":118,"column":33}},"58":{"start":{"line":119,"column":41},"end":{"line":119,"column":49}},"59":{"start":{"line":120,"column":19},"end":{"line":120,"column":30}},"60":{"start":{"line":122,"column":4},"end":{"line":124,"column":5}},"61":{"start":{"line":123,"column":6},"end":{"line":123,"column":76}},"62":{"start":{"line":126,"column":4},"end":{"line":128,"column":5}},"63":{"start":{"line":127,"column":6},"end":{"line":127,"column":87}},"64":{"start":{"line":130,"column":17},"end":{"line":130,"column":60}},"65":{"start":{"line":131,"column":4},"end":{"line":133,"column":5}},"66":{"start":{"line":132,"column":6},"end":{"line":132,"column":68}},"67":{"start":{"line":135,"column":20},"end":{"line":140,"column":5}},"68":{"start":{"line":143,"column":4},"end":{"line":147,"column":6}},"69":{"start":{"line":149,"column":4},"end":{"line":149,"column":26}},"70":{"start":{"line":151,"column":4},"end":{"line":151,"column":51}},"71":{"start":{"line":152,"column":4},"end":{"line":152,"column":51}},"72":{"start":{"line":157,"column":0},"end":{"line":174,"column":3}},"73":{"start":{"line":158,"column":2},"end":{"line":173,"column":3}},"74":{"start":{"line":159,"column":34},"end":{"line":159,"column":44}},"75":{"start":{"line":160,"column":19},"end":{"line":160,"column":30}},"76":{"start":{"line":162,"column":17},"end":{"line":162,"column":60}},"77":{"start":{"line":163,"column":4},"end":{"line":165,"column":5}},"78":{"start":{"line":164,"column":6},"end":{"line":164,"column":68}},"79":{"start":{"line":168,"column":19},"end":{"line":168,"column":82}},"80":{"start":{"line":169,"column":4},"end":{"line":169,"column":21}},"81":{"start":{"line":171,"column":4},"end":{"line":171,"column":52}},"82":{"start":{"line":172,"column":4},"end":{"line":172,"column":51}},"83":{"start":{"line":177,"column":0},"end":{"line":210,"column":3}},"84":{"start":{"line":178,"column":2},"end":{"line":209,"column":3}},"85":{"start":{"line":179,"column":23},"end":{"line":179,"column":33}},"86":{"start":{"line":180,"column":75},"end":{"line":180,"column":83}},"87":{"start":{"line":181,"column":23},"end":{"line":181,"column":34}},"88":{"start":{"line":183,"column":4},"end":{"line":185,"column":5}},"89":{"start":{"line":184,"column":6},"end":{"line":184,"column":89}},"90":{"start":{"line":187,"column":17},"end":{"line":187,"column":60}},"91":{"start":{"line":188,"column":4},"end":{"line":190,"column":5}},"92":{"start":{"line":189,"column":6},"end":{"line":189,"column":68}},"93":{"start":{"line":192,"column":19},"end":{"line":199,"column":6}},"94":{"start":{"line":201,"column":4},"end":{"line":205,"column":7}},"95":{"start":{"line":207,"column":4},"end":{"line":207,"column":53}},"96":{"start":{"line":208,"column":4},"end":{"line":208,"column":63}},"97":{"start":{"line":213,"column":0},"end":{"line":252,"column":3}},"98":{"start":{"line":214,"column":2},"end":{"line":251,"column":3}},"99":{"start":{"line":216,"column":24},"end":{"line":216,"column":82}},"100":{"start":{"line":217,"column":4},"end":{"line":219,"column":5}},"101":{"start":{"line":218,"column":6},"end":{"line":218,"column":61}},"102":{"start":{"line":221,"column":23},"end":{"line":221,"column":33}},"103":{"start":{"line":222,"column":66},"end":{"line":222,"column":74}},"104":{"start":{"line":223,"column":24},"end":{"line":223,"column":35}},"105":{"start":{"line":225,"column":4},"end":{"line":227,"column":5}},"106":{"start":{"line":226,"column":6},"end":{"line":226,"column":98}},"107":{"start":{"line":229,"column":17},"end":{"line":229,"column":60}},"108":{"start":{"line":230,"column":4},"end":{"line":232,"column":5}},"109":{"start":{"line":231,"column":6},"end":{"line":231,"column":68}},"110":{"start":{"line":234,"column":19},"end":{"line":241,"column":6}},"111":{"start":{"line":243,"column":4},"end":{"line":247,"column":7}},"112":{"start":{"line":249,"column":4},"end":{"line":249,"column":51}},"113":{"start":{"line":250,"column":4},"end":{"line":250,"column":63}},"114":{"start":{"line":255,"column":0},"end":{"line":269,"column":3}},"115":{"start":{"line":256,"column":2},"end":{"line":268,"column":3}},"116":{"start":{"line":258,"column":20},"end":{"line":258,"column":45}},"117":{"start":{"line":259,"column":4},"end":{"line":261,"column":5}},"118":{"start":{"line":260,"column":6},"end":{"line":260,"column":61}},"119":{"start":{"line":263,"column":18},"end":{"line":263,"column":54}},"120":{"start":{"line":264,"column":4},"end":{"line":264,"column":24}},"121":{"start":{"line":266,"column":4},"end":{"line":266,"column":60}},"122":{"start":{"line":267,"column":4},"end":{"line":267,"column":70}},"123":{"start":{"line":271,"column":0},"end":{"line":271,"column":24}}},"fnMap":{"0":{"name":"(anonymous_0)","decl":{"start":{"line":7,"column":28},"end":{"line":7,"column":29}},"loc":{"start":{"line":7,"column":48},"end":{"line":22,"column":1}},"line":7},"1":{"name":"(anonymous_1)","decl":{"start":{"line":25,"column":53},"end":{"line":25,"column":54}},"loc":{"start":{"line":25,"column":73},"end":{"line":58,"column":1}},"line":25},"2":{"name":"(anonymous_2)","decl":{"start":{"line":61,"column":54},"end":{"line":61,"column":55}},"loc":{"start":{"line":61,"column":74},"end":{"line":83,"column":1}},"line":61},"3":{"name":"(anonymous_3)","decl":{"start":{"line":86,"column":56},"end":{"line":86,"column":57}},"loc":{"start":{"line":86,"column":76},"end":{"line":113,"column":1}},"line":86},"4":{"name":"(anonymous_4)","decl":{"start":{"line":116,"column":57},"end":{"line":116,"column":58}},"loc":{"start":{"line":116,"column":77},"end":{"line":154,"column":1}},"line":116},"5":{"name":"(anonymous_5)","decl":{"start":{"line":157,"column":70},"end":{"line":157,"column":71}},"loc":{"start":{"line":157,"column":90},"end":{"line":174,"column":1}},"line":157},"6":{"name":"(anonymous_6)","decl":{"start":{"line":177,"column":55},"end":{"line":177,"column":56}},"loc":{"start":{"line":177,"column":75},"end":{"line":210,"column":1}},"line":177},"7":{"name":"(anonymous_7)","decl":{"start":{"line":213,"column":57},"end":{"line":213,"column":58}},"loc":{"start":{"line":213,"column":77},"end":{"line":252,"column":1}},"line":213},"8":{"name":"(anonymous_8)","decl":{"start":{"line":255,"column":51},"end":{"line":255,"column":52}},"loc":{"start":{"line":255,"column":71},"end":{"line":269,"column":1}},"line":255}},"branchMap":{"0":{"loc":{"start":{"line":12,"column":4},"end":{"line":14,"column":5}},"type":"if","locations":[{"start":{"line":12,"column":4},"end":{"line":14,"column":5}},{"start":{},"end":{}}],"line":12},"1":{"loc":{"start":{"line":33,"column":4},"end":{"line":44,"column":5}},"type":"if","locations":[{"start":{"line":33,"column":4},"end":{"line":44,"column":5}},{"start":{},"end":{}}],"line":33},"2":{"loc":{"start":{"line":49,"column":4},"end":{"line":51,"column":5}},"type":"if","locations":[{"start":{"line":49,"column":4},"end":{"line":51,"column":5}},{"start":{},"end":{}}],"line":49},"3":{"loc":{"start":{"line":67,"column":4},"end":{"line":69,"column":5}},"type":"if","locations":[{"start":{"line":67,"column":4},"end":{"line":69,"column":5}},{"start":{},"end":{}}],"line":67},"4":{"loc":{"start":{"line":74,"column":4},"end":{"line":76,"column":5}},"type":"if","locations":[{"start":{"line":74,"column":4},"end":{"line":76,"column":5}},{"start":{},"end":{}}],"line":74},"5":{"loc":{"start":{"line":89,"column":12},"end":{"line":89,"column":22}},"type":"default-arg","locations":[{"start":{"line":89,"column":20},"end":{"line":89,"column":22}}],"line":89},"6":{"loc":{"start":{"line":92,"column":4},"end":{"line":94,"column":5}},"type":"if","locations":[{"start":{"line":92,"column":4},"end":{"line":94,"column":5}},{"start":{},"end":{}}],"line":92},"7":{"loc":{"start":{"line":98,"column":4},"end":{"line":100,"column":5}},"type":"if","locations":[{"start":{"line":98,"column":4},"end":{"line":100,"column":5}},{"start":{},"end":{}}],"line":98},"8":{"loc":{"start":{"line":122,"column":4},"end":{"line":124,"column":5}},"type":"if","locations":[{"start":{"line":122,"column":4},"end":{"line":124,"column":5}},{"start":{},"end":{}}],"line":122},"9":{"loc":{"start":{"line":122,"column":8},"end":{"line":122,"column":47}},"type":"binary-expr","locations":[{"start":{"line":122,"column":8},"end":{"line":122,"column":16}},{"start":{"line":122,"column":20},"end":{"line":122,"column":47}}],"line":122},"10":{"loc":{"start":{"line":126,"column":4},"end":{"line":128,"column":5}},"type":"if","locations":[{"start":{"line":126,"column":4},"end":{"line":128,"column":5}},{"start":{},"end":{}}],"line":126},"11":{"loc":{"start":{"line":131,"column":4},"end":{"line":133,"column":5}},"type":"if","locations":[{"start":{"line":131,"column":4},"end":{"line":133,"column":5}},{"start":{},"end":{}}],"line":131},"12":{"loc":{"start":{"line":145,"column":12},"end":{"line":145,"column":46}},"type":"binary-expr","locations":[{"start":{"line":145,"column":12},"end":{"line":145,"column":25}},{"start":{"line":145,"column":29},"end":{"line":145,"column":46}}],"line":145},"13":{"loc":{"start":{"line":163,"column":4},"end":{"line":165,"column":5}},"type":"if","locations":[{"start":{"line":163,"column":4},"end":{"line":165,"column":5}},{"start":{},"end":{}}],"line":163},"14":{"loc":{"start":{"line":183,"column":4},"end":{"line":185,"column":5}},"type":"if","locations":[{"start":{"line":183,"column":4},"end":{"line":185,"column":5}},{"start":{},"end":{}}],"line":183},"15":{"loc":{"start":{"line":183,"column":8},"end":{"line":183,"column":35}},"type":"binary-expr","locations":[{"start":{"line":183,"column":8},"end":{"line":183,"column":19}},{"start":{"line":183,"column":23},"end":{"line":183,"column":35}}],"line":183},"16":{"loc":{"start":{"line":188,"column":4},"end":{"line":190,"column":5}},"type":"if","locations":[{"start":{"line":188,"column":4},"end":{"line":190,"column":5}},{"start":{},"end":{}}],"line":188},"17":{"loc":{"start":{"line":216,"column":24},"end":{"line":216,"column":82}},"type":"binary-expr","locations":[{"start":{"line":216,"column":24},"end":{"line":216,"column":53}},{"start":{"line":216,"column":57},"end":{"line":216,"column":82}}],"line":216},"18":{"loc":{"start":{"line":217,"column":4},"end":{"line":219,"column":5}},"type":"if","locations":[{"start":{"line":217,"column":4},"end":{"line":219,"column":5}},{"start":{},"end":{}}],"line":217},"19":{"loc":{"start":{"line":225,"column":4},"end":{"line":227,"column":5}},"type":"if","locations":[{"start":{"line":225,"column":4},"end":{"line":227,"column":5}},{"start":{},"end":{}}],"line":225},"20":{"loc":{"start":{"line":225,"column":8},"end":{"line":225,"column":47}},"type":"binary-expr","locations":[{"start":{"line":225,"column":8},"end":{"line":225,"column":19}},{"start":{"line":225,"column":23},"end":{"line":225,"column":36}},{"start":{"line":225,"column":40},"end":{"line":225,"column":47}}],"line":225},"21":{"loc":{"start":{"line":230,"column":4},"end":{"line":232,"column":5}},"type":"if","locations":[{"start":{"line":230,"column":4},"end":{"line":232,"column":5}},{"start":{},"end":{}}],"line":230},"22":{"loc":{"start":{"line":259,"column":4},"end":{"line":261,"column":5}},"type":"if","locations":[{"start":{"line":259,"column":4},"end":{"line":261,"column":5}},{"start":{},"end":{}}],"line":259}},"s":{"0":0,"1":0,"2":0,"3":0,"4":0,"5":0,"6":0,"7":0,"8":0,"9":0,"10":0,"11":0,"12":0,"13":0,"14":0,"15":0,"16":0,"17":0,"18":0,"19":0,"20":0,"21":0,"22":0,"23":0,"24":0,"25":0,"26":0,"27":0,"28":0,"29":0,"30":0,"31":0,"32":0,"33":0,"34":0,"35":0,"36":0,"37":0,"38":0,"39":0,"40":0,"41":0,"42":0,"43":0,"44":0,"45":0,"46":0,"47":0,"48":0,"49":0,"50":0,"51":0,"52":0,"53":0,"54":0,"55":0,"56":0,"57":0,"58":0,"59":0,"60":0,"61":0,"62":0,"63":0,"64":0,"65":0,"66":0,"67":0,"68":0,"69":0,"70":0,"71":0,"72":0,"73":0,"74":0,"75":0,"76":0,"77":0,"78":0,"79":0,"80":0,"81":0,"82":0,"83":0,"84":0,"85":0,"86":0,"87":0,"88":0,"89":0,"90":0,"91":0,"92":0,"93":0,"94":0,"95":0,"96":0,"97":0,"98":0,"99":0,"100":0,"101":0,"102":0,"103":0,"104":0,"105":0,"106":0,"107":0,"108":0,"109":0,"110":0,"111":0,"112":0,"113":0,"114":0,"115":0,"116":0,"117":0,"118":0,"119":0,"120":0,"121":0,"122":0,"123":0},"f":{"0":0,"1":0,"2":0,"3":0,"4":0,"5":0,"6":0,"7":0,"8":0},"b":{"0":[0,0],"1":[0,0],"2":[0,0],"3":[0,0],"4":[0,0],"5":[0],"6":[0,0],"7":[0,0],"8":[0,0],"9":[0,0],"10":[0,0],"11":[0,0],"12":[0,0],"13":[0,0],"14":[0,0],"15":[0,0],"16":[0,0],"17":[0,0],"18":[0,0],"19":[0,0],"20":[0,0,0],"21":[0,0],"22":[0,0]}}
,"/home/terry/Desktop/finding-sports/mockup/backend/routes/moderation.js": {"path":"/home/terry/Desktop/finding-sports/mockup/backend/routes/moderation.js","statementMap":{"0":{"start":{"line":1,"column":16},"end":{"line":1,"column":34}},"1":{"start":{"line":2,"column":15},"end":{"line":2,"column":31}},"2":{"start":{"line":3,"column":87},"end":{"line":3,"column":116}},"3":{"start":{"line":6,"column":16},"end":{"line":6,"column":18}},"4":{"start":{"line":7,"column":23},"end":{"line":7,"column":25}},"5":{"start":{"line":8,"column":20},"end":{"line":12,"column":1}},"6":{"start":{"line":15,"column":0},"end":{"line":56,"column":3}},"7":{"start":{"line":16,"column":19},"end":{"line":16,"column":42}},"8":{"start":{"line":17,"column":22},"end":{"line":17,"column":24}},"9":{"start":{"line":20,"column":2},"end":{"line":49,"column":3}},"10":{"start":{"line":22,"column":4},"end":{"line":31,"column":6}},"11":{"start":{"line":32,"column":4},"end":{"line":32,"column":10}},"12":{"start":{"line":34,"column":4},"end":{"line":40,"column":6}},"13":{"start":{"line":41,"column":4},"end":{"line":41,"column":10}},"14":{"start":{"line":43,"column":4},"end":{"line":48,"column":6}},"15":{"start":{"line":51,"column":2},"end":{"line":55,"column":5}},"16":{"start":{"line":59,"column":0},"end":{"line":83,"column":3}},"17":{"start":{"line":60,"column":78},"end":{"line":60,"column":86}},"18":{"start":{"line":62,"column":2},"end":{"line":64,"column":3}},"19":{"start":{"line":63,"column":4},"end":{"line":63,"column":101}},"20":{"start":{"line":66,"column":17},"end":{"line":76,"column":3}},"21":{"start":{"line":78,"column":2},"end":{"line":78,"column":26}},"22":{"start":{"line":82,"column":2},"end":{"line":82,"column":52}},"23":{"start":{"line":86,"column":0},"end":{"line":98,"column":3}},"24":{"start":{"line":87,"column":21},"end":{"line":87,"column":30}},"25":{"start":{"line":89,"column":24},"end":{"line":89,"column":31}},"26":{"start":{"line":90,"column":2},"end":{"line":92,"column":3}},"27":{"start":{"line":91,"column":4},"end":{"line":91,"column":63}},"28":{"start":{"line":91,"column":42},"end":{"line":91,"column":61}},"29":{"start":{"line":94,"column":2},"end":{"line":97,"column":5}},"30":{"start":{"line":101,"column":0},"end":{"line":116,"column":3}},"31":{"start":{"line":102,"column":23},"end":{"line":102,"column":33}},"32":{"start":{"line":103,"column":25},"end":{"line":103,"column":33}},"33":{"start":{"line":105,"column":17},"end":{"line":105,"column":53}},"34":{"start":{"line":105,"column":35},"end":{"line":105,"column":52}},"35":{"start":{"line":106,"column":2},"end":{"line":108,"column":3}},"36":{"start":{"line":107,"column":4},"end":{"line":107,"column":81}},"37":{"start":{"line":110,"column":2},"end":{"line":110,"column":29}},"38":{"start":{"line":111,"column":2},"end":{"line":111,"column":33}},"39":{"start":{"line":112,"column":2},"end":{"line":112,"column":35}},"40":{"start":{"line":113,"column":2},"end":{"line":113,"column":48}},"41":{"start":{"line":115,"column":2},"end":{"line":115,"column":30}},"42":{"start":{"line":119,"column":0},"end":{"line":139,"column":3}},"43":{"start":{"line":120,"column":24},"end":{"line":120,"column":34}},"44":{"start":{"line":121,"column":21},"end":{"line":121,"column":29}},"45":{"start":{"line":124,"column":19},"end":{"line":132,"column":3}},"46":{"start":{"line":134,"column":2},"end":{"line":134,"column":35}},"47":{"start":{"line":138,"column":2},"end":{"line":138,"column":30}},"48":{"start":{"line":142,"column":0},"end":{"line":167,"column":3}},"49":{"start":{"line":143,"column":55},"end":{"line":143,"column":63}},"50":{"start":{"line":145,"column":2},"end":{"line":147,"column":3}},"51":{"start":{"line":146,"column":4},"end":{"line":146,"column":103}},"52":{"start":{"line":150,"column":19},"end":{"line":160,"column":3}},"53":{"start":{"line":162,"column":2},"end":{"line":162,"column":35}},"54":{"start":{"line":166,"column":2},"end":{"line":166,"column":106}},"55":{"start":{"line":170,"column":0},"end":{"line":194,"column":3}},"56":{"start":{"line":171,"column":37},"end":{"line":171,"column":45}},"57":{"start":{"line":173,"column":2},"end":{"line":175,"column":3}},"58":{"start":{"line":174,"column":4},"end":{"line":174,"column":92}},"59":{"start":{"line":178,"column":19},"end":{"line":187,"column":3}},"60":{"start":{"line":189,"column":2},"end":{"line":189,"column":35}},"61":{"start":{"line":193,"column":2},"end":{"line":193,"column":30}},"62":{"start":{"line":197,"column":0},"end":{"line":223,"column":3}},"63":{"start":{"line":199,"column":55},"end":{"line":199,"column":63}},"64":{"start":{"line":201,"column":2},"end":{"line":203,"column":3}},"65":{"start":{"line":202,"column":4},"end":{"line":202,"column":103}},"66":{"start":{"line":206,"column":19},"end":{"line":216,"column":3}},"67":{"start":{"line":218,"column":2},"end":{"line":218,"column":35}},"68":{"start":{"line":222,"column":2},"end":{"line":222,"column":107}},"69":{"start":{"line":226,"column":0},"end":{"line":233,"column":3}},"70":{"start":{"line":227,"column":25},"end":{"line":227,"column":34}},"71":{"start":{"line":229,"column":2},"end":{"line":232,"column":5}},"72":{"start":{"line":236,"column":0},"end":{"line":242,"column":3}},"73":{"start":{"line":238,"column":2},"end":{"line":241,"column":5}},"74":{"start":{"line":245,"column":0},"end":{"line":265,"column":3}},"75":{"start":{"line":247,"column":62},"end":{"line":247,"column":70}},"76":{"start":{"line":249,"column":2},"end":{"line":251,"column":3}},"77":{"start":{"line":250,"column":4},"end":{"line":250,"column":81}},"78":{"start":{"line":253,"column":18},"end":{"line":260,"column":3}},"79":{"start":{"line":262,"column":2},"end":{"line":262,"column":28}},"80":{"start":{"line":264,"column":2},"end":{"line":264,"column":45}},"81":{"start":{"line":268,"column":0},"end":{"line":280,"column":3}},"82":{"start":{"line":270,"column":21},"end":{"line":270,"column":31}},"83":{"start":{"line":271,"column":16},"end":{"line":271,"column":59}},"84":{"start":{"line":271,"column":43},"end":{"line":271,"column":58}},"85":{"start":{"line":273,"column":2},"end":{"line":275,"column":3}},"86":{"start":{"line":274,"column":4},"end":{"line":274,"column":79}},"87":{"start":{"line":277,"column":2},"end":{"line":277,"column":31}},"88":{"start":{"line":279,"column":2},"end":{"line":279,"column":30}},"89":{"start":{"line":283,"column":0},"end":{"line":325,"column":3}},"90":{"start":{"line":284,"column":16},"end":{"line":284,"column":25}},"91":{"start":{"line":286,"column":2},"end":{"line":288,"column":3}},"92":{"start":{"line":287,"column":4},"end":{"line":287,"column":50}},"93":{"start":{"line":291,"column":20},"end":{"line":317,"column":3}},"94":{"start":{"line":319,"column":18},"end":{"line":322,"column":3}},"95":{"start":{"line":320,"column":4},"end":{"line":321,"column":58}},"96":{"start":{"line":324,"column":2},"end":{"line":324,"column":46}},"97":{"start":{"line":327,"column":0},"end":{"line":327,"column":24}}},"fnMap":{"0":{"name":"(anonymous_0)","decl":{"start":{"line":15,"column":55},"end":{"line":15,"column":56}},"loc":{"start":{"line":15,"column":69},"end":{"line":56,"column":1}},"line":15},"1":{"name":"(anonymous_1)","decl":{"start":{"line":59,"column":53},"end":{"line":59,"column":54}},"loc":{"start":{"line":59,"column":67},"end":{"line":83,"column":1}},"line":59},"2":{"name":"(anonymous_2)","decl":{"start":{"line":86,"column":57},"end":{"line":86,"column":58}},"loc":{"start":{"line":86,"column":71},"end":{"line":98,"column":1}},"line":86},"3":{"name":"(anonymous_3)","decl":{"start":{"line":91,"column":37},"end":{"line":91,"column":38}},"loc":{"start":{"line":91,"column":42},"end":{"line":91,"column":61}},"line":91},"4":{"name":"(anonymous_4)","decl":{"start":{"line":101,"column":74},"end":{"line":101,"column":75}},"loc":{"start":{"line":101,"column":88},"end":{"line":116,"column":1}},"line":101},"5":{"name":"(anonymous_5)","decl":{"start":{"line":105,"column":30},"end":{"line":105,"column":31}},"loc":{"start":{"line":105,"column":35},"end":{"line":105,"column":52}},"line":105},"6":{"name":"(anonymous_6)","decl":{"start":{"line":119,"column":71},"end":{"line":119,"column":72}},"loc":{"start":{"line":119,"column":85},"end":{"line":139,"column":1}},"line":119},"7":{"name":"(anonymous_7)","decl":{"start":{"line":142,"column":55},"end":{"line":142,"column":56}},"loc":{"start":{"line":142,"column":69},"end":{"line":167,"column":1}},"line":142},"8":{"name":"(anonymous_8)","decl":{"start":{"line":170,"column":55},"end":{"line":170,"column":56}},"loc":{"start":{"line":170,"column":69},"end":{"line":194,"column":1}},"line":170},"9":{"name":"(anonymous_9)","decl":{"start":{"line":197,"column":50},"end":{"line":197,"column":51}},"loc":{"start":{"line":197,"column":64},"end":{"line":223,"column":1}},"line":197},"10":{"name":"(anonymous_10)","decl":{"start":{"line":226,"column":54},"end":{"line":226,"column":55}},"loc":{"start":{"line":226,"column":68},"end":{"line":233,"column":1}},"line":226},"11":{"name":"(anonymous_11)","decl":{"start":{"line":236,"column":39},"end":{"line":236,"column":40}},"loc":{"start":{"line":236,"column":53},"end":{"line":242,"column":1}},"line":236},"12":{"name":"(anonymous_12)","decl":{"start":{"line":245,"column":59},"end":{"line":245,"column":60}},"loc":{"start":{"line":245,"column":73},"end":{"line":265,"column":1}},"line":245},"13":{"name":"(anonymous_13)","decl":{"start":{"line":268,"column":69},"end":{"line":268,"column":70}},"loc":{"start":{"line":268,"column":83},"end":{"line":280,"column":1}},"line":268},"14":{"name":"(anonymous_14)","decl":{"start":{"line":271,"column":38},"end":{"line":271,"column":39}},"loc":{"start":{"line":271,"column":43},"end":{"line":271,"column":58}},"line":271},"15":{"name":"(anonymous_15)","decl":{"start":{"line":283,"column":62},"end":{"line":283,"column":63}},"loc":{"start":{"line":283,"column":76},"end":{"line":325,"column":1}},"line":283},"16":{"name":"(anonymous_16)","decl":{"start":{"line":319,"column":35},"end":{"line":319,"column":36}},"loc":{"start":{"line":320,"column":4},"end":{"line":321,"column":58}},"line":320}},"branchMap":{"0":{"loc":{"start":{"line":16,"column":19},"end":{"line":16,"column":42}},"type":"binary-expr","locations":[{"start":{"line":16,"column":19},"end":{"line":16,"column":32}},{"start":{"line":16,"column":36},"end":{"line":16,"column":42}}],"line":16},"1":{"loc":{"start":{"line":20,"column":2},"end":{"line":49,"column":3}},"type":"switch","locations":[{"start":{"line":21,"column":2},"end":{"line":32,"column":10}},{"start":{"line":33,"column":2},"end":{"line":41,"column":10}},{"start":{"line":42,"column":2},"end":{"line":48,"column":6}}],"line":20},"2":{"loc":{"start":{"line":62,"column":2},"end":{"line":64,"column":3}},"type":"if","locations":[{"start":{"line":62,"column":2},"end":{"line":64,"column":3}},{"start":{},"end":{}}],"line":62},"3":{"loc":{"start":{"line":62,"column":6},"end":{"line":62,"column":34}},"type":"binary-expr","locations":[{"start":{"line":62,"column":6},"end":{"line":62,"column":18}},{"start":{"line":62,"column":22},"end":{"line":62,"column":34}}],"line":62},"4":{"loc":{"start":{"line":90,"column":2},"end":{"line":92,"column":3}},"type":"if","locations":[{"start":{"line":90,"column":2},"end":{"line":92,"column":3}},{"start":{},"end":{}}],"line":90},"5":{"loc":{"start":{"line":90,"column":6},"end":{"line":90,"column":32}},"type":"binary-expr","locations":[{"start":{"line":90,"column":6},"end":{"line":90,"column":12}},{"start":{"line":90,"column":16},"end":{"line":90,"column":32}}],"line":90},"6":{"loc":{"start":{"line":106,"column":2},"end":{"line":108,"column":3}},"type":"if","locations":[{"start":{"line":106,"column":2},"end":{"line":108,"column":3}},{"start":{},"end":{}}],"line":106},"7":{"loc":{"start":{"line":145,"column":2},"end":{"line":147,"column":3}},"type":"if","locations":[{"start":{"line":145,"column":2},"end":{"line":147,"column":3}},{"start":{},"end":{}}],"line":145},"8":{"loc":{"start":{"line":145,"column":6},"end":{"line":145,"column":53}},"type":"binary-expr","locations":[{"start":{"line":145,"column":6},"end":{"line":145,"column":21}},{"start":{"line":145,"column":25},"end":{"line":145,"column":42}},{"start":{"line":145,"column":46},"end":{"line":145,"column":53}}],"line":145},"9":{"loc":{"start":{"line":173,"column":2},"end":{"line":175,"column":3}},"type":"if","locations":[{"start":{"line":173,"column":2},"end":{"line":175,"column":3}},{"start":{},"end":{}}],"line":173},"10":{"loc":{"start":{"line":173,"column":6},"end":{"line":173,"column":32}},"type":"binary-expr","locations":[{"start":{"line":173,"column":6},"end":{"line":173,"column":21}},{"start":{"line":173,"column":25},"end":{"line":173,"column":32}}],"line":173},"11":{"loc":{"start":{"line":201,"column":2},"end":{"line":203,"column":3}},"type":"if","locations":[{"start":{"line":201,"column":2},"end":{"line":203,"column":3}},{"start":{},"end":{}}],"line":201},"12":{"loc":{"start":{"line":201,"column":6},"end":{"line":201,"column":53}},"type":"binary-expr","locations":[{"start":{"line":201,"column":6},"end":{"line":201,"column":21}},{"start":{"line":201,"column":25},"end":{"line":201,"column":42}},{"start":{"line":201,"column":46},"end":{"line":201,"column":53}}],"line":201},"13":{"loc":{"start":{"line":227,"column":10},"end":{"line":227,"column":20}},"type":"default-arg","locations":[{"start":{"line":227,"column":18},"end":{"line":227,"column":20}}],"line":227},"14":{"loc":{"start":{"line":247,"column":16},"end":{"line":247,"column":35}},"type":"default-arg","locations":[{"start":{"line":247,"column":27},"end":{"line":247,"column":35}}],"line":247},"15":{"loc":{"start":{"line":247,"column":37},"end":{"line":247,"column":57}},"type":"default-arg","locations":[{"start":{"line":247,"column":48},"end":{"line":247,"column":57}}],"line":247},"16":{"loc":{"start":{"line":249,"column":2},"end":{"line":251,"column":3}},"type":"if","locations":[{"start":{"line":249,"column":2},"end":{"line":251,"column":3}},{"start":{},"end":{}}],"line":249},"17":{"loc":{"start":{"line":273,"column":2},"end":{"line":275,"column":3}},"type":"if","locations":[{"start":{"line":273,"column":2},"end":{"line":275,"column":3}},{"start":{},"end":{}}],"line":273},"18":{"loc":{"start":{"line":286,"column":2},"end":{"line":288,"column":3}},"type":"if","locations":[{"start":{"line":286,"column":2},"end":{"line":288,"column":3}},{"start":{},"end":{}}],"line":286},"19":{"loc":{"start":{"line":286,"column":6},"end":{"line":286,"column":24}},"type":"binary-expr","locations":[{"start":{"line":286,"column":6},"end":{"line":286,"column":8}},{"start":{"line":286,"column":12},"end":{"line":286,"column":24}}],"line":286},"20":{"loc":{"start":{"line":320,"column":4},"end":{"line":321,"column":58}},"type":"binary-expr","locations":[{"start":{"line":320,"column":4},"end":{"line":320,"column":53}},{"start":{"line":321,"column":8},"end":{"line":321,"column":58}}],"line":320}},"s":{"0":0,"1":0,"2":0,"3":0,"4":0,"5":0,"6":0,"7":0,"8":0,"9":0,"10":0,"11":0,"12":0,"13":0,"14":0,"15":0,"16":0,"17":0,"18":0,"19":0,"20":0,"21":0,"22":0,"23":0,"24":0,"25":0,"26":0,"27":0,"28":0,"29":0,"30":0,"31":0,"32":0,"33":0,"34":0,"35":0,"36":0,"37":0,"38":0,"39":0,"40":0,"41":0,"42":0,"43":0,"44":0,"45":0,"46":0,"47":0,"48":0,"49":0,"50":0,"51":0,"52":0,"53":0,"54":0,"55":0,"56":0,"57":0,"58":0,"59":0,"60":0,"61":0,"62":0,"63":0,"64":0,"65":0,"66":0,"67":0,"68":0,"69":0,"70":0,"71":0,"72":0,"73":0,"74":0,"75":0,"76":0,"77":0,"78":0,"79":0,"80":0,"81":0,"82":0,"83":0,"84":0,"85":0,"86":0,"87":0,"88":0,"89":0,"90":0,"91":0,"92":0,"93":0,"94":0,"95":0,"96":0,"97":0},"f":{"0":0,"1":0,"2":0,"3":0,"4":0,"5":0,"6":0,"7":0,"8":0,"9":0,"10":0,"11":0,"12":0,"13":0,"14":0,"15":0,"16":0},"b":{"0":[0,0],"1":[0,0,0],"2":[0,0],"3":[0,0],"4":[0,0],"5":[0,0],"6":[0,0],"7":[0,0],"8":[0,0,0],"9":[0,0],"10":[0,0],"11":[0,0],"12":[0,0,0],"13":[0],"14":[0],"15":[0],"16":[0,0],"17":[0,0],"18":[0,0],"19":[0,0],"20":[0,0]}}
[...]
,"loc":{"start":{"line":446,"column":28},"end":{"line":470,"column":5}},"line":446},"32":{"name":"(anonymous_32)","decl":{"start":{"line":473,"column":4},"end":{"line":473,"column":5}},"loc":{"start":{"line":473,"column":53},"end":{"line":482,"column":5}},"line":473},"33":{"name":"(anonymous_33)","decl":{"start":{"line":475,"column":25},"end":{"line":475,"column":26}},"loc":{"start":{"line":475,"column":33},"end":{"line":481,"column":9}},"line":475},"34":{"name":"(anonymous_34)","decl":{"start":{"line":485,"column":4},"end":{"line":485,"column":5}},"loc":{"start":{"line":485,"column":49},"end":{"line":495,"column":5}},"line":485},"35":{"name":"(anonymous_35)","decl":{"start":{"line":486,"column":28},"end":{"line":486,"column":29}},"loc":{"start":{"line":486,"column":36},"end":{"line":494,"column":9}},"line":486},"36":{"name":"(anonymous_36)","decl":{"start":{"line":498,"column":4},"end":{"line":498,"column":5}},"loc":{"start":{"line":498,"column":37},"end":{"line":505,"column":5}},"line":498},"37":{"name":"(anonymous_37)","decl":{"start":{"line":499,"column":26},"end":{"line":499,"column":27}},"loc":{"start":{"line":499,"column":36},"end":{"line":504,"column":9}},"line":499},"38":{"name":"(anonymous_38)","decl":{"start":{"line":508,"column":4},"end":{"line":508,"column":5}},"loc":{"start":{"line":508,"column":44},"end":{"line":533,"column":5}},"line":508},"39":{"name":"(anonymous_39)","decl":{"start":{"line":536,"column":4},"end":{"line":536,"column":5}},"loc":{"start":{"line":536,"column":25},"end":{"line":539,"column":5}},"line":536},"40":{"name":"(anonymous_40)","decl":{"start":{"line":541,"column":4},"end":{"line":541,"column":5}},"loc":{"start":{"line":541,"column":30},"end":{"line":549,"column":5}},"line":541},"41":{"name":"(anonymous_41)","decl":{"start":{"line":551,"column":4},"end":{"line":551,"column":5}},"loc":{"start":{"line":551,"column":32},"end":{"line":556,"column":5}},"line":551},"42":{"name":"(anonymous_42)","decl":{"start":{"line":558,"column":4},"end":{"line":558,"column":5}},"loc":{"start":{"line":558,"column":26},"end":{"line":567,"column":5}},"line":558},"43":{"name":"(anonymous_43)","decl":{"start":{"line":569,"column":4},"end":{"line":569,"column":5}},"loc":{"start":{"line":569,"column":31},"end":{"line":583,"column":5}},"line":569},"44":{"name":"(anonymous_44)","decl":{"start":{"line":585,"column":4},"end":{"line":585,"column":5}},"loc":{"start":{"line":585,"column":46},"end":{"line":597,"column":5}},"line":585},"45":{"name":"(anonymous_45)","decl":{"start":{"line":599,"column":4},"end":{"line":599,"column":5}},"loc":{"start":{"line":599,"column":51},"end":{"line":605,"column":5}},"line":599},"46":{"name":"(anonymous_46)","decl":{"start":{"line":608,"column":4},"end":{"line":608,"column":5}},"loc":{"start":{"line":608,"column":33},"end":{"line":611,"column":5}},"line":608},"47":{"name":"(anonymous_47)","decl":{"start":{"line":613,"column":4},"end":{"line":613,"column":5}},"loc":{"start":{"line":613,"column":31},"end":{"line":616,"column":5}},"line":613},"48":{"name":"(anonymous_48)","decl":{"start":{"line":619,"column":4},"end":{"line":619,"column":5}},"loc":{"start":{"line":619,"column":25},"end":{"line":629,"column":5}},"line":619},"49":{"name":"(anonymous_49)","decl":{"start":{"line":632,"column":4},"end":{"line":632,"column":5}},"loc":{"start":{"line":632,"column":61},"end":{"line":643,"column":5}},"line":632},"50":{"name":"(anonymous_50)","decl":{"start":{"line":646,"column":4},"end":{"line":646,"column":5}},"loc":{"start":{"line":646,"column":21},"end":{"line":670,"column":5}},"line":646},"51":{"name":"(anonymous_51)","decl":{"start":{"line":673,"column":4},"end":{"line":673,"column":5}},"loc":{"start":{"line":673,"column":21},"end":{"line":690,"column":5}},"line":673}},"branchMap":{"0":{"loc":{"start":{"line":156,"column":42},"end":{"line":156,"column":97}},"type":"binary-expr","locations":[{"start":{"line":156,"column":42},"end":{"line":156,"column":70}},{"start":{"line":156,"column":74},"end":{"line":156,"column":97}}],"line":156},"1":{"loc":{"start":{"line":157,"column":42},"end":{"line":157,"column":99}},"type":"binary-expr","locations":[{"start":{"line":157,"column":42},"end":{"line":157,"column":72}},{"start":{"line":157,"column":76},"end":{"line":157,"column":99}}],"line":157},"2":{"loc":{"start":{"line":158,"column":44},"end":{"line":158,"column":94}},"type":"binary-expr","locations":[{"start":{"line":158,"column":44},"end":{"line":158,"column":70}},{"start":{"line":158,"column":74},"end":{"line":158,"column":94}}],"line":158},"3":{"loc":{"start":{"line":159,"column":45},"end":{"line":159,"column":111}},"type":"binary-expr","locations":[{"start":{"line":159,"column":45},"end":{"line":159,"column":79}},{"start":{"line":159,"column":83},"end":{"line":159,"column":111}}],"line":159},"4":{"loc":{"start":{"line":296,"column":50},"end":{"line":296,"column":65}},"type":"default-arg","locations":[{"start":{"line":296,"column":63},"end":{"line":296,"column":65}}],"line":296},"5":{"loc":{"start":{"line":296,"column":67},"end":{"line":296,"column":85}},"type":"default-arg","locations":[{"start":{"line":296,"column":77},"end":{"line":296,"column":85}}],"line":296},"6":{"loc":{"start":{"line":371,"column":8},"end":{"line":385,"column":9}},"type":"if","locations":[{"start":{"line":371,"column":8},"end":{"line":385,"column":9}},{"start":{},"end":{}}],"line":371},"7":{"loc":{"start":{"line":373,"column":16},"end":{"line":383,"column":17}},"type":"if","locations":[{"start":{"line":373,"column":16},"end":{"line":383,"column":17}},{"start":{},"end":{}}],"line":373},"8":{"loc":{"start":{"line":373,"column":20},"end":{"line":373,"column":65}},"type":"binary-expr","locations":[{"start":{"line":373,"column":20},"end":{"line":373,"column":49}},{"start":{"line":373,"column":53},"end":{"line":373,"column":65}}],"line":373},"9":{"loc":{"start":{"line":374,"column":20},"end":{"line":382,"column":21}},"type":"if","locations":[{"start":{"line":374,"column":20},"end":{"line":382,"column":21}},{"start":{"line":376,"column":27},"end":{"line":382,"column":21}}],"line":374},"10":{"loc":{"start":{"line":376,"column":27},"end":{"line":382,"column":21}},"type":"if","locations":[{"start":{"line":376,"column":27},"end":{"line":382,"column":21}},{"start":{"line":378,"column":27},"end":{"line":382,"column":21}}],"line":376},"11":{"loc":{"start":{"line":378,"column":27},"end":{"line":382,"column":21}},"type":"if","locations":[{"start":{"line":378,"column":27},"end":{"line":382,"column":21}},{"start":{},"end":{}}],"line":378},"12":{"loc":{"start":{"line":388,"column":8},"end":{"line":391,"column":9}},"type":"if","locations":[{"start":{"line":388,"column":8},"end":{"line":391,"column":9}},{"start":{},"end":{}}],"line":388},"13":{"loc":{"start":{"line":429,"column":15},"end":{"line":429,"column":113}},"type":"binary-expr","locations":[{"start":{"line":429,"column":15},"end":{"line":429,"column":19}},{"start":{"line":429,"column":23},"end":{"line":429,"column":33}},{"start":{"line":429,"column":37},"end":{"line":429,"column":47}},{"start":{"line":429,"column":52},"end":{"line":429,"column":62}},{"start":{"line":429,"column":66},"end":{"line":429,"column":79}},{"start":{"line":429,"column":85},"end":{"line":429,"column":99}},{"start":{"line":429,"column":103},"end":{"line":429,"column":112}}],"line":429},"14":{"loc":{"start":{"line":436,"column":41},"end":{"line":436,"column":74}},"type":"binary-expr","locations":[{"start":{"line":436,"column":41},"end":{"line":436,"column":57}},{"start":{"line":436,"column":61},"end":{"line":436,"column":74}}],"line":436},"15":{"loc":{"start":{"line":436,"column":78},"end":{"line":436,"column":105}},"type":"binary-expr","locations":[{"start":{"line":436,"column":78},"end":{"line":436,"column":92}},{"start":{"line":436,"column":96},"end":{"line":436,"column":105}}],"line":436},"16":{"loc":{"start":{"line":437,"column":12},"end":{"line":439,"column":13}},"type":"if","locations":[{"start":{"line":437,"column":12},"end":{"line":439,"column":13}},{"start":{},"end":{}}],"line":437},"17":{"loc":{"start":{"line":452,"column":22},"end":{"line":452,"column":64}},"type":"binary-expr","locations":[{"start":{"line":452,"column":22},"end":{"line":452,"column":38}},{"start":{"line":452,"column":42},"end":{"line":452,"column":55}},{"start":{"line":452,"column":59},"end":{"line":452,"column":64}}],"line":452},"18":{"loc":{"start":{"line":453,"column":25},"end":{"line":453,"column":52}},"type":"binary-expr","locations":[{"start":{"line":453,"column":25},"end":{"line":453,"column":44}},{"start":{"line":453,"column":48},"end":{"line":453,"column":52}}],"line":453},"19":{"loc":{"start":{"line":454,"column":29},"end":{"line":454,"column":60}},"type":"binary-expr","locations":[{"start":{"line":454,"column":29},"end":{"line":454,"column":52}},{"start":{"line":454,"column":56},"end":{"line":454,"column":60}}],"line":454},"20":{"loc":{"start":{"line":456,"column":46},"end":{"line":456,"column":73}},"type":"binary-expr","locations":[{"start":{"line":456,"column":46},"end":{"line":456,"column":60}},{"start":{"line":456,"column":64},"end":{"line":456,"column":73}}],"line":456},"21":{"loc":{"start":{"line":458,"column":25},"end":{"line":458,"column":47}},"type":"binary-expr","locations":[{"start":{"line":458,"column":25},"end":{"line":458,"column":41}},{"start":{"line":458,"column":45},"end":{"line":458,"column":47}}],"line":458},"22":{"loc":{"start":{"line":459,"column":39},"end":{"line":459,"column":61}},"type":"binary-expr","locations":[{"start":{"line":459,"column":39},"end":{"line":459,"column":49}},{"start":{"line":459,"column":53},"end":{"line":459,"column":61}}],"line":459},"23":{"loc":{"start":{"line":460,"column":23},"end":{"line":460,"column":70}},"type":"binary-expr","locations":[{"start":{"line":460,"column":23},"end":{"line":460,"column":37}},{"start":{"line":460,"column":41},"end":{"line":460,"column":65}},{"start":{"line":460,"column":69},"end":{"line":460,"column":70}}],"line":460},"24":{"loc":{"start":{"line":461,"column":26},"end":{"line":461,"column":68}},"type":"binary-expr","locations":[{"start":{"line":461,"column":26},"end":{"line":461,"column":43}},{"start":{"line":461,"column":47},"end":{"line":461,"column":60}},{"start":{"line":461,"column":64},"end":{"line":461,"column":68}}],"line":461},"25":{"loc":{"start":{"line":462,"column":30},"end":{"line":462,"column":58}},"type":"binary-expr","locations":[{"start":{"line":462,"column":30},"end":{"line":462,"column":41}},{"start":{"line":462,"column":45},"end":{"line":462,"column":58}}],"line":462},"26":{"loc":{"start":{"line":463,"column":22},"end":{"line":463,"column":44}},"type":"binary-expr","locations":[{"start":{"line":463,"column":22},"end":{"line":463,"column":35}},{"start":{"line":463,"column":39},"end":{"line":463,"column":44}}],"line":463},"27":{"loc":{"start":{"line":464,"column":24},"end":{"line":464,"column":48}},"type":"binary-expr","locations":[{"start":{"line":464,"column":24},"end":{"line":464,"column":39}},{"start":{"line":464,"column":43},"end":{"line":464,"column":48}}],"line":464},"28":{"loc":{"start":{"line":465,"column":23},"end":{"line":465,"column":62}},"type":"binary-expr","locations":[{"start":{"line":465,"column":23},"end":{"line":465,"column":37}},{"start":{"line":465,"column":41},"end":{"line":465,"column":62}}],"line":465},"29":{"loc":{"start":{"line":466,"column":20},"end":{"line":466,"column":44}},"type":"binary-expr","locations":[{"start":{"line":466,"column":20},"end":{"line":466,"column":31}},{"start":{"line":466,"column":35},"end":{"line":466,"column":44}}],"line":466},"30":{"loc":{"start":{"line":476,"column":12},"end":{"line":479,"column":13}},"type":"if","locations":[{"start":{"line":476,"column":12},"end":{"line":479,"column":13}},{"start":{},"end":{}}],"line":476},"31":{"loc":{"start":{"line":476,"column":16},"end":{"line":476,"column":61}},"type":"binary-expr","locations":[{"start":{"line":476,"column":16},"end":{"line":476,"column":39}},{"start":{"line":476,"column":43},"end":{"line":476,"column":61}}],"line":476},"32":{"loc":{"start":{"line":487,"column":12},"end":{"line":489,"column":13}},"type":"if","locations":[{"start":{"line":487,"column":12},"end":{"line":489,"column":13}},{"start":{},"end":{}}],"line":487},"33":{"loc":{"start":{"line":512,"column":8},"end":{"line":515,"column":9}},"type":"if","locations":[{"start":{"line":512,"column":8},"end":{"line":515,"column":9}},{"start":{},"end":{}}],"line":512},"34":{"loc":{"start":{"line":518,"column":8},"end":{"line":527,"column":9}},"type":"if","locations":[{"start":{"line":518,"column":8},"end":{"line":527,"column":9}},{"start":{},"end":{}}],"line":518},"35":{"loc":{"start":{"line":523,"column":12},"end":{"line":526,"column":13}},"type":"if","locations":[{"start":{"line":523,"column":12},"end":{"line":526,"column":13}},{"start":{},"end":{}}],"line":523},"36":{"loc":{"start":{"line":523,"column":16},"end":{"line":523,"column":50}},"type":"binary-expr","locations":[{"start":{"line":523,"column":16},"end":{"line":523,"column":30}},{"start":{"line":523,"column":34},"end":{"line":523,"column":50}}],"line":523},"37":{"loc":{"start":{"line":530,"column":18},"end":{"line":530,"column":41}},"type":"binary-expr","locations":[{"start":{"line":530,"column":18},"end":{"line":530,"column":34}},{"start":{"line":530,"column":38},"end":{"line":530,"column":41}}],"line":530},"38":{"loc":{"start":{"line":537,"column":37},"end":{"line":537,"column":70}},"type":"binary-expr","locations":[{"start":{"line":537,"column":37},"end":{"line":537,"column":53}},{"start":{"line":537,"column":57},"end":{"line":537,"column":70}}],"line":537},"39":{"loc":{"start":{"line":537,"column":74},"end":{"line":537,"column":101}},"type":"binary-expr","locations":[{"start":{"line":537,"column":74},"end":{"line":537,"column":88}},{"start":{"line":537,"column":92},"end":{"line":537,"column":101}}],"line":537},"40":{"loc":{"start":{"line":548,"column":15},"end":{"line":548,"column":81}},"type":"binary-expr","locations":[{"start":{"line":548,"column":15},"end":{"line":548,"column":44}},{"start":{"line":548,"column":48},"end":{"line":548,"column":68}},{"start":{"line":548,"column":72},"end":{"line":548,"column":81}}],"line":548},"41":{"loc":{"start":{"line":552,"column":8},"end":{"line":554,"column":9}},"type":"if","locations":[{"start":{"line":552,"column":8},"end":{"line":554,"column":9}},{"start":{},"end":{}}],"line":552},"42":{"loc":{"start":{"line":559,"column":8},"end":{"line":561,"column":9}},"type":"if","locations":[{"start":{"line":559,"column":8},"end":{"line":561,"column":9}},{"start":{},"end":{}}],"line":559},"43":{"loc":{"start":{"line":562,"column":8},"end":{"line":565,"column":9}},"type":"if","locations":[{"start":{"line":562,"column":8},"end":{"line":565,"column":9}},{"start":{},"end":{}}],"line":562},"44":{"loc":{"start":{"line":564,"column":19},"end":{"line":564,"column":51}},"type":"cond-expr","locations":[{"start":{"line":564,"column":27},"end":{"line":564,"column":47}},{"start":{"line":564,"column":50},"end":{"line":564,"column":51}}],"line":564},"45":{"loc":{"start":{"line":572,"column":8},"end":{"line":574,"column":9}},"type":"if","locations":[{"start":{"line":572,"column":8},"end":{"line":574,"column":9}},{"start":{},"end":{}}],"line":572},"46":{"loc":{"start":{"line":575,"column":8},"end":{"line":577,"column":9}},"type":"if","locations":[{"start":{"line":575,"column":8},"end":{"line":577,"column":9}},{"start":{},"end":{}}],"line":575},"47":{"loc":{"start":{"line":578,"column":8},"end":{"line":580,"column":9}},"type":"if","locations":[{"start":{"line":578,"column":8},"end":{"line":580,"column":9}},{"start":{},"end":{}}],"line":578},"48":{"loc":{"start":{"line":609,"column":64},"end":{"line":609,"column":87}},"type":"binary-expr","locations":[{"start":{"line":609,"column":64},"end":{"line":609,"column":82}},{"start":{"line":609,"column":86},"end":{"line":609,"column":87}}],"line":609},"49":{"loc":{"start":{"line":610,"column":35},"end":{"line":610,"column":58}},"type":"binary-expr","locations":[{"start":{"line":610,"column":35},"end":{"line":610,"column":53}},{"start":{"line":610,"column":57},"end":{"line":610,"column":58}}],"line":610},"50":{"loc":{"start":{"line":638,"column":8},"end":{"line":642,"column":9}},"type":"if","locations":[{"start":{"line":638,"column":8},"end":{"line":642,"column":9}},{"start":{"line":640,"column":15},"end":{"line":642,"column":9}}],"line":638},"51":{"loc":{"start":{"line":651,"column":28},"end":{"line":651,"column":74}},"type":"cond-expr","locations":[{"start":{"line":651,"column":53},"end":{"line":651,"column":61}},{"start":{"line":651,"column":64},"end":{"line":651,"column":74}}],"line":651},"52":{"loc":{"start":{"line":676,"column":8},"end":{"line":678,"column":9}},"type":"if","locations":[{"start":{"line":676,"column":8},"end":{"line":678,"column":9}},{"start":{},"end":{}}],"line":676},"53":{"loc":{"start":{"line":680,"column":8},"end":{"line":682,"column":9}},"type":"if","locations":[{"start":{"line":680,"column":8},"end":{"line":682,"column":9}},{"start":{},"end":{}}],"line":680},"54":{"loc":{"start":{"line":684,"column":8},"end":{"line":686,"column":9}},"type":"if","locations":[{"start":{"line":684,"column":8},"end":{"line":686,"column":9}},{"start":{},"end":{}}],"line":684}},"s":{"0":0,"1":0,"2":0,"3":0,"4":0,"5":0,"6":0,"7":0,"8":0,"9":0,"10":0,"11":0,"12":0,"13":0,"14":0,"15":0,"16":0,"17":0,"18":0,"19":0,"20":0,"21":0,"22":0,"23":0,"24":0,"25":0,"26":0,"27":0,"28":0,"29":0,"30":0,"31":0,"32":0,"33":0,"34":0,"35":0,"36":0,"37":0,"38":0,"39":0,"40":0,"41":0,"42":0,"43":0,"44":0,"45":0,"46":0,"47":0,"48":0,"49":0,"50":0,"51":0,"52":0,"53":0,"54":0,"55":0,"56":0,"57":0,"58":0,"59":0,"60":0,"61":0,"62":0,"63":0,"64":0,"65":0,"66":0,"67":0,"68":0,"69":0,"70":0,"71":0,"72":0,"73":0,"74":0,"75":0,"76":0,"77":0,"78":0,"79":0,"80":0,"81":0,"82":0,"83":0,"84":0,"85":0,"86":0,"87":0,"88":0,"89":0,"90":0,"91":0,"92":0,"93":0,"94":0,"95":0,"96":0,"97":0,"98":0,"99":0,"100":0,"101":0,"102":0,"103":0,"104":0,"105":0,"106":0,"107":0,"108":0,"109":0,"110":0,"111":0,"112":0,"113":0,"114":0,"115":0,"116":0,"117":0,"118":0,"119":0,"120":0,"121":0,"122":0,"123":0,"124":0,"125":0,"126":0,"127":0,"128":0,"129":0,"130":0,"131":0,"132":0,"133":0,"134":0,"135":0,"136":0,"137":0,"138":0,"139":0,"140":0,"141":0,"142":0,"143":0,"144":0,"145":0,"146":0,"147":0,"148":0,"149":0,"150":0,"151":0,"152":0,"153":0,"154":0,"155":0,"156":0,"157":0,"158":0,"159":0,"160":0,"161":0,"162":0,"163":0,"164":0,"165":0,"166":0,"167":0,"168":0,"169":0,"170":0,"171":0,"172":0,"173":0,"174":0,"175":0,"176":0,"177":0,"178":0,"179":0,"180":0,"181":0,"182":0,"183":0,"184":0,"185":0,"186":0,"187":0,"188":0,"189":0,"190":0,"191":0,"192":0,"193":0,"194":0,"195":0,"196":0,"197":0,"198":0,"199":0,"200":0,"201":0,"202":0,"203":0,"204":0,"205":0,"206":0,"207":0,"208":0,"209":0,"210":0,"211":0,"212":0,"213":0,"214":0,"215":0,"216":0,"217":0,"218":0,"219":0,"220":0,"221":0,"222":0,"223":0,"224":0,"225":0,"226":0,"227":0,"228":0,"229":0},"f":{"0":0,"1":0,"2":0,"3":0,"4":0,"5":0,"6":0,"7":0,"8":0,"9":0,"10":0,"11":0,"12":0,"13":0,"14":0,"15":0,"16":0,"17":0,"18":0,"19":0,"20":0,"21":0,"22":0,"23":0,"24":0,"25":0,"26":0,"27":0,"28":0,"29":0,"30":0,"31":0,"32":0,"33":0,"34":0,"35":0,"36":0,"37":0,"38":0,"39":0,"40":0,"41":0,"42":0,"43":0,"44":0,"45":0,"46":0,"47":0,"48":0,"49":0,"50":0,"51":0},"b":{"0":[0,0],"1":[0,0],"2":[0,0],"3":[0,0],"4":[0],"5":[0],"6":[0,0],"7":[0,0],"8":[0,0],"9":[0,0],"10":[0,0],"11":[0,0],"12":[0,0],"13":[0,0,0,0,0,0,0],"14":[0,0],"15":[0,0],"16":[0,0],"17":[0,0,0],"18":[0,0],"19":[0,0],"20":[0,0],"21":[0,0],"22":[0,0],"23":[0,0,0],"24":[0,0,0],"25":[0,0],"26":[0,0],"27":[0,0],"28":[0,0],"29":[0,0],"30":[0,0],"31":[0,0],"32":[0,0],"33":[0,0],"34":[0,0],"35":[0,0],"36":[0,0],"37":[0,0],"38":[0,0],"39":[0,0],"40":[0,0,0],"41":[0,0],"42":[0,0],"43":[0,0],"44":[0,0],"45":[0,0],"46":[0,0],"47":[0,0],"48":[0,0],"49":[0,0],"50":[0,0],"51":[0,0],"52":[0,0],"53":[0,0],"54":[0,0]}}
}
