TN:
SF:middleware/aggressive-cache-bypass.js
FN:2,(anonymous_0)
FNF:1
FNH:0
FNDA:0,(anonymous_0)
DA:2,0
DA:4,0
DA:22,0
DA:25,0
DA:27,0
DA:30,0
LF:6
LH:0
BRF:0
BRH:0
end_of_record
TN:
SF:middleware/auth.js
FN:4,authenticateToken
FN:41,optionalAuth
FN:63,authenticateModerator
FN:64,(anonymous_3)
FN:73,authenticateAdmin
FN:74,(anonymous_5)
FN:83,hasPermission
FNF:7
FNH:0
FNDA:0,authenticateToken
FNDA:0,optionalAuth
FNDA:0,authenticateModerator
FNDA:0,(anonymous_3)
FNDA:0,authenticateAdmin
FNDA:0,(anonymous_5)
FNDA:0,hasPermission
DA:1,0
DA:5,0
DA:6,0
DA:8,0
DA:9,0
DA:12,0
DA:14,0
DA:15,0
DA:18,0
DA:19,0
DA:21,0
DA:22,0
DA:26,0
DA:27,0
DA:34,0
DA:36,0
DA:42,0
DA:43,0
DA:45,0
DA:46,0
DA:49,0
DA:51,0
DA:52,0
DA:53,0
DA:54,0
DA:59,0
DA:64,0
DA:65,0
DA:66,0
DA:68,0
DA:74,0
DA:75,0
DA:76,0
DA:78,0
DA:84,0
DA:87,0
DA:90,0
DA:91,0
DA:92,0
DA:94,0
DA:98,0
DA:104,0
DA:105,0
DA:108,0
LF:44
LH:0
BRDA:6,0,0,0
BRDA:6,0,1,0
BRDA:8,1,0,0
BRDA:8,1,1,0
BRDA:12,2,0,0
BRDA:12,2,1,0
BRDA:18,3,0,0
BRDA:18,3,1,0
BRDA:21,4,0,0
BRDA:21,4,1,0
BRDA:26,5,0,0
BRDA:26,5,1,0
BRDA:26,6,0,0
BRDA:26,6,1,0
BRDA:43,7,0,0
BRDA:43,7,1,0
BRDA:45,8,0,0
BRDA:45,8,1,0
BRDA:49,9,0,0
BRDA:49,9,1,0
BRDA:53,10,0,0
BRDA:53,10,1,0
BRDA:65,11,0,0
BRDA:65,11,1,0
BRDA:65,12,0,0
BRDA:65,12,1,0
BRDA:65,12,2,0
BRDA:75,13,0,0
BRDA:75,13,1,0
BRDA:75,14,0,0
BRDA:75,14,1,0
BRDA:83,15,0,0
BRDA:84,16,0,0
BRDA:84,16,1,0
BRDA:87,17,0,0
BRDA:87,17,1,0
BRDA:90,18,0,0
BRDA:90,18,1,0
BRDA:90,19,0,0
BRDA:90,19,1,0
BRDA:91,20,0,0
BRDA:91,20,1,0
BRDA:104,21,0,0
BRDA:104,21,1,0
BRDA:105,22,0,0
BRDA:105,22,1,0
BRF:46
BRH:0
end_of_record
TN:
SF:middleware/no-cache.js
FN:4,noCacheMiddleware
FNF:1
FNH:0
FNDA:0,noCacheMiddleware
DA:4,0
DA:6,0
DA:17,0
DA:18,0
DA:20,0
DA:21,0
LF:6
LH:0
BRF:0
BRH:0
end_of_record
TN:
SF:routes/admin.js
FN:7,(anonymous_0)
FN:12,(anonymous_1)
FN:13,(anonymous_2)
FN:18,(anonymous_3)
FN:38,(anonymous_4)
FN:63,(anonymous_5)
FN:79,(anonymous_6)
FN:146,(anonymous_7)
FN:153,(anonymous_8)
FN:154,(anonymous_9)
FN:155,(anonymous_10)
FN:157,(anonymous_11)
FN:158,(anonymous_12)
FNF:13
FNH:0
FNDA:0,(anonymous_0)
FNDA:0,(anonymous_1)
FNDA:0,(anonymous_2)
FNDA:0,(anonymous_3)
FNDA:0,(anonymous_4)
FNDA:0,(anonymous_5)
FNDA:0,(anonymous_6)
FNDA:0,(anonymous_7)
FNDA:0,(anonymous_8)
FNDA:0,(anonymous_9)
FNDA:0,(anonymous_10)
FNDA:0,(anonymous_11)
FNDA:0,(anonymous_12)
DA:1,0
DA:2,0
DA:3,0
DA:4,0
DA:7,0
DA:8,0
DA:10,0
DA:12,0
DA:13,0
DA:18,0
DA:31,0
DA:38,0
DA:39,0
DA:40,0
DA:42,0
DA:43,0
DA:46,0
DA:47,0
DA:48,0
DA:52,0
DA:53,0
DA:56,0
DA:57,0
DA:59,0
DA:63,0
DA:64,0
DA:66,0
DA:67,0
DA:68,0
DA:71,0
DA:72,0
DA:73,0
DA:75,0
DA:79,0
DA:80,0
DA:104,0
DA:106,0
DA:108,0
DA:109,0
DA:110,0
DA:111,0
DA:112,0
DA:116,0
DA:117,0
DA:118,0
DA:120,0
DA:137,0
DA:138,0
DA:142,0
DA:146,0
DA:147,0
DA:149,0
DA:153,0
DA:154,0
DA:155,0
DA:157,0
DA:158,0
DA:168,0
LF:58
LH:0
BRDA:12,0,0,0
BRDA:12,0,1,0
BRDA:13,1,0,0
BRDA:13,1,1,0
BRDA:42,2,0,0
BRDA:42,2,1,0
BRDA:47,3,0,0
BRDA:47,3,1,0
BRDA:52,4,0,0
BRDA:52,4,1,0
BRDA:67,5,0,0
BRDA:67,5,1,0
BRDA:110,6,0,0
BRDA:110,6,1,0
BRDA:116,7,0,0
BRDA:116,7,1,0
BRDA:157,8,0,0
BRDA:157,8,1,0
BRF:18
BRH:0
end_of_record
TN:
SF:routes/api-v2.js
FN:24,(anonymous_0)
FN:73,(anonymous_1)
FN:81,(anonymous_2)
FN:87,(anonymous_3)
FN:100,(anonymous_4)
FN:145,(anonymous_5)
FN:153,(anonymous_6)
FN:157,(anonymous_7)
FN:161,(anonymous_8)
FN:165,(anonymous_9)
FN:168,(anonymous_10)
FN:205,(anonymous_11)
FN:245,(anonymous_12)
FN:277,(anonymous_13)
FN:301,(anonymous_14)
FN:321,(anonymous_15)
FN:350,(anonymous_16)
FN:356,(anonymous_17)
FN:361,(anonymous_18)
FN:366,(anonymous_19)
FN:391,(anonymous_20)
FN:422,(anonymous_21)
FN:452,(anonymous_22)
FN:464,(anonymous_23)
FN:483,calculateDistance
FNF:25
FNH:0
FNDA:0,(anonymous_0)
FNDA:0,(anonymous_1)
FNDA:0,(anonymous_2)
FNDA:0,(anonymous_3)
FNDA:0,(anonymous_4)
FNDA:0,(anonymous_5)
FNDA:0,(anonymous_6)
FNDA:0,(anonymous_7)
FNDA:0,(anonymous_8)
FNDA:0,(anonymous_9)
FNDA:0,(anonymous_10)
FNDA:0,(anonymous_11)
FNDA:0,(anonymous_12)
FNDA:0,(anonymous_13)
FNDA:0,(anonymous_14)
FNDA:0,(anonymous_15)
FNDA:0,(anonymous_16)
FNDA:0,(anonymous_17)
FNDA:0,(anonymous_18)
FNDA:0,(anonymous_19)
FNDA:0,(anonymous_20)
FNDA:0,(anonymous_21)
FNDA:0,(anonymous_22)
FNDA:0,(anonymous_23)
FNDA:0,calculateDistance
DA:1,0
DA:2,0
DA:3,0
DA:4,0
DA:5,0
DA:6,0
DA:9,0
DA:10,0
DA:11,0
DA:24,0
DA:25,0
DA:34,0
DA:37,0
DA:40,0
DA:41,0
DA:46,0
DA:47,0
DA:60,0
DA:61,0
DA:68,0
DA:71,0
DA:72,0
DA:73,0
DA:74,0
DA:75,0
DA:80,0
DA:81,0
DA:85,0
DA:86,0
DA:87,0
DA:88,0
DA:89,0
DA:95,0
DA:100,0
DA:103,0
DA:120,0
DA:127,0
DA:130,0
DA:131,0
DA:145,0
DA:146,0
DA:147,0
DA:149,0
DA:152,0
DA:153,0
DA:156,0
DA:157,0
DA:160,0
DA:161,0
DA:165,0
DA:168,0
DA:180,0
DA:189,0
DA:190,0
DA:205,0
DA:206,0
DA:207,0
DA:209,0
DA:210,0
DA:214,0
DA:220,0
DA:221,0
DA:227,0
DA:234,0
DA:235,0
DA:245,0
DA:246,0
DA:247,0
DA:248,0
DA:250,0
DA:251,0
DA:254,0
DA:265,0
DA:266,0
DA:277,0
DA:278,0
DA:279,0
DA:281,0
DA:283,0
DA:290,0
DA:291,0
DA:301,0
DA:302,0
DA:303,0
DA:304,0
DA:306,0
DA:307,0
DA:321,0
DA:322,0
DA:323,0
DA:325,0
DA:331,0
DA:338,0
DA:339,0
DA:350,0
DA:351,0
DA:353,0
DA:356,0
DA:361,0
DA:366,0
DA:371,0
DA:373,0
DA:380,0
DA:381,0
DA:391,0
DA:392,0
DA:393,0
DA:394,0
DA:395,0
DA:397,0
DA:410,0
DA:411,0
DA:422,0
DA:423,0
DA:424,0
DA:426,0
DA:427,0
DA:432,0
DA:441,0
DA:442,0
DA:452,0
DA:453,0
DA:455,0
DA:457,0
DA:458,0
DA:459,0
DA:464,0
DA:466,0
DA:474,0
DA:475,0
DA:484,0
DA:485,0
DA:486,0
DA:487,0
DA:488,0
DA:490,0
DA:493,0
DA:495,0
DA:498,0
LF:139
LH:0
BRDA:30,0,0,0
BRDA:33,1,0,0
BRDA:37,2,0,0
BRDA:37,2,1,0
BRDA:37,3,0,0
BRDA:37,3,1,0
BRDA:37,4,0,0
BRDA:37,4,1,0
BRDA:37,5,0,0
BRDA:37,5,1,0
BRDA:37,6,0,0
BRDA:37,6,1,0
BRDA:40,7,0,0
BRDA:40,7,1,0
BRDA:46,8,0,0
BRDA:46,8,1,0
BRDA:62,9,0,0
BRDA:62,9,1,0
BRDA:71,10,0,0
BRDA:71,10,1,0
BRDA:80,11,0,0
BRDA:80,11,1,0
BRDA:81,12,0,0
BRDA:81,12,1,0
BRDA:85,13,0,0
BRDA:85,13,1,0
BRDA:85,14,0,0
BRDA:85,14,1,0
BRDA:88,15,0,0
BRDA:88,15,1,0
BRDA:112,16,0,0
BRDA:112,16,1,0
BRDA:112,17,0,0
BRDA:112,17,1,0
BRDA:122,18,0,0
BRDA:122,18,1,0
BRDA:152,19,0,0
BRDA:152,19,1,0
BRDA:156,20,0,0
BRDA:156,20,1,0
BRDA:157,21,0,0
BRDA:157,21,1,0
BRDA:160,22,0,0
BRDA:160,22,1,0
BRDA:209,23,0,0
BRDA:209,23,1,0
BRDA:220,24,0,0
BRDA:220,24,1,0
BRDA:250,25,0,0
BRDA:250,25,1,0
BRDA:424,26,0,0
BRDA:458,27,0,0
BRDA:458,27,1,0
BRDA:458,28,0,0
BRDA:458,28,1,0
BRF:55
BRH:0
end_of_record
TN:
SF:routes/debug-play-now.js
FN:10,(anonymous_0)
FN:26,(anonymous_1)
FNF:2
FNH:0
FNDA:0,(anonymous_0)
FNDA:0,(anonymous_1)
DA:1,0
DA:2,0
DA:3,0
DA:5,0
DA:10,0
DA:11,0
DA:19,0
DA:20,0
DA:26,0
DA:35,0
DA:38,0
LF:11
LH:0
BRF:0
BRH:0
end_of_record
TN:
SF:routes/game-chat.js
FN:7,(anonymous_0)
FN:25,(anonymous_1)
FN:61,(anonymous_2)
FN:86,(anonymous_3)
FN:116,(anonymous_4)
FN:157,(anonymous_5)
FN:177,(anonymous_6)
FN:213,(anonymous_7)
FN:255,(anonymous_8)
FNF:9
FNH:0
FNDA:0,(anonymous_0)
FNDA:0,(anonymous_1)
FNDA:0,(anonymous_2)
FNDA:0,(anonymous_3)
FNDA:0,(anonymous_4)
FNDA:0,(anonymous_5)
FNDA:0,(anonymous_6)
FNDA:0,(anonymous_7)
FNDA:0,(anonymous_8)
DA:1,0
DA:2,0
DA:3,0
DA:4,0
DA:7,0
DA:8,0
DA:9,0
DA:10,0
DA:12,0
DA:13,0
DA:16,0
DA:17,0
DA:19,0
DA:20,0
DA:25,0
DA:26,0
DA:27,0
DA:28,0
DA:30,0
DA:33,0
DA:35,0
DA:43,0
DA:46,0
DA:49,0
DA:50,0
DA:53,0
DA:55,0
DA:56,0
DA:61,0
DA:62,0
DA:63,0
DA:64,0
DA:66,0
DA:67,0
DA:68,0
DA:71,0
DA:74,0
DA:75,0
DA:78,0
DA:80,0
DA:81,0
DA:86,0
DA:87,0
DA:88,0
DA:89,0
DA:91,0
DA:92,0
DA:93,0
DA:97,0
DA:98,0
DA:99,0
DA:102,0
DA:108,0
DA:110,0
DA:111,0
DA:116,0
DA:117,0
DA:118,0
DA:119,0
DA:120,0
DA:122,0
DA:123,0
DA:126,0
DA:127,0
DA:130,0
DA:131,0
DA:132,0
DA:135,0
DA:143,0
DA:149,0
DA:151,0
DA:152,0
DA:157,0
DA:158,0
DA:159,0
DA:160,0
DA:162,0
DA:163,0
DA:164,0
DA:168,0
DA:169,0
DA:171,0
DA:172,0
DA:177,0
DA:178,0
DA:179,0
DA:180,0
DA:181,0
DA:183,0
DA:184,0
DA:187,0
DA:188,0
DA:189,0
DA:192,0
DA:201,0
DA:207,0
DA:208,0
DA:213,0
DA:214,0
DA:216,0
DA:217,0
DA:218,0
DA:221,0
DA:222,0
DA:223,0
DA:225,0
DA:226,0
DA:229,0
DA:230,0
DA:231,0
DA:234,0
DA:243,0
DA:249,0
DA:250,0
DA:255,0
DA:256,0
DA:258,0
DA:259,0
DA:260,0
DA:263,0
DA:264,0
DA:266,0
DA:267,0
DA:271,0
LF:124
LH:0
BRDA:12,0,0,0
BRDA:12,0,1,0
BRDA:33,1,0,0
BRDA:33,1,1,0
BRDA:49,2,0,0
BRDA:49,2,1,0
BRDA:67,3,0,0
BRDA:67,3,1,0
BRDA:74,4,0,0
BRDA:74,4,1,0
BRDA:89,5,0,0
BRDA:92,6,0,0
BRDA:92,6,1,0
BRDA:98,7,0,0
BRDA:98,7,1,0
BRDA:122,8,0,0
BRDA:122,8,1,0
BRDA:122,9,0,0
BRDA:122,9,1,0
BRDA:126,10,0,0
BRDA:126,10,1,0
BRDA:131,11,0,0
BRDA:131,11,1,0
BRDA:145,12,0,0
BRDA:145,12,1,0
BRDA:163,13,0,0
BRDA:163,13,1,0
BRDA:183,14,0,0
BRDA:183,14,1,0
BRDA:183,15,0,0
BRDA:183,15,1,0
BRDA:188,16,0,0
BRDA:188,16,1,0
BRDA:216,17,0,0
BRDA:216,17,1,0
BRDA:217,18,0,0
BRDA:217,18,1,0
BRDA:225,19,0,0
BRDA:225,19,1,0
BRDA:225,20,0,0
BRDA:225,20,1,0
BRDA:225,20,2,0
BRDA:230,21,0,0
BRDA:230,21,1,0
BRDA:259,22,0,0
BRDA:259,22,1,0
BRF:46
BRH:0
end_of_record
TN:
SF:routes/moderation.js
FN:15,(anonymous_0)
FN:59,(anonymous_1)
FN:86,(anonymous_2)
FN:91,(anonymous_3)
FN:101,(anonymous_4)
FN:105,(anonymous_5)
FN:119,(anonymous_6)
FN:142,(anonymous_7)
FN:170,(anonymous_8)
FN:197,(anonymous_9)
FN:226,(anonymous_10)
FN:236,(anonymous_11)
FN:245,(anonymous_12)
FN:268,(anonymous_13)
FN:271,(anonymous_14)
FN:283,(anonymous_15)
FN:319,(anonymous_16)
FNF:17
FNH:0
FNDA:0,(anonymous_0)
FNDA:0,(anonymous_1)
FNDA:0,(anonymous_2)
FNDA:0,(anonymous_3)
FNDA:0,(anonymous_4)
FNDA:0,(anonymous_5)
FNDA:0,(anonymous_6)
FNDA:0,(anonymous_7)
FNDA:0,(anonymous_8)
FNDA:0,(anonymous_9)
FNDA:0,(anonymous_10)
FNDA:0,(anonymous_11)
FNDA:0,(anonymous_12)
FNDA:0,(anonymous_13)
FNDA:0,(anonymous_14)
FNDA:0,(anonymous_15)
FNDA:0,(anonymous_16)
DA:1,0
DA:2,0
DA:3,0
DA:6,0
DA:7,0
DA:8,0
DA:15,0
DA:16,0
DA:17,0
DA:20,0
DA:22,0
DA:32,0
DA:34,0
DA:41,0
DA:43,0
DA:51,0
DA:59,0
DA:60,0
DA:62,0
DA:63,0
DA:66,0
DA:78,0
DA:82,0
DA:86,0
DA:87,0
DA:89,0
DA:90,0
DA:91,0
DA:94,0
DA:101,0
DA:102,0
DA:103,0
DA:105,0
DA:106,0
DA:107,0
DA:110,0
DA:111,0
DA:112,0
DA:113,0
DA:115,0
DA:119,0
DA:120,0
DA:121,0
DA:124,0
DA:134,0
DA:138,0
DA:142,0
DA:143,0
DA:145,0
DA:146,0
DA:150,0
DA:162,0
DA:166,0
DA:170,0
DA:171,0
DA:173,0
DA:174,0
DA:178,0
DA:189,0
DA:193,0
DA:197,0
DA:199,0
DA:201,0
DA:202,0
DA:206,0
DA:218,0
DA:222,0
DA:226,0
DA:227,0
DA:229,0
DA:236,0
DA:238,0
DA:245,0
DA:247,0
DA:249,0
DA:250,0
DA:253,0
DA:262,0
DA:264,0
DA:268,0
DA:270,0
DA:271,0
DA:273,0
DA:274,0
DA:277,0
DA:279,0
DA:283,0
DA:284,0
DA:286,0
DA:287,0
DA:291,0
DA:319,0
DA:320,0
DA:324,0
DA:327,0
LF:95
LH:0
BRDA:16,0,0,0
BRDA:16,0,1,0
BRDA:20,1,0,0
BRDA:20,1,1,0
BRDA:20,1,2,0
BRDA:62,2,0,0
BRDA:62,2,1,0
BRDA:62,3,0,0
BRDA:62,3,1,0
BRDA:90,4,0,0
BRDA:90,4,1,0
BRDA:90,5,0,0
BRDA:90,5,1,0
BRDA:106,6,0,0
BRDA:106,6,1,0
BRDA:145,7,0,0
BRDA:145,7,1,0
BRDA:145,8,0,0
BRDA:145,8,1,0
BRDA:145,8,2,0
BRDA:173,9,0,0
BRDA:173,9,1,0
BRDA:173,10,0,0
BRDA:173,10,1,0
BRDA:201,11,0,0
BRDA:201,11,1,0
BRDA:201,12,0,0
BRDA:201,12,1,0
BRDA:201,12,2,0
BRDA:227,13,0,0
BRDA:247,14,0,0
BRDA:247,15,0,0
BRDA:249,16,0,0
BRDA:249,16,1,0
BRDA:273,17,0,0
BRDA:273,17,1,0
BRDA:286,18,0,0
BRDA:286,18,1,0
BRDA:286,19,0,0
BRDA:286,19,1,0
BRDA:320,20,0,0
BRDA:320,20,1,0
BRF:42
BRH:0
end_of_record
TN:
SF:routes/play-now.js
FN:15,(anonymous_0)
FN:68,(anonymous_1)
FN:104,(anonymous_2)
FN:131,(anonymous_3)
FN:154,(anonymous_4)
FN:191,(anonymous_5)
FNF:6
FNH:0
FNDA:0,(anonymous_0)
FNDA:0,(anonymous_1)
FNDA:0,(anonymous_2)
FNDA:0,(anonymous_3)
FNDA:0,(anonymous_4)
FNDA:0,(anonymous_5)
DA:1,0
DA:2,0
DA:3,0
DA:5,0
DA:15,0
DA:16,0
DA:17,0
DA:20,0
DA:25,0
DA:30,0
DA:33,0
DA:51,0
DA:57,0
DA:58,0
DA:68,0
DA:69,0
DA:70,0
DA:74,0
DA:91,0
DA:94,0
DA:95,0
DA:104,0
DA:105,0
DA:106,0
DA:109,0
DA:110,0
DA:111,0
DA:113,0
DA:120,0
DA:122,0
DA:123,0
DA:131,0
DA:132,0
DA:133,0
DA:134,0
DA:136,0
DA:142,0
DA:143,0
DA:154,0
DA:155,0
DA:156,0
DA:158,0
DA:159,0
DA:162,0
DA:163,0
DA:166,0
DA:167,0
DA:170,0
DA:179,0
DA:180,0
DA:191,0
DA:192,0
DA:193,0
DA:195,0
DA:200,0
DA:201,0
DA:209,0
LF:57
LH:0
BRDA:17,0,0,0
BRDA:21,1,0,0
BRDA:21,1,1,0
BRDA:22,2,0,0
BRDA:22,2,1,0
BRDA:109,3,0,0
BRDA:109,3,1,0
BRDA:110,4,0,0
BRDA:110,4,1,0
BRDA:111,5,0,0
BRDA:111,5,1,0
BRDA:158,6,0,0
BRDA:158,6,1,0
BRDA:162,7,0,0
BRDA:162,7,1,0
BRDA:162,8,0,0
BRDA:162,8,1,0
BRDA:166,9,0,0
BRDA:166,9,1,0
BRF:19
BRH:0
end_of_record
TN:
SF:routes/sports.js
FN:13,(anonymous_0)
FN:17,(anonymous_1)
FN:25,(anonymous_2)
FN:26,(anonymous_3)
FNF:4
FNH:0
FNDA:0,(anonymous_0)
FNDA:0,(anonymous_1)
FNDA:0,(anonymous_2)
FNDA:0,(anonymous_3)
DA:1,0
DA:2,0
DA:4,0
DA:13,0
DA:14,0
DA:17,0
DA:25,0
DA:26,0
DA:27,0
DA:29,0
DA:39,0
LF:11
LH:0
BRDA:20,0,0,0
BRDA:20,0,1,0
BRDA:27,1,0,0
BRDA:27,1,1,0
BRF:4
BRH:0
end_of_record
TN:
SF:routes/user-games.js
FN:7,geocodeAddress
FN:21,(anonymous_1)
FN:138,(anonymous_2)
FN:144,(anonymous_3)
FN:145,(anonymous_4)
FN:157,(anonymous_5)
FN:216,(anonymous_6)
FN:256,(anonymous_7)
FNF:8
FNH:0
FNDA:0,geocodeAddress
FNDA:0,(anonymous_1)
FNDA:0,(anonymous_2)
FNDA:0,(anonymous_3)
FNDA:0,(anonymous_4)
FNDA:0,(anonymous_5)
FNDA:0,(anonymous_6)
FNDA:0,(anonymous_7)
DA:1,0
DA:2,0
DA:3,0
DA:4,0
DA:9,0
DA:16,0
DA:17,0
DA:21,0
DA:22,0
DA:23,0
DA:24,0
DA:25,0
DA:28,0
DA:29,0
DA:30,0
DA:31,0
DA:38,0
DA:39,0
DA:45,0
DA:46,0
DA:50,0
DA:53,0
DA:90,0
DA:92,0
DA:93,0
DA:99,0
DA:100,0
DA:103,0
DA:104,0
DA:113,0
DA:114,0
DA:117,0
DA:118,0
DA:120,0
DA:130,0
DA:131,0
DA:138,0
DA:139,0
DA:140,0
DA:141,0
DA:143,0
DA:144,0
DA:145,0
DA:147,0
DA:149,0
DA:150,0
DA:157,0
DA:158,0
DA:159,0
DA:160,0
DA:161,0
DA:162,0
DA:165,0
DA:167,0
DA:168,0
DA:172,0
DA:173,0
DA:179,0
DA:190,0
DA:191,0
DA:197,0
DA:200,0
DA:201,0
DA:203,0
DA:208,0
DA:209,0
DA:216,0
DA:217,0
DA:218,0
DA:219,0
DA:220,0
DA:223,0
DA:225,0
DA:226,0
DA:230,0
DA:231,0
DA:237,0
DA:240,0
DA:241,0
DA:243,0
DA:248,0
DA:249,0
DA:256,0
DA:257,0
DA:258,0
DA:259,0
DA:260,0
DA:263,0
DA:272,0
DA:273,0
DA:275,0
DA:276,0
DA:277,0
DA:280,0
DA:285,0
DA:286,0
DA:292,0
LF:97
LH:0
BRDA:16,0,0,0
BRDA:16,0,1,0
BRDA:17,1,0,0
BRDA:17,1,1,0
BRDA:30,2,0,0
BRDA:30,2,1,0
BRDA:38,3,0,0
BRDA:38,3,1,0
BRDA:38,4,0,0
BRDA:38,4,1,0
BRDA:45,5,0,0
BRDA:45,5,1,0
BRDA:63,6,0,0
BRDA:63,6,1,0
BRDA:64,7,0,0
BRDA:64,7,1,0
BRDA:66,8,0,0
BRDA:66,8,1,0
BRDA:67,9,0,0
BRDA:67,9,1,0
BRDA:70,10,0,0
BRDA:70,10,1,0
BRDA:71,11,0,0
BRDA:71,11,1,0
BRDA:72,12,0,0
BRDA:72,12,1,0
BRDA:76,13,0,0
BRDA:76,13,1,0
BRDA:92,14,0,0
BRDA:92,14,1,0
BRDA:110,15,0,0
BRDA:110,15,1,0
BRDA:118,16,0,0
BRDA:118,16,1,0
BRDA:167,17,0,0
BRDA:167,17,1,0
BRDA:172,18,0,0
BRDA:172,18,1,0
BRDA:190,19,0,0
BRDA:190,19,1,0
BRDA:225,20,0,0
BRDA:225,20,1,0
BRDA:230,21,0,0
BRDA:230,21,1,0
BRDA:275,22,0,0
BRDA:275,22,1,0
BRF:46
BRH:0
end_of_record
TN:
SF:routes/venue-requests.js
FN:10,(anonymous_0)
FN:68,(anonymous_1)
FN:73,(anonymous_2)
FN:74,(anonymous_3)
FN:86,(anonymous_4)
FN:111,(anonymous_5)
FN:119,(anonymous_6)
FN:120,(anonymous_7)
FN:132,(anonymous_8)
FN:188,(anonymous_9)
FN:199,(anonymous_10)
FN:204,(anonymous_11)
FNF:12
FNH:0
FNDA:0,(anonymous_0)
FNDA:0,(anonymous_1)
FNDA:0,(anonymous_2)
FNDA:0,(anonymous_3)
FNDA:0,(anonymous_4)
FNDA:0,(anonymous_5)
FNDA:0,(anonymous_6)
FNDA:0,(anonymous_7)
FNDA:0,(anonymous_8)
FNDA:0,(anonymous_9)
FNDA:0,(anonymous_10)
FNDA:0,(anonymous_11)
DA:1,0
DA:2,0
DA:3,0
DA:6,0
DA:7,0
DA:10,0
DA:11,0
DA:12,0
DA:13,0
DA:16,0
DA:17,0
DA:23,0
DA:41,0
DA:47,0
DA:49,0
DA:60,0
DA:61,0
DA:68,0
DA:69,0
DA:70,0
DA:72,0
DA:73,0
DA:74,0
DA:76,0
DA:78,0
DA:79,0
DA:86,0
DA:87,0
DA:88,0
DA:90,0
DA:91,0
DA:95,0
DA:96,0
DA:99,0
DA:101,0
DA:102,0
DA:111,0
DA:113,0
DA:114,0
DA:117,0
DA:118,0
DA:119,0
DA:120,0
DA:122,0
DA:124,0
DA:125,0
DA:132,0
DA:134,0
DA:135,0
DA:138,0
DA:139,0
DA:140,0
DA:142,0
DA:143,0
DA:147,0
DA:148,0
DA:149,0
DA:151,0
DA:152,0
DA:159,0
DA:160,0
DA:161,0
DA:164,0
DA:167,0
DA:168,0
DA:178,0
DA:180,0
DA:181,0
DA:188,0
DA:189,0
DA:190,0
DA:191,0
DA:192,0
DA:195,0
DA:197,0
DA:200,0
DA:204,0
DA:211,0
DA:213,0
DA:214,0
DA:220,0
LF:81
LH:0
BRDA:16,0,0,0
BRDA:16,0,1,0
BRDA:16,1,0,0
BRDA:16,1,1,0
BRDA:16,1,2,0
BRDA:31,2,0,0
BRDA:31,2,1,0
BRDA:90,3,0,0
BRDA:90,3,1,0
BRDA:95,4,0,0
BRDA:95,4,1,0
BRDA:113,5,0,0
BRDA:113,5,1,0
BRDA:134,6,0,0
BRDA:134,6,1,0
BRDA:142,7,0,0
BRDA:142,7,1,0
BRDA:151,8,0,0
BRDA:151,8,1,0
BRDA:159,9,0,0
BRDA:159,9,1,0
BRDA:159,10,0,0
BRDA:159,10,1,0
BRDA:173,11,0,0
BRDA:173,11,1,0
BRDA:200,12,0,0
BRDA:200,12,1,0
BRF:27
BRH:0
end_of_record
TN:
SF:routes/venues.js
FN:14,(anonymous_0)
FN:18,(anonymous_1)
FN:19,(anonymous_2)
FN:20,(anonymous_3)
FN:25,(anonymous_4)
FN:33,(anonymous_5)
FN:34,(anonymous_6)
FNF:7
FNH:0
FNDA:0,(anonymous_0)
FNDA:0,(anonymous_1)
FNDA:0,(anonymous_2)
FNDA:0,(anonymous_3)
FNDA:0,(anonymous_4)
FNDA:0,(anonymous_5)
FNDA:0,(anonymous_6)
DA:1,0
DA:2,0
DA:5,0
DA:14,0
DA:15,0
DA:16,0
DA:18,0
DA:19,0
DA:20,0
DA:22,0
DA:25,0
DA:33,0
DA:34,0
DA:35,0
DA:37,0
DA:50,0
LF:16
LH:0
BRDA:18,0,0,0
BRDA:18,0,1,0
BRDA:19,1,0,0
BRDA:19,1,1,0
BRDA:20,2,0,0
BRDA:20,2,1,0
BRDA:35,3,0,0
BRDA:35,3,1,0
BRF:8
BRH:0
end_of_record
TN:
SF:routes/version-check.js
FN:5,(anonymous_0)
FNF:1
FNH:0
FNDA:0,(anonymous_0)
DA:1,0
DA:2,0
DA:5,0
DA:6,0
DA:7,0
DA:9,0
DA:16,0
DA:38,0
LF:8
LH:0
BRF:0
BRH:0
end_of_record
TN:
SF:services/bc-locations.js
FN:97,(anonymous_0)
FN:105,(anonymous_1)
FN:128,(anonymous_2)
FN:134,(anonymous_3)
FN:145,(anonymous_4)
FN:150,(anonymous_5)
FN:181,(anonymous_6)
FN:185,(anonymous_7)
FN:189,(anonymous_8)
FN:197,(anonymous_9)
FN:198,(anonymous_10)
FN:205,(anonymous_11)
FN:221,(anonymous_12)
FN:250,(anonymous_13)
FN:270,(anonymous_14)
FN:271,(anonymous_15)
FNF:16
FNH:0
FNDA:0,(anonymous_0)
FNDA:0,(anonymous_1)
FNDA:0,(anonymous_2)
FNDA:0,(anonymous_3)
FNDA:0,(anonymous_4)
FNDA:0,(anonymous_5)
FNDA:0,(anonymous_6)
FNDA:0,(anonymous_7)
FNDA:0,(anonymous_8)
FNDA:0,(anonymous_9)
FNDA:0,(anonymous_10)
FNDA:0,(anonymous_11)
FNDA:0,(anonymous_12)
FNDA:0,(anonymous_13)
FNDA:0,(anonymous_14)
FNDA:0,(anonymous_15)
DA:2,0
DA:98,0
DA:99,0
DA:101,0
DA:106,0
DA:107,0
DA:110,0
DA:113,0
DA:114,0
DA:118,0
DA:119,0
DA:120,0
DA:124,0
DA:129,0
DA:130,0
DA:135,0
DA:136,0
DA:137,0
DA:139,0
DA:141,0
DA:142,0
DA:146,0
DA:151,0
DA:152,0
DA:153,0
DA:156,0
DA:157,0
DA:158,0
DA:160,0
DA:161,0
DA:162,0
DA:165,0
DA:172,0
DA:173,0
DA:181,0
DA:186,0
DA:187,0
DA:189,0
DA:190,0
DA:193,0
DA:198,0
DA:206,0
DA:207,0
DA:211,0
DA:212,0
DA:216,0
DA:217,0
DA:222,0
DA:223,0
DA:224,0
DA:228,0
DA:229,0
DA:230,0
DA:231,0
DA:232,0
DA:235,0
DA:236,0
DA:239,0
DA:246,0
DA:251,0
DA:252,0
DA:255,0
DA:256,0
DA:258,0
DA:260,0
DA:261,0
DA:270,0
DA:271,0
DA:272,0
DA:282,0
DA:286,0
LF:71
LH:0
BRDA:98,0,0,0
BRDA:98,0,1,0
BRDA:106,1,0,0
BRDA:106,1,1,0
BRDA:113,2,0,0
BRDA:113,2,1,0
BRDA:119,3,0,0
BRDA:119,3,1,0
BRDA:130,4,0,0
BRDA:130,4,1,0
BRDA:150,5,0,0
BRDA:152,6,0,0
BRDA:152,6,1,0
BRDA:161,7,0,0
BRDA:161,7,1,0
BRDA:172,8,0,0
BRDA:172,8,1,0
BRDA:185,9,0,0
BRDA:206,10,0,0
BRDA:206,10,1,0
BRDA:211,11,0,0
BRDA:211,11,1,0
BRDA:217,12,0,0
BRDA:217,12,1,0
BRDA:221,13,0,0
BRDA:223,14,0,0
BRDA:223,14,1,0
BRDA:229,15,0,0
BRDA:229,15,1,0
BRDA:229,16,0,0
BRDA:229,16,1,0
BRDA:231,17,0,0
BRDA:231,17,1,0
BRDA:235,18,0,0
BRDA:235,18,1,0
BRDA:251,19,0,0
BRDA:251,19,1,0
BRDA:251,20,0,0
BRDA:251,20,1,0
BRDA:260,21,0,0
BRDA:260,21,1,0
BRDA:271,22,0,0
BRDA:271,22,1,0
BRDA:271,23,0,0
BRDA:271,23,1,0
BRF:45
BRH:0
end_of_record
TN:
SF:services/cache-service.js
FN:5,(anonymous_0)
FN:77,(anonymous_1)
FN:78,(anonymous_2)
FN:79,(anonymous_3)
FN:80,(anonymous_4)
FN:81,(anonymous_5)
FN:82,(anonymous_6)
FN:87,(anonymous_7)
FN:90,(anonymous_8)
FN:104,(anonymous_9)
FN:119,(anonymous_10)
FN:134,(anonymous_11)
FN:140,(anonymous_12)
FN:154,(anonymous_13)
FN:169,(anonymous_14)
FN:183,(anonymous_15)
FN:197,(anonymous_16)
FN:211,(anonymous_17)
FN:217,(anonymous_18)
FN:223,(anonymous_19)
FN:228,(anonymous_20)
FN:233,(anonymous_21)
FN:241,(anonymous_22)
FN:245,(anonymous_23)
FN:253,(anonymous_24)
FN:258,(anonymous_25)
FN:263,(anonymous_26)
FN:266,(anonymous_27)
FN:285,(anonymous_28)
FN:316,(anonymous_29)
FN:317,(anonymous_30)
FN:322,(anonymous_31)
FN:323,(anonymous_32)
FN:326,(anonymous_33)
FN:334,(anonymous_34)
FNF:35
FNH:0
FNDA:0,(anonymous_0)
FNDA:0,(anonymous_1)
FNDA:0,(anonymous_2)
FNDA:0,(anonymous_3)
FNDA:0,(anonymous_4)
FNDA:0,(anonymous_5)
FNDA:0,(anonymous_6)
FNDA:0,(anonymous_7)
FNDA:0,(anonymous_8)
FNDA:0,(anonymous_9)
FNDA:0,(anonymous_10)
FNDA:0,(anonymous_11)
FNDA:0,(anonymous_12)
FNDA:0,(anonymous_13)
FNDA:0,(anonymous_14)
FNDA:0,(anonymous_15)
FNDA:0,(anonymous_16)
FNDA:0,(anonymous_17)
FNDA:0,(anonymous_18)
FNDA:0,(anonymous_19)
FNDA:0,(anonymous_20)
FNDA:0,(anonymous_21)
FNDA:0,(anonymous_22)
FNDA:0,(anonymous_23)
FNDA:0,(anonymous_24)
FNDA:0,(anonymous_25)
FNDA:0,(anonymous_26)
FNDA:0,(anonymous_27)
FNDA:0,(anonymous_28)
FNDA:0,(anonymous_29)
FNDA:0,(anonymous_30)
FNDA:0,(anonymous_31)
FNDA:0,(anonymous_32)
FNDA:0,(anonymous_33)
FNDA:0,(anonymous_34)
DA:1,0
DA:2,0
DA:7,0
DA:68,0
DA:77,0
DA:78,0
DA:79,0
DA:80,0
DA:81,0
DA:82,0
DA:88,0
DA:91,0
DA:92,0
DA:95,0
DA:100,0
DA:105,0
DA:106,0
DA:108,0
DA:110,0
DA:111,0
DA:112,0
DA:115,0
DA:120,0
DA:130,0
DA:135,0
DA:136,0
DA:141,0
DA:142,0
DA:144,0
DA:146,0
DA:147,0
DA:150,0
DA:155,0
DA:156,0
DA:158,0
DA:160,0
DA:161,0
DA:162,0
DA:165,0
DA:170,0
DA:171,0
DA:173,0
DA:175,0
DA:176,0
DA:179,0
DA:184,0
DA:185,0
DA:187,0
DA:189,0
DA:190,0
DA:193,0
DA:198,0
DA:199,0
DA:201,0
DA:203,0
DA:204,0
DA:207,0
DA:212,0
DA:213,0
DA:218,0
DA:219,0
DA:224,0
DA:229,0
DA:234,0
DA:235,0
DA:237,0
DA:242,0
DA:244,0
DA:245,0
DA:246,0
DA:247,0
DA:254,0
DA:259,0
DA:264,0
DA:266,0
DA:267,0
DA:275,0
DA:286,0
DA:292,0
DA:294,0
DA:295,0
DA:296,0
DA:300,0
DA:301,0
DA:302,0
DA:305,0
DA:306,0
DA:308,0
DA:309,0
DA:312,0
DA:317,0
DA:318,0
DA:323,0
DA:326,0
DA:327,0
DA:328,0
DA:335,0
DA:336,0
DA:337,0
DA:343,0
LF:100
LH:0
BRDA:108,0,0,0
BRDA:108,0,1,0
BRDA:130,1,0,0
BRDA:130,1,1,0
BRDA:135,2,0,0
BRDA:135,2,1,0
BRDA:144,3,0,0
BRDA:144,3,1,0
BRDA:158,4,0,0
BRDA:158,4,1,0
BRDA:161,5,0,0
BRDA:161,5,1,0
BRDA:173,6,0,0
BRDA:173,6,1,0
BRDA:187,7,0,0
BRDA:187,7,1,0
BRDA:201,8,0,0
BRDA:201,8,1,0
BRDA:223,9,0,0
BRDA:246,10,0,0
BRDA:246,10,1,0
BRDA:271,11,0,0
BRDA:271,11,1,0
BRDA:278,12,0,0
BRDA:278,12,1,0
BRDA:285,13,0,0
BRDA:294,14,0,0
BRDA:294,14,1,0
BRDA:300,15,0,0
BRDA:300,15,1,0
BRDA:322,16,0,0
BRDA:335,17,0,0
BRDA:335,17,1,0
BRF:33
BRH:0
end_of_record
TN:
SF:services/chat-room-service.js
FN:5,(anonymous_0)
FN:21,(anonymous_1)
FN:65,(anonymous_2)
FN:78,(anonymous_3)
FN:89,(anonymous_4)
FN:131,(anonymous_5)
FN:157,(anonymous_6)
FN:188,(anonymous_7)
FN:221,(anonymous_8)
FN:224,(anonymous_9)
FN:227,(anonymous_10)
FN:243,(anonymous_11)
FN:245,(anonymous_12)
FN:273,(anonymous_13)
FN:303,(anonymous_14)
FN:310,(anonymous_15)
FN:325,(anonymous_16)
FN:373,(anonymous_17)
FN:402,(anonymous_18)
FN:403,(anonymous_19)
FN:409,(anonymous_20)
FNF:21
FNH:0
FNDA:0,(anonymous_0)
FNDA:0,(anonymous_1)
FNDA:0,(anonymous_2)
FNDA:0,(anonymous_3)
FNDA:0,(anonymous_4)
FNDA:0,(anonymous_5)
FNDA:0,(anonymous_6)
FNDA:0,(anonymous_7)
FNDA:0,(anonymous_8)
FNDA:0,(anonymous_9)
FNDA:0,(anonymous_10)
FNDA:0,(anonymous_11)
FNDA:0,(anonymous_12)
FNDA:0,(anonymous_13)
FNDA:0,(anonymous_14)
FNDA:0,(anonymous_15)
FNDA:0,(anonymous_16)
FNDA:0,(anonymous_17)
FNDA:0,(anonymous_18)
FNDA:0,(anonymous_19)
FNDA:0,(anonymous_20)
DA:1,0
DA:2,0
DA:7,0
DA:8,0
DA:9,0
DA:10,0
DA:11,0
DA:12,0
DA:23,0
DA:24,0
DA:27,0
DA:28,0
DA:29,0
DA:31,0
DA:45,0
DA:46,0
DA:47,0
DA:48,0
DA:51,0
DA:57,0
DA:66,0
DA:67,0
DA:68,0
DA:70,0
DA:79,0
DA:80,0
DA:90,0
DA:91,0
DA:92,0
DA:95,0
DA:96,0
DA:99,0
DA:100,0
DA:101,0
DA:104,0
DA:105,0
DA:108,0
DA:116,0
DA:118,0
DA:132,0
DA:133,0
DA:134,0
DA:137,0
DA:145,0
DA:148,0
DA:158,0
DA:159,0
DA:162,0
DA:163,0
DA:166,0
DA:169,0
DA:170,0
DA:171,0
DA:177,0
DA:189,0
DA:190,0
DA:191,0
DA:194,0
DA:195,0
DA:196,0
DA:199,0
DA:211,0
DA:222,0
DA:224,0
DA:226,0
DA:227,0
DA:228,0
DA:229,0
DA:233,0
DA:244,0
DA:245,0
DA:247,0
DA:248,0
DA:251,0
DA:252,0
DA:253,0
DA:256,0
DA:257,0
DA:258,0
DA:265,0
DA:274,0
DA:276,0
DA:277,0
DA:290,0
DA:293,0
DA:295,0
DA:304,0
DA:305,0
DA:306,0
DA:309,0
DA:310,0
DA:312,0
DA:326,0
DA:328,0
DA:329,0
DA:340,0
DA:343,0
DA:345,0
DA:346,0
DA:348,0
DA:354,0
DA:357,0
DA:363,0
DA:366,0
DA:374,0
DA:375,0
DA:377,0
DA:378,0
DA:379,0
DA:382,0
DA:383,0
DA:385,0
DA:386,0
DA:387,0
DA:388,0
DA:389,0
DA:390,0
DA:395,0
DA:403,0
DA:404,0
DA:406,0
DA:409,0
DA:415,0
LF:123
LH:0
BRDA:23,0,0,0
BRDA:23,0,1,0
BRDA:28,1,0,0
BRDA:28,1,1,0
BRDA:34,2,0,0
BRDA:34,2,1,0
BRDA:67,3,0,0
BRDA:67,3,1,0
BRDA:67,4,0,0
BRDA:67,4,1,0
BRDA:70,5,0,0
BRDA:70,5,1,0
BRDA:80,6,0,0
BRDA:80,6,1,0
BRDA:91,7,0,0
BRDA:91,7,1,0
BRDA:95,8,0,0
BRDA:95,8,1,0
BRDA:99,9,0,0
BRDA:99,9,1,0
BRDA:100,10,0,0
BRDA:100,10,1,0
BRDA:100,11,0,0
BRDA:100,11,1,0
BRDA:133,12,0,0
BRDA:133,12,1,0
BRDA:158,13,0,0
BRDA:158,13,1,0
BRDA:162,14,0,0
BRDA:162,14,1,0
BRDA:170,15,0,0
BRDA:170,15,1,0
BRDA:188,16,0,0
BRDA:190,17,0,0
BRDA:190,17,1,0
BRDA:190,18,0,0
BRDA:190,18,1,0
BRDA:194,19,0,0
BRDA:194,19,1,0
BRDA:195,20,0,0
BRDA:195,20,1,0
BRDA:221,21,0,0
BRDA:221,22,0,0
BRDA:222,23,0,0
BRDA:222,23,1,0
BRDA:226,24,0,0
BRDA:226,24,1,0
BRDA:228,25,0,0
BRDA:228,25,1,0
BRDA:244,26,0,0
BRDA:244,26,1,0
BRDA:247,27,0,0
BRDA:247,27,1,0
BRDA:257,28,0,0
BRDA:257,28,1,0
BRDA:305,29,0,0
BRDA:305,29,1,0
BRDA:309,30,0,0
BRDA:309,30,1,0
BRDA:310,31,0,0
BRDA:310,31,1,0
BRDA:343,32,0,0
BRDA:343,32,1,0
BRDA:345,33,0,0
BRDA:345,33,1,0
BRDA:345,34,0,0
BRDA:345,34,1,0
BRDA:378,35,0,0
BRDA:378,35,1,0
BRDA:385,36,0,0
BRDA:385,36,1,0
BRF:71
BRH:0
end_of_record
TN:
SF:services/cleanup-jobs.js
FN:4,(anonymous_0)
FN:13,(anonymous_1)
FN:17,(anonymous_2)
FN:22,(anonymous_3)
FN:27,(anonymous_4)
FN:32,(anonymous_5)
FN:37,(anonymous_6)
FN:42,(anonymous_7)
FN:47,(anonymous_8)
FN:52,(anonymous_9)
FN:60,(anonymous_10)
FN:61,(anonymous_11)
FN:90,(anonymous_12)
FN:107,(anonymous_13)
FN:137,(anonymous_14)
FN:152,(anonymous_15)
FN:209,(anonymous_16)
FN:221,(anonymous_17)
FN:228,(anonymous_18)
FN:244,(anonymous_19)
FN:252,(anonymous_20)
FN:259,(anonymous_21)
FN:283,(anonymous_22)
FN:321,(anonymous_23)
FN:369,(anonymous_24)
FN:395,(anonymous_25)
FN:398,(anonymous_26)
FN:410,(anonymous_27)
FN:442,(anonymous_28)
FN:443,(anonymous_29)
FNF:30
FNH:0
FNDA:0,(anonymous_0)
FNDA:0,(anonymous_1)
FNDA:0,(anonymous_2)
FNDA:0,(anonymous_3)
FNDA:0,(anonymous_4)
FNDA:0,(anonymous_5)
FNDA:0,(anonymous_6)
FNDA:0,(anonymous_7)
FNDA:0,(anonymous_8)
FNDA:0,(anonymous_9)
FNDA:0,(anonymous_10)
FNDA:0,(anonymous_11)
FNDA:0,(anonymous_12)
FNDA:0,(anonymous_13)
FNDA:0,(anonymous_14)
FNDA:0,(anonymous_15)
FNDA:0,(anonymous_16)
FNDA:0,(anonymous_17)
FNDA:0,(anonymous_18)
FNDA:0,(anonymous_19)
FNDA:0,(anonymous_20)
FNDA:0,(anonymous_21)
FNDA:0,(anonymous_22)
FNDA:0,(anonymous_23)
FNDA:0,(anonymous_24)
FNDA:0,(anonymous_25)
FNDA:0,(anonymous_26)
FNDA:0,(anonymous_27)
FNDA:0,(anonymous_28)
FNDA:0,(anonymous_29)
DA:1,0
DA:5,0
DA:6,0
DA:7,0
DA:8,0
DA:9,0
DA:14,0
DA:17,0
DA:18,0
DA:22,0
DA:23,0
DA:27,0
DA:28,0
DA:32,0
DA:33,0
DA:37,0
DA:38,0
DA:42,0
DA:43,0
DA:47,0
DA:48,0
DA:52,0
DA:53,0
DA:56,0
DA:61,0
DA:62,0
DA:63,0
DA:65,0
DA:66,0
DA:68,0
DA:69,0
DA:70,0
DA:72,0
DA:73,0
DA:74,0
DA:78,0
DA:79,0
DA:91,0
DA:92,0
DA:93,0
DA:94,0
DA:95,0
DA:97,0
DA:98,0
DA:100,0
DA:101,0
DA:108,0
DA:109,0
DA:110,0
DA:113,0
DA:115,0
DA:123,0
DA:126,0
DA:133,0
DA:136,0
DA:137,0
DA:138,0
DA:142,0
DA:144,0
DA:146,0
DA:147,0
DA:153,0
DA:154,0
DA:155,0
DA:158,0
DA:160,0
DA:172,0
DA:175,0
DA:185,0
DA:187,0
DA:189,0
DA:192,0
DA:193,0
DA:198,0
DA:199,0
DA:201,0
DA:204,0
DA:210,0
DA:211,0
DA:212,0
DA:215,0
DA:216,0
DA:219,0
DA:221,0
DA:222,0
DA:223,0
DA:228,0
DA:229,0
DA:230,0
DA:231,0
DA:235,0
DA:237,0
DA:245,0
DA:250,0
DA:252,0
DA:255,0
DA:260,0
DA:261,0
DA:262,0
DA:265,0
DA:267,0
DA:272,0
DA:273,0
DA:275,0
DA:277,0
DA:278,0
DA:284,0
DA:285,0
DA:286,0
DA:289,0
DA:297,0
DA:299,0
DA:300,0
DA:301,0
DA:302,0
DA:303,0
DA:307,0
DA:309,0
DA:313,0
DA:317,0
DA:322,0
DA:323,0
DA:324,0
DA:327,0
DA:329,0
DA:331,0
DA:335,0
DA:338,0
DA:342,0
DA:345,0
DA:349,0
DA:352,0
DA:357,0
DA:359,0
DA:361,0
DA:363,0
DA:364,0
DA:370,0
DA:371,0
DA:372,0
DA:375,0
DA:376,0
DA:377,0
DA:378,0
DA:380,0
DA:382,0
DA:385,0
DA:386,0
DA:387,0
DA:390,0
DA:396,0
DA:398,0
DA:399,0
DA:406,0
DA:411,0
DA:412,0
DA:413,0
DA:416,0
DA:419,0
DA:421,0
DA:423,0
DA:425,0
DA:427,0
DA:429,0
DA:431,0
DA:433,0
DA:435,0
DA:437,0
DA:443,0
DA:444,0
DA:445,0
DA:448,0
DA:452,0
LF:173
LH:0
BRDA:90,0,0,0
BRDA:92,1,0,0
BRDA:92,1,1,0
BRDA:97,2,0,0
BRDA:97,2,1,0
BRDA:108,3,0,0
BRDA:108,3,1,0
BRDA:123,4,0,0
BRDA:123,4,1,0
BRDA:133,5,0,0
BRDA:133,5,1,0
BRDA:136,6,0,0
BRDA:136,6,1,0
BRDA:153,7,0,0
BRDA:153,7,1,0
BRDA:172,8,0,0
BRDA:172,8,1,0
BRDA:185,9,0,0
BRDA:185,9,1,0
BRDA:192,10,0,0
BRDA:192,10,1,0
BRDA:198,11,0,0
BRDA:198,11,1,0
BRDA:210,12,0,0
BRDA:210,12,1,0
BRDA:222,13,0,0
BRDA:222,13,1,0
BRDA:230,14,0,0
BRDA:230,14,1,0
BRDA:260,15,0,0
BRDA:260,15,1,0
BRDA:272,16,0,0
BRDA:272,16,1,0
BRDA:284,17,0,0
BRDA:284,17,1,0
BRDA:322,18,0,0
BRDA:322,18,1,0
BRDA:335,19,0,0
BRDA:335,19,1,0
BRDA:342,20,0,0
BRDA:342,20,1,0
BRDA:349,21,0,0
BRDA:349,21,1,0
BRDA:357,22,0,0
BRDA:357,22,1,0
BRDA:370,23,0,0
BRDA:370,23,1,0
BRDA:385,24,0,0
BRDA:385,24,1,0
BRDA:385,25,0,0
BRDA:385,25,1,0
BRDA:401,26,0,0
BRDA:401,26,1,0
BRDA:402,27,0,0
BRDA:402,27,1,0
BRDA:412,28,0,0
BRDA:412,28,1,0
BRDA:419,29,0,0
BRDA:419,29,1,0
BRDA:419,29,2,0
BRDA:419,29,3,0
BRDA:419,29,4,0
BRDA:419,29,5,0
BRDA:419,29,6,0
BRDA:419,29,7,0
BRDA:419,29,8,0
BRF:66
BRH:0
end_of_record
TN:
SF:services/data-aggregation-pipeline.js
FN:7,(anonymous_0)
FN:14,(anonymous_1)
FN:22,(anonymous_2)
FN:26,(anonymous_3)
FN:30,(anonymous_4)
FN:36,(anonymous_5)
FN:48,(anonymous_6)
FN:51,(anonymous_7)
FN:55,(anonymous_8)
FN:62,(anonymous_9)
FN:81,(anonymous_10)
FN:91,(anonymous_11)
FN:93,(anonymous_12)
FN:98,(anonymous_13)
FN:103,(anonymous_14)
FN:108,(anonymous_15)
FN:113,(anonymous_16)
FN:120,(anonymous_17)
FN:130,(anonymous_18)
FN:132,(anonymous_19)
FN:153,(anonymous_20)
FN:170,(anonymous_21)
FN:211,(anonymous_22)
FN:225,(anonymous_23)
FN:243,(anonymous_24)
FN:247,(anonymous_25)
FN:252,(anonymous_26)
FN:287,(anonymous_27)
FN:313,(anonymous_28)
FN:323,(anonymous_29)
FN:338,(anonymous_30)
FN:366,(anonymous_31)
FN:380,(anonymous_32)
FN:385,(anonymous_33)
FN:399,(anonymous_34)
FN:406,(anonymous_35)
FN:412,(anonymous_36)
FN:427,(anonymous_37)
FN:431,(anonymous_38)
FN:440,(anonymous_39)
FN:449,(anonymous_40)
FN:507,(anonymous_41)
FNF:42
FNH:0
FNDA:0,(anonymous_0)
FNDA:0,(anonymous_1)
FNDA:0,(anonymous_2)
FNDA:0,(anonymous_3)
FNDA:0,(anonymous_4)
FNDA:0,(anonymous_5)
FNDA:0,(anonymous_6)
FNDA:0,(anonymous_7)
FNDA:0,(anonymous_8)
FNDA:0,(anonymous_9)
FNDA:0,(anonymous_10)
FNDA:0,(anonymous_11)
FNDA:0,(anonymous_12)
FNDA:0,(anonymous_13)
FNDA:0,(anonymous_14)
FNDA:0,(anonymous_15)
FNDA:0,(anonymous_16)
FNDA:0,(anonymous_17)
FNDA:0,(anonymous_18)
FNDA:0,(anonymous_19)
FNDA:0,(anonymous_20)
FNDA:0,(anonymous_21)
FNDA:0,(anonymous_22)
FNDA:0,(anonymous_23)
FNDA:0,(anonymous_24)
FNDA:0,(anonymous_25)
FNDA:0,(anonymous_26)
FNDA:0,(anonymous_27)
FNDA:0,(anonymous_28)
FNDA:0,(anonymous_29)
FNDA:0,(anonymous_30)
FNDA:0,(anonymous_31)
FNDA:0,(anonymous_32)
FNDA:0,(anonymous_33)
FNDA:0,(anonymous_34)
FNDA:0,(anonymous_35)
FNDA:0,(anonymous_36)
FNDA:0,(anonymous_37)
FNDA:0,(anonymous_38)
FNDA:0,(anonymous_39)
FNDA:0,(anonymous_40)
FNDA:0,(anonymous_41)
DA:1,0
DA:2,0
DA:3,0
DA:8,0
DA:9,0
DA:10,0
DA:11,0
DA:15,0
DA:21,0
DA:22,0
DA:23,0
DA:27,0
DA:31,0
DA:32,0
DA:37,0
DA:38,0
DA:41,0
DA:42,0
DA:44,0
DA:45,0
DA:46,0
DA:47,0
DA:48,0
DA:51,0
DA:53,0
DA:54,0
DA:55,0
DA:64,0
DA:71,0
DA:74,0
DA:75,0
DA:77,0
DA:82,0
DA:85,0
DA:88,0
DA:93,0
DA:94,0
DA:98,0
DA:99,0
DA:103,0
DA:104,0
DA:108,0
DA:109,0
DA:113,0
DA:114,0
DA:117,0
DA:121,0
DA:124,0
DA:125,0
DA:126,0
DA:127,0
DA:132,0
DA:133,0
DA:134,0
DA:135,0
DA:138,0
DA:139,0
DA:140,0
DA:144,0
DA:145,0
DA:147,0
DA:148,0
DA:153,0
DA:154,0
DA:155,0
DA:156,0
DA:159,0
DA:161,0
DA:162,0
DA:164,0
DA:165,0
DA:170,0
DA:171,0
DA:172,0
DA:175,0
DA:176,0
DA:178,0
DA:199,0
DA:200,0
DA:202,0
DA:203,0
DA:206,0
DA:207,0
DA:211,0
DA:212,0
DA:213,0
DA:216,0
DA:217,0
DA:220,0
DA:221,0
DA:225,0
DA:226,0
DA:227,0
DA:228,0
DA:230,0
DA:231,0
DA:232,0
DA:233,0
DA:234,0
DA:238,0
DA:239,0
DA:243,0
DA:244,0
DA:247,0
DA:248,0
DA:253,0
DA:255,0
DA:256,0
DA:258,0
DA:259,0
DA:263,0
DA:266,0
DA:268,0
DA:271,0
DA:277,0
DA:280,0
DA:284,0
DA:289,0
DA:290,0
DA:294,0
DA:296,0
DA:297,0
DA:302,0
DA:303,0
DA:305,0
DA:306,0
DA:307,0
DA:310,0
DA:315,0
DA:316,0
DA:317,0
DA:318,0
DA:320,0
DA:324,0
DA:325,0
DA:326,0
DA:330,0
DA:332,0
DA:335,0
DA:339,0
DA:342,0
DA:343,0
DA:344,0
DA:345,0
DA:349,0
DA:350,0
DA:352,0
DA:353,0
DA:355,0
DA:356,0
DA:358,0
DA:359,0
DA:362,0
DA:374,0
DA:376,0
DA:379,0
DA:380,0
DA:384,0
DA:385,0
DA:386,0
DA:387,0
DA:389,0
DA:391,0
DA:392,0
DA:397,0
DA:398,0
DA:399,0
DA:400,0
DA:401,0
DA:406,0
DA:408,0
DA:413,0
DA:414,0
DA:415,0
DA:416,0
DA:417,0
DA:420,0
DA:421,0
DA:423,0
DA:428,0
DA:431,0
DA:441,0
DA:442,0
DA:443,0
DA:445,0
DA:450,0
DA:452,0
DA:453,0
DA:454,0
DA:455,0
DA:458,0
DA:459,0
DA:461,0
DA:463,0
DA:464,0
DA:465,0
DA:466,0
DA:469,0
DA:470,0
DA:471,0
DA:473,0
DA:474,0
DA:477,0
DA:478,0
DA:481,0
DA:482,0
DA:483,0
DA:484,0
DA:485,0
DA:487,0
DA:488,0
DA:489,0
DA:490,0
DA:493,0
DA:496,0
DA:499,0
DA:506,0
DA:508,0
DA:509,0
DA:511,0
LF:220
LH:0
BRDA:31,0,0,0
BRDA:31,0,1,0
BRDA:37,1,0,0
BRDA:37,1,1,0
BRDA:37,2,0,0
BRDA:37,2,1,0
BRDA:46,3,0,0
BRDA:46,3,1,0
BRDA:54,4,0,0
BRDA:54,4,1,0
BRDA:139,5,0,0
BRDA:139,5,1,0
BRDA:179,6,0,0
BRDA:179,6,1,0
BRDA:181,7,0,0
BRDA:181,7,1,0
BRDA:183,8,0,0
BRDA:183,8,1,0
BRDA:184,9,0,0
BRDA:184,9,1,0
BRDA:195,10,0,0
BRDA:195,10,1,0
BRDA:232,11,0,0
BRDA:232,11,1,0
BRDA:232,12,0,0
BRDA:232,12,1,0
BRDA:258,13,0,0
BRDA:258,13,1,0
BRDA:266,14,0,0
BRDA:266,14,1,0
BRDA:289,15,0,0
BRDA:289,15,1,0
BRDA:289,16,0,0
BRDA:289,16,1,0
BRDA:289,16,2,0
BRDA:289,16,3,0
BRDA:294,17,0,0
BRDA:294,17,1,0
BRDA:296,18,0,0
BRDA:296,18,1,0
BRDA:302,19,0,0
BRDA:302,19,1,0
BRDA:302,20,0,0
BRDA:302,20,1,0
BRDA:305,21,0,0
BRDA:305,21,1,0
BRDA:325,22,0,0
BRDA:325,22,1,0
BRDA:330,23,0,0
BRDA:330,23,1,0
BRDA:342,24,0,0
BRDA:342,24,1,0
BRDA:344,25,0,0
BRDA:344,25,1,0
BRDA:349,26,0,0
BRDA:349,26,1,0
BRDA:352,27,0,0
BRDA:352,27,1,0
BRDA:355,28,0,0
BRDA:355,28,1,0
BRDA:358,29,0,0
BRDA:358,29,1,0
BRDA:366,30,0,0
BRDA:373,31,0,0
BRDA:379,32,0,0
BRDA:379,32,1,0
BRDA:379,33,0,0
BRDA:379,33,1,0
BRDA:384,34,0,0
BRDA:384,34,1,0
BRDA:384,35,0,0
BRDA:384,35,1,0
BRDA:386,36,0,0
BRDA:386,36,1,0
BRDA:391,37,0,0
BRDA:391,37,1,0
BRDA:397,38,0,0
BRDA:397,38,1,0
BRDA:443,39,0,0
BRDA:443,39,1,0
BRDA:450,40,0,0
BRDA:450,40,1,0
BRDA:450,41,0,0
BRDA:450,41,1,0
BRDA:461,42,0,0
BRDA:461,42,1,0
BRDA:473,43,0,0
BRDA:473,43,1,0
BRDA:482,44,0,0
BRDA:482,44,1,0
BRDA:484,45,0,0
BRDA:484,45,1,0
BRDA:487,46,0,0
BRDA:487,46,1,0
BRDA:487,47,0,0
BRDA:487,47,1,0
BRDA:489,48,0,0
BRDA:489,48,1,0
BRDA:489,49,0,0
BRDA:489,49,1,0
BRDA:508,50,0,0
BRDA:508,50,1,0
BRF:102
BRH:0
end_of_record
TN:
SF:services/data-aggregation-swarm.js
FN:10,(anonymous_0)
FN:45,(anonymous_1)
FN:50,(anonymous_2)
FN:91,(anonymous_3)
FN:100,(anonymous_4)
FN:114,(anonymous_5)
FN:144,(anonymous_6)
FN:185,(anonymous_7)
FN:205,(anonymous_8)
FN:215,(anonymous_9)
FN:229,(anonymous_10)
FN:253,(anonymous_11)
FN:268,(anonymous_12)
FN:309,(anonymous_13)
FN:318,(anonymous_14)
FN:325,(anonymous_15)
FN:344,(anonymous_16)
FN:364,(anonymous_17)
FN:413,(anonymous_18)
FN:433,(anonymous_19)
FN:450,(anonymous_20)
FN:471,(anonymous_21)
FN:496,(anonymous_22)
FN:510,(anonymous_23)
FN:531,(anonymous_24)
FN:552,(anonymous_25)
FN:562,(anonymous_26)
FN:581,(anonymous_27)
FN:586,(anonymous_28)
FN:614,(anonymous_29)
FN:626,(anonymous_30)
FN:629,(anonymous_31)
FN:648,(anonymous_32)
FN:649,(anonymous_33)
FN:670,(anonymous_34)
FN:671,(anonymous_35)
FN:674,(anonymous_36)
FN:689,(anonymous_37)
FN:711,(anonymous_38)
FN:712,(anonymous_39)
FN:722,(anonymous_40)
FN:723,(anonymous_41)
FN:737,(anonymous_42)
FNF:43
FNH:0
FNDA:0,(anonymous_0)
FNDA:0,(anonymous_1)
FNDA:0,(anonymous_2)
FNDA:0,(anonymous_3)
FNDA:0,(anonymous_4)
FNDA:0,(anonymous_5)
FNDA:0,(anonymous_6)
FNDA:0,(anonymous_7)
FNDA:0,(anonymous_8)
FNDA:0,(anonymous_9)
FNDA:0,(anonymous_10)
FNDA:0,(anonymous_11)
FNDA:0,(anonymous_12)
FNDA:0,(anonymous_13)
FNDA:0,(anonymous_14)
FNDA:0,(anonymous_15)
FNDA:0,(anonymous_16)
FNDA:0,(anonymous_17)
FNDA:0,(anonymous_18)
FNDA:0,(anonymous_19)
FNDA:0,(anonymous_20)
FNDA:0,(anonymous_21)
FNDA:0,(anonymous_22)
FNDA:0,(anonymous_23)
FNDA:0,(anonymous_24)
FNDA:0,(anonymous_25)
FNDA:0,(anonymous_26)
FNDA:0,(anonymous_27)
FNDA:0,(anonymous_28)
FNDA:0,(anonymous_29)
FNDA:0,(anonymous_30)
FNDA:0,(anonymous_31)
FNDA:0,(anonymous_32)
FNDA:0,(anonymous_33)
FNDA:0,(anonymous_34)
FNDA:0,(anonymous_35)
FNDA:0,(anonymous_36)
FNDA:0,(anonymous_37)
FNDA:0,(anonymous_38)
FNDA:0,(anonymous_39)
FNDA:0,(anonymous_40)
FNDA:0,(anonymous_41)
FNDA:0,(anonymous_42)
DA:1,0
DA:2,0
DA:3,0
DA:11,0
DA:12,0
DA:13,0
DA:14,0
DA:15,0
DA:16,0
DA:17,0
DA:18,0
DA:19,0
DA:29,0
DA:32,0
DA:39,0
DA:47,0
DA:50,0
DA:51,0
DA:59,0
DA:71,0
DA:84,0
DA:85,0
DA:92,0
DA:100,0
DA:101,0
DA:102,0
DA:103,0
DA:104,0
DA:105,0
DA:108,0
DA:115,0
DA:118,0
DA:126,0
DA:127,0
DA:135,0
DA:136,0
DA:138,0
DA:145,0
DA:147,0
DA:149,0
DA:152,0
DA:154,0
DA:156,0
DA:157,0
DA:158,0
DA:168,0
DA:169,0
DA:177,0
DA:178,0
DA:187,0
DA:188,0
DA:190,0
DA:191,0
DA:192,0
DA:195,0
DA:205,0
DA:206,0
DA:207,0
DA:208,0
DA:215,0
DA:216,0
DA:217,0
DA:218,0
DA:219,0
DA:223,0
DA:230,0
DA:231,0
DA:232,0
DA:235,0
DA:247,0
DA:248,0
DA:252,0
DA:253,0
DA:254,0
DA:255,0
DA:256,0
DA:257,0
DA:262,0
DA:269,0
DA:277,0
DA:296,0
DA:297,0
DA:298,0
DA:300,0
DA:310,0
DA:312,0
DA:315,0
DA:317,0
DA:318,0
DA:319,0
DA:324,0
DA:325,0
DA:326,0
DA:327,0
DA:328,0
DA:329,0
DA:330,0
DA:332,0
DA:333,0
DA:338,0
DA:341,0
DA:342,0
DA:343,0
DA:344,0
DA:346,0
DA:349,0
DA:353,0
DA:356,0
DA:358,0
DA:366,0
DA:367,0
DA:368,0
DA:371,0
DA:372,0
DA:374,0
DA:375,0
DA:377,0
DA:379,0
DA:380,0
DA:382,0
DA:383,0
DA:386,0
DA:387,0
DA:391,0
DA:394,0
DA:395,0
DA:401,0
DA:404,0
DA:405,0
DA:406,0
DA:414,0
DA:416,0
DA:420,0
DA:421,0
DA:424,0
DA:427,0
DA:435,0
DA:444,0
DA:451,0
DA:454,0
DA:455,0
DA:456,0
DA:459,0
DA:460,0
DA:461,0
DA:464,0
DA:465,0
DA:472,0
DA:473,0
DA:476,0
DA:477,0
DA:478,0
DA:480,0
DA:481,0
DA:482,0
DA:485,0
DA:486,0
DA:487,0
DA:490,0
DA:497,0
DA:498,0
DA:500,0
DA:501,0
DA:504,0
DA:511,0
DA:512,0
DA:514,0
DA:515,0
DA:516,0
DA:518,0
DA:520,0
DA:522,0
DA:525,0
DA:532,0
DA:535,0
DA:538,0
DA:544,0
DA:546,0
DA:553,0
DA:554,0
DA:555,0
DA:556,0
DA:563,0
DA:565,0
DA:566,0
DA:569,0
DA:570,0
DA:571,0
DA:572,0
DA:575,0
DA:582,0
DA:583,0
DA:584,0
DA:586,0
DA:587,0
DA:589,0
DA:590,0
DA:591,0
DA:596,0
DA:600,0
DA:608,0
DA:610,0
DA:614,0
DA:627,0
DA:629,0
DA:630,0
DA:631,0
DA:633,0
DA:634,0
DA:635,0
DA:636,0
DA:638,0
DA:640,0
DA:641,0
DA:649,0
DA:658,0
DA:671,0
DA:675,0
DA:682,0
DA:683,0
DA:685,0
DA:686,0
DA:691,0
DA:694,0
DA:695,0
DA:697,0
DA:698,0
DA:708,0
DA:712,0
DA:713,0
DA:714,0
DA:715,0
DA:716,0
DA:718,0
DA:723,0
DA:724,0
DA:725,0
DA:727,0
DA:736,0
DA:738,0
DA:739,0
DA:741,0
LF:242
LH:0
BRDA:53,0,0,0
BRDA:53,0,1,0
BRDA:54,1,0,0
BRDA:54,1,1,0
BRDA:101,2,0,0
BRDA:101,2,1,0
BRDA:102,3,0,0
BRDA:102,3,1,0
BRDA:102,4,0,0
BRDA:102,4,1,0
BRDA:103,5,0,0
BRDA:103,5,1,0
BRDA:104,6,0,0
BRDA:104,6,1,0
BRDA:105,7,0,0
BRDA:105,7,1,0
BRDA:126,8,0,0
BRDA:126,8,1,0
BRDA:154,9,0,0
BRDA:154,9,1,0
BRDA:157,10,0,0
BRDA:157,10,1,0
BRDA:216,11,0,0
BRDA:216,11,1,0
BRDA:218,12,0,0
BRDA:218,12,1,0
BRDA:252,13,0,0
BRDA:252,13,1,0
BRDA:254,14,0,0
BRDA:254,14,1,0
BRDA:256,15,0,0
BRDA:256,15,1,0
BRDA:302,16,0,0
BRDA:302,16,1,0
BRDA:309,17,0,0
BRDA:310,18,0,0
BRDA:310,19,0,0
BRDA:310,20,0,0
BRDA:317,21,0,0
BRDA:317,21,1,0
BRDA:319,22,0,0
BRDA:319,22,1,0
BRDA:324,23,0,0
BRDA:324,23,1,0
BRDA:328,24,0,0
BRDA:328,24,1,0
BRDA:328,25,0,0
BRDA:328,25,1,0
BRDA:366,26,0,0
BRDA:366,26,1,0
BRDA:377,27,0,0
BRDA:377,27,1,0
BRDA:377,27,2,0
BRDA:417,28,0,0
BRDA:417,28,1,0
BRDA:420,29,0,0
BRDA:420,29,1,0
BRDA:435,30,0,0
BRDA:435,30,1,0
BRDA:454,31,0,0
BRDA:454,31,1,0
BRDA:454,32,0,0
BRDA:454,32,1,0
BRDA:459,33,0,0
BRDA:459,33,1,0
BRDA:459,34,0,0
BRDA:459,34,1,0
BRDA:473,35,0,0
BRDA:473,35,1,0
BRDA:480,36,0,0
BRDA:480,36,1,0
BRDA:485,37,0,0
BRDA:485,37,1,0
BRDA:512,38,0,0
BRDA:512,38,1,0
BRDA:514,39,0,0
BRDA:514,39,1,0
BRDA:535,40,0,0
BRDA:535,40,1,0
BRDA:544,41,0,0
BRDA:544,41,1,0
BRDA:552,42,0,0
BRDA:554,43,0,0
BRDA:554,43,1,0
BRDA:555,44,0,0
BRDA:555,44,1,0
BRDA:563,45,0,0
BRDA:563,45,1,0
BRDA:563,46,0,0
BRDA:563,46,1,0
BRDA:566,47,0,0
BRDA:566,47,1,0
BRDA:571,48,0,0
BRDA:571,48,1,0
BRDA:589,49,0,0
BRDA:589,49,1,0
BRDA:589,50,0,0
BRDA:589,50,1,0
BRDA:598,51,0,0
BRDA:598,51,1,0
BRDA:614,52,0,0
BRDA:614,52,1,0
BRDA:617,53,0,0
BRDA:617,53,1,0
BRDA:630,54,0,0
BRDA:630,54,1,0
BRDA:631,55,0,0
BRDA:631,55,1,0
BRDA:634,56,0,0
BRDA:634,56,1,0
BRDA:683,57,0,0
BRDA:683,57,1,0
BRDA:695,58,0,0
BRDA:695,58,1,0
BRDA:699,59,0,0
BRDA:699,59,1,0
BRDA:700,60,0,0
BRDA:700,60,1,0
BRDA:702,61,0,0
BRDA:702,61,1,0
BRDA:704,62,0,0
BRDA:704,62,1,0
BRDA:713,63,0,0
BRDA:713,63,1,0
BRDA:713,64,0,0
BRDA:713,64,1,0
BRDA:724,65,0,0
BRDA:724,65,1,0
BRDA:724,66,0,0
BRDA:724,66,1,0
BRDA:738,67,0,0
BRDA:738,67,1,0
BRF:132
BRH:0
end_of_record
TN:
SF:services/intelligent-cache.js
FN:10,(anonymous_0)
FN:49,(anonymous_1)
FN:109,(anonymous_2)
FN:157,(anonymous_3)
FN:213,(anonymous_4)
FN:241,(anonymous_5)
FN:254,(anonymous_6)
FN:266,(anonymous_7)
FN:280,(anonymous_8)
FN:290,(anonymous_9)
FN:298,(anonymous_10)
FN:307,(anonymous_11)
FN:341,(anonymous_12)
FN:359,(anonymous_13)
FN:384,(anonymous_14)
FN:400,(anonymous_15)
FN:417,(anonymous_16)
FN:419,(anonymous_17)
FN:422,(anonymous_18)
FN:424,(anonymous_19)
FN:441,(anonymous_20)
FN:464,(anonymous_21)
FN:466,(anonymous_22)
FN:471,(anonymous_23)
FN:476,(anonymous_24)
FN:484,(anonymous_25)
FN:503,(anonymous_26)
FN:505,(anonymous_27)
FN:506,(anonymous_28)
FN:529,(anonymous_29)
FN:541,(anonymous_30)
FN:542,(anonymous_31)
FN:557,(anonymous_32)
FN:570,(anonymous_33)
FN:582,(anonymous_34)
FN:588,(anonymous_35)
FN:595,(anonymous_36)
FN:596,(anonymous_37)
FN:598,(anonymous_38)
FN:601,(anonymous_39)
FN:611,(anonymous_40)
FN:624,(anonymous_41)
FN:628,(anonymous_42)
FN:636,(anonymous_43)
FN:650,(anonymous_44)
FNF:45
FNH:0
FNDA:0,(anonymous_0)
FNDA:0,(anonymous_1)
FNDA:0,(anonymous_2)
FNDA:0,(anonymous_3)
FNDA:0,(anonymous_4)
FNDA:0,(anonymous_5)
FNDA:0,(anonymous_6)
FNDA:0,(anonymous_7)
FNDA:0,(anonymous_8)
FNDA:0,(anonymous_9)
FNDA:0,(anonymous_10)
FNDA:0,(anonymous_11)
FNDA:0,(anonymous_12)
FNDA:0,(anonymous_13)
FNDA:0,(anonymous_14)
FNDA:0,(anonymous_15)
FNDA:0,(anonymous_16)
FNDA:0,(anonymous_17)
FNDA:0,(anonymous_18)
FNDA:0,(anonymous_19)
FNDA:0,(anonymous_20)
FNDA:0,(anonymous_21)
FNDA:0,(anonymous_22)
FNDA:0,(anonymous_23)
FNDA:0,(anonymous_24)
FNDA:0,(anonymous_25)
FNDA:0,(anonymous_26)
FNDA:0,(anonymous_27)
FNDA:0,(anonymous_28)
FNDA:0,(anonymous_29)
FNDA:0,(anonymous_30)
FNDA:0,(anonymous_31)
FNDA:0,(anonymous_32)
FNDA:0,(anonymous_33)
FNDA:0,(anonymous_34)
FNDA:0,(anonymous_35)
FNDA:0,(anonymous_36)
FNDA:0,(anonymous_37)
FNDA:0,(anonymous_38)
FNDA:0,(anonymous_39)
FNDA:0,(anonymous_40)
FNDA:0,(anonymous_41)
FNDA:0,(anonymous_42)
FNDA:0,(anonymous_43)
FNDA:0,(anonymous_44)
DA:1,0
DA:2,0
DA:11,0
DA:14,0
DA:15,0
DA:16,0
DA:19,0
DA:29,0
DA:39,0
DA:40,0
DA:43,0
DA:54,0
DA:57,0
DA:58,0
DA:62,0
DA:63,0
DA:64,0
DA:65,0
DA:69,0
DA:70,0
DA:71,0
DA:75,0
DA:77,0
DA:78,0
DA:79,0
DA:83,0
DA:84,0
DA:87,0
DA:88,0
DA:89,0
DA:92,0
DA:95,0
DA:96,0
DA:99,0
DA:100,0
DA:103,0
DA:115,0
DA:118,0
DA:120,0
DA:134,0
DA:142,0
DA:145,0
DA:146,0
DA:149,0
DA:151,0
DA:158,0
DA:161,0
DA:162,0
DA:166,0
DA:167,0
DA:175,0
DA:176,0
DA:181,0
DA:182,0
DA:184,0
DA:187,0
DA:191,0
DA:192,0
DA:194,0
DA:198,0
DA:199,0
DA:201,0
DA:205,0
DA:207,0
DA:214,0
DA:217,0
DA:218,0
DA:222,0
DA:223,0
DA:224,0
DA:228,0
DA:229,0
DA:230,0
DA:231,0
DA:235,0
DA:242,0
DA:243,0
DA:245,0
DA:246,0
DA:248,0
DA:255,0
DA:256,0
DA:257,0
DA:258,0
DA:260,0
DA:267,0
DA:269,0
DA:270,0
DA:271,0
DA:272,0
DA:274,0
DA:281,0
DA:282,0
DA:285,0
DA:286,0
DA:287,0
DA:290,0
DA:291,0
DA:292,0
DA:295,0
DA:297,0
DA:298,0
DA:299,0
DA:308,0
DA:310,0
DA:311,0
DA:318,0
DA:319,0
DA:320,0
DA:323,0
DA:324,0
DA:328,0
DA:331,0
DA:332,0
DA:333,0
DA:334,0
DA:342,0
DA:343,0
DA:345,0
DA:347,0
DA:348,0
DA:349,0
DA:350,0
DA:351,0
DA:356,0
DA:358,0
DA:359,0
DA:360,0
DA:361,0
DA:366,0
DA:368,0
DA:369,0
DA:370,0
DA:371,0
DA:372,0
DA:377,0
DA:378,0
DA:385,0
DA:386,0
DA:389,0
DA:390,0
DA:391,0
DA:392,0
DA:394,0
DA:401,0
DA:402,0
DA:405,0
DA:406,0
DA:407,0
DA:408,0
DA:410,0
DA:411,0
DA:418,0
DA:419,0
DA:421,0
DA:422,0
DA:424,0
DA:426,0
DA:442,0
DA:444,0
DA:445,0
DA:446,0
DA:448,0
DA:449,0
DA:450,0
DA:451,0
DA:453,0
DA:457,0
DA:458,0
DA:466,0
DA:467,0
DA:471,0
DA:472,0
DA:476,0
DA:477,0
DA:485,0
DA:486,0
DA:488,0
DA:489,0
DA:490,0
DA:491,0
DA:495,0
DA:496,0
DA:504,0
DA:505,0
DA:508,0
DA:509,0
DA:510,0
DA:512,0
DA:516,0
DA:518,0
DA:519,0
DA:520,0
DA:521,0
DA:531,0
DA:532,0
DA:535,0
DA:536,0
DA:537,0
DA:541,0
DA:542,0
DA:543,0
DA:546,0
DA:547,0
DA:548,0
DA:549,0
DA:558,0
DA:559,0
DA:560,0
DA:561,0
DA:567,0
DA:571,0
DA:572,0
DA:573,0
DA:579,0
DA:584,0
DA:585,0
DA:589,0
DA:590,0
DA:591,0
DA:596,0
DA:597,0
DA:598,0
DA:602,0
DA:603,0
DA:604,0
DA:605,0
DA:608,0
DA:612,0
DA:613,0
DA:614,0
DA:615,0
DA:618,0
DA:625,0
DA:628,0
DA:636,0
DA:649,0
DA:651,0
DA:652,0
DA:654,0
LF:240
LH:0
BRDA:10,0,0,0
BRDA:49,1,0,0
BRDA:51,2,0,0
BRDA:52,3,0,0
BRDA:53,4,0,0
BRDA:57,5,0,0
BRDA:57,5,1,0
BRDA:62,6,0,0
BRDA:62,6,1,0
BRDA:69,7,0,0
BRDA:69,7,1,0
BRDA:77,8,0,0
BRDA:77,8,1,0
BRDA:83,9,0,0
BRDA:83,9,1,0
BRDA:87,10,0,0
BRDA:87,10,1,0
BRDA:99,11,0,0
BRDA:99,11,1,0
BRDA:103,12,0,0
BRDA:103,12,1,0
BRDA:109,13,0,0
BRDA:111,14,0,0
BRDA:112,15,0,0
BRDA:113,16,0,0
BRDA:114,17,0,0
BRDA:137,18,0,0
BRDA:137,18,1,0
BRDA:138,19,0,0
BRDA:138,19,1,0
BRDA:145,20,0,0
BRDA:145,20,1,0
BRDA:145,21,0,0
BRDA:145,21,1,0
BRDA:158,22,0,0
BRDA:158,22,1,0
BRDA:161,23,0,0
BRDA:161,23,1,0
BRDA:166,24,0,0
BRDA:166,24,1,0
BRDA:175,25,0,0
BRDA:175,25,1,0
BRDA:182,26,0,0
BRDA:182,26,1,0
BRDA:182,27,0,0
BRDA:182,27,1,0
BRDA:192,28,0,0
BRDA:192,28,1,0
BRDA:192,29,0,0
BRDA:192,29,1,0
BRDA:199,30,0,0
BRDA:199,30,1,0
BRDA:199,31,0,0
BRDA:199,31,1,0
BRDA:213,32,0,0
BRDA:217,33,0,0
BRDA:217,33,1,0
BRDA:217,34,0,0
BRDA:217,34,1,0
BRDA:223,35,0,0
BRDA:223,35,1,0
BRDA:223,36,0,0
BRDA:223,36,1,0
BRDA:223,36,2,0
BRDA:228,37,0,0
BRDA:228,37,1,0
BRDA:230,38,0,0
BRDA:230,38,1,0
BRDA:243,39,0,0
BRDA:243,39,1,0
BRDA:267,40,0,0
BRDA:267,40,1,0
BRDA:282,41,0,0
BRDA:282,41,1,0
BRDA:282,42,0,0
BRDA:282,42,1,0
BRDA:297,43,0,0
BRDA:297,43,1,0
BRDA:310,44,0,0
BRDA:310,44,1,0
BRDA:323,45,0,0
BRDA:323,45,1,0
BRDA:332,46,0,0
BRDA:332,46,1,0
BRDA:341,47,0,0
BRDA:345,48,0,0
BRDA:345,48,1,0
BRDA:349,49,0,0
BRDA:349,49,1,0
BRDA:356,50,0,0
BRDA:356,50,1,0
BRDA:356,51,0,0
BRDA:356,51,1,0
BRDA:359,52,0,0
BRDA:359,52,1,0
BRDA:359,53,0,0
BRDA:359,53,1,0
BRDA:366,54,0,0
BRDA:366,54,1,0
BRDA:370,55,0,0
BRDA:370,55,1,0
BRDA:385,56,0,0
BRDA:385,56,1,0
BRDA:401,57,0,0
BRDA:401,57,1,0
BRDA:419,58,0,0
BRDA:419,58,1,0
BRDA:431,59,0,0
BRDA:431,59,1,0
BRDA:489,60,0,0
BRDA:489,60,1,0
BRDA:489,61,0,0
BRDA:489,61,1,0
BRDA:495,62,0,0
BRDA:495,62,1,0
BRDA:508,63,0,0
BRDA:508,63,1,0
BRDA:519,64,0,0
BRDA:519,64,1,0
BRDA:532,65,0,0
BRDA:532,65,1,0
BRDA:546,66,0,0
BRDA:546,66,1,0
BRDA:558,67,0,0
BRDA:558,67,1,0
BRDA:561,68,0,0
BRDA:561,68,1,0
BRDA:571,69,0,0
BRDA:571,69,1,0
BRDA:590,70,0,0
BRDA:590,70,1,0
BRDA:597,71,0,0
BRDA:597,71,1,0
BRDA:604,72,0,0
BRDA:604,72,1,0
BRDA:604,73,0,0
BRDA:604,73,1,0
BRDA:614,74,0,0
BRDA:614,74,1,0
BRDA:614,75,0,0
BRDA:614,75,1,0
BRDA:650,76,0,0
BRDA:651,77,0,0
BRDA:651,77,1,0
BRF:144
BRH:0
end_of_record
TN:
SF:services/local-sports-sources.js
FN:442,(anonymous_0)
FN:453,(anonymous_1)
FNF:2
FNH:0
FNDA:0,(anonymous_0)
FNDA:0,(anonymous_1)
DA:6,0
DA:442,0
DA:443,0
DA:453,0
DA:454,0
DA:455,0
DA:456,0
DA:457,0
DA:458,0
DA:459,0
DA:460,0
DA:461,0
DA:462,0
DA:463,0
DA:465,0
DA:469,0
DA:472,0
LF:17
LH:0
BRDA:454,0,0,0
BRDA:454,0,1,0
BRDA:454,1,0,0
BRDA:454,1,1,0
BRDA:456,2,0,0
BRDA:456,2,1,0
BRDA:456,3,0,0
BRDA:456,3,1,0
BRDA:458,4,0,0
BRDA:458,4,1,0
BRDA:458,5,0,0
BRDA:458,5,1,0
BRDA:460,6,0,0
BRDA:460,6,1,0
BRDA:460,7,0,0
BRDA:460,7,1,0
BRDA:462,8,0,0
BRDA:462,8,1,0
BRDA:462,9,0,0
BRDA:462,9,1,0
BRF:20
BRH:0
end_of_record
TN:
SF:services/location-agent-service.js
FN:7,(anonymous_0)
FN:14,(anonymous_1)
FN:18,(anonymous_2)
FN:74,(anonymous_3)
FN:113,(anonymous_4)
FN:127,(anonymous_5)
FN:150,(anonymous_6)
FN:158,(anonymous_7)
FN:232,(anonymous_8)
FN:274,(anonymous_9)
FN:287,(anonymous_10)
FN:291,(anonymous_11)
FN:295,(anonymous_12)
FN:327,(anonymous_13)
FN:345,(anonymous_14)
FN:347,(anonymous_15)
FN:355,(anonymous_16)
FN:363,(anonymous_17)
FN:377,(anonymous_18)
FN:392,(anonymous_19)
FN:399,(anonymous_20)
FNF:21
FNH:0
FNDA:0,(anonymous_0)
FNDA:0,(anonymous_1)
FNDA:0,(anonymous_2)
FNDA:0,(anonymous_3)
FNDA:0,(anonymous_4)
FNDA:0,(anonymous_5)
FNDA:0,(anonymous_6)
FNDA:0,(anonymous_7)
FNDA:0,(anonymous_8)
FNDA:0,(anonymous_9)
FNDA:0,(anonymous_10)
FNDA:0,(anonymous_11)
FNDA:0,(anonymous_12)
FNDA:0,(anonymous_13)
FNDA:0,(anonymous_14)
FNDA:0,(anonymous_15)
FNDA:0,(anonymous_16)
FNDA:0,(anonymous_17)
FNDA:0,(anonymous_18)
FNDA:0,(anonymous_19)
FNDA:0,(anonymous_20)
DA:1,0
DA:3,0
DA:4,0
DA:8,0
DA:9,0
DA:10,0
DA:11,0
DA:15,0
DA:19,0
DA:21,0
DA:22,0
DA:25,0
DA:26,0
DA:27,0
DA:36,0
DA:37,0
DA:38,0
DA:46,0
DA:47,0
DA:48,0
DA:56,0
DA:58,0
DA:66,0
DA:67,0
DA:76,0
DA:77,0
DA:103,0
DA:115,0
DA:116,0
DA:118,0
DA:124,0
DA:128,0
DA:129,0
DA:132,0
DA:147,0
DA:150,0
DA:151,0
DA:152,0
DA:155,0
DA:159,0
DA:161,0
DA:163,0
DA:164,0
DA:166,0
DA:167,0
DA:169,0
DA:172,0
DA:175,0
DA:177,0
DA:179,0
DA:182,0
DA:184,0
DA:186,0
DA:189,0
DA:191,0
DA:193,0
DA:201,0
DA:203,0
DA:205,0
DA:208,0
DA:214,0
DA:217,0
DA:218,0
DA:226,0
DA:227,0
DA:228,0
DA:234,0
DA:243,0
DA:246,0
DA:271,0
DA:276,0
DA:278,0
DA:280,0
DA:281,0
DA:284,0
DA:289,0
DA:291,0
DA:293,0
DA:295,0
DA:296,0
DA:324,0
DA:328,0
DA:329,0
DA:330,0
DA:331,0
DA:333,0
DA:334,0
DA:335,0
DA:338,0
DA:339,0
DA:340,0
DA:342,0
DA:347,0
DA:348,0
DA:350,0
DA:351,0
DA:357,0
DA:358,0
DA:360,0
DA:364,0
DA:365,0
DA:366,0
DA:369,0
DA:376,0
DA:377,0
DA:378,0
DA:381,0
DA:382,0
DA:393,0
DA:394,0
DA:395,0
DA:400,0
DA:404,0
LF:113
LH:0
BRDA:25,0,0,0
BRDA:25,0,1,0
BRDA:37,1,0,0
BRDA:37,1,1,0
BRDA:37,2,0,0
BRDA:37,2,1,0
BRDA:47,3,0,0
BRDA:47,3,1,0
BRDA:76,4,0,0
BRDA:76,4,1,0
BRDA:76,5,0,0
BRDA:76,5,1,0
BRDA:80,6,0,0
BRDA:80,6,1,0
BRDA:81,7,0,0
BRDA:81,7,1,0
BRDA:82,8,0,0
BRDA:82,8,1,0
BRDA:124,9,0,0
BRDA:124,9,1,0
BRDA:169,10,0,0
BRDA:169,10,1,0
BRDA:217,11,0,0
BRDA:217,11,1,0
BRDA:217,12,0,0
BRDA:217,12,1,0
BRDA:303,13,0,0
BRDA:303,13,1,0
BRDA:304,14,0,0
BRDA:304,14,1,0
BRDA:334,15,0,0
BRDA:334,15,1,0
BRDA:348,16,0,0
BRDA:348,16,1,0
BRDA:350,17,0,0
BRDA:350,17,1,0
BRDA:350,17,2,0
BRDA:365,18,0,0
BRDA:365,18,1,0
BRDA:370,19,0,0
BRDA:370,19,1,0
BRDA:381,20,0,0
BRDA:381,20,1,0
BRDA:381,21,0,0
BRDA:381,21,1,0
BRF:45
BRH:0
end_of_record
TN:
SF:services/moderation-service.js
FN:38,(anonymous_0)
FN:43,(anonymous_1)
FN:52,(anonymous_2)
FN:56,(anonymous_3)
FN:72,(anonymous_4)
FN:94,(anonymous_5)
FN:127,(anonymous_6)
FN:149,(anonymous_7)
FN:153,(anonymous_8)
FN:175,(anonymous_9)
FN:236,(anonymous_10)
FN:261,(anonymous_11)
FN:265,(anonymous_12)
FNF:13
FNH:0
FNDA:0,(anonymous_0)
FNDA:0,(anonymous_1)
FNDA:0,(anonymous_2)
FNDA:0,(anonymous_3)
FNDA:0,(anonymous_4)
FNDA:0,(anonymous_5)
FNDA:0,(anonymous_6)
FNDA:0,(anonymous_7)
FNDA:0,(anonymous_8)
FNDA:0,(anonymous_9)
FNDA:0,(anonymous_10)
FNDA:0,(anonymous_11)
FNDA:0,(anonymous_12)
DA:1,0
DA:4,0
DA:5,0
DA:6,0
DA:9,0
DA:10,0
DA:11,0
DA:14,0
DA:16,0
DA:17,0
DA:18,0
DA:19,0
DA:22,0
DA:23,0
DA:24,0
DA:25,0
DA:26,0
DA:27,0
DA:28,0
DA:29,0
DA:30,0
DA:31,0
DA:34,0
DA:39,0
DA:44,0
DA:45,0
DA:46,0
DA:48,0
DA:49,0
DA:52,0
DA:57,0
DA:58,0
DA:59,0
DA:62,0
DA:63,0
DA:64,0
DA:68,0
DA:69,0
DA:72,0
DA:73,0
DA:77,0
DA:78,0
DA:87,0
DA:89,0
DA:90,0
DA:95,0
DA:96,0
DA:97,0
DA:100,0
DA:101,0
DA:102,0
DA:106,0
DA:107,0
DA:110,0
DA:111,0
DA:120,0
DA:122,0
DA:123,0
DA:128,0
DA:129,0
DA:130,0
DA:132,0
DA:133,0
DA:135,0
DA:136,0
DA:138,0
DA:139,0
DA:141,0
DA:142,0
DA:145,0
DA:146,0
DA:149,0
DA:154,0
DA:155,0
DA:170,0
DA:171,0
DA:176,0
DA:177,0
DA:178,0
DA:182,0
DA:184,0
DA:185,0
DA:186,0
DA:187,0
DA:188,0
DA:189,0
DA:192,0
DA:195,0
DA:196,0
DA:197,0
DA:198,0
DA:199,0
DA:202,0
DA:205,0
DA:206,0
DA:207,0
DA:208,0
DA:211,0
DA:217,0
DA:218,0
DA:231,0
DA:232,0
DA:237,0
DA:238,0
DA:239,0
DA:241,0
DA:242,0
DA:244,0
DA:245,0
DA:247,0
DA:248,0
DA:250,0
DA:251,0
DA:253,0
DA:254,0
DA:257,0
DA:258,0
DA:261,0
DA:266,0
DA:267,0
DA:268,0
DA:271,0
DA:272,0
DA:273,0
DA:277,0
DA:278,0
DA:279,0
DA:280,0
DA:281,0
DA:284,0
DA:285,0
DA:294,0
DA:298,0
LF:133
LH:0
BRDA:4,0,0,0
BRDA:4,0,1,0
BRDA:5,1,0,0
BRDA:5,1,1,0
BRDA:6,2,0,0
BRDA:6,2,1,0
BRDA:14,3,0,0
BRDA:14,3,1,0
BRDA:39,4,0,0
BRDA:39,4,1,0
BRDA:46,5,0,0
BRDA:46,5,1,0
BRDA:46,6,0,0
BRDA:46,6,1,0
BRDA:56,7,0,0
BRDA:58,8,0,0
BRDA:58,8,1,0
BRDA:58,9,0,0
BRDA:58,9,1,0
BRDA:63,10,0,0
BRDA:63,10,1,0
BRDA:69,11,0,0
BRDA:69,11,1,0
BRDA:96,12,0,0
BRDA:96,12,1,0
BRDA:96,13,0,0
BRDA:96,13,1,0
BRDA:101,14,0,0
BRDA:101,14,1,0
BRDA:101,15,0,0
BRDA:101,15,1,0
BRDA:127,16,0,0
BRDA:132,17,0,0
BRDA:132,17,1,0
BRDA:132,18,0,0
BRDA:132,18,1,0
BRDA:135,19,0,0
BRDA:135,19,1,0
BRDA:135,20,0,0
BRDA:135,20,1,0
BRDA:138,21,0,0
BRDA:138,21,1,0
BRDA:138,22,0,0
BRDA:138,22,1,0
BRDA:141,23,0,0
BRDA:141,23,1,0
BRDA:141,24,0,0
BRDA:141,24,1,0
BRDA:145,25,0,0
BRDA:145,25,1,0
BRDA:158,26,0,0
BRDA:158,26,1,0
BRDA:159,27,0,0
BRDA:159,27,1,0
BRDA:160,28,0,0
BRDA:160,28,1,0
BRDA:177,29,0,0
BRDA:177,29,1,0
BRDA:177,30,0,0
BRDA:177,30,1,0
BRDA:177,30,2,0
BRDA:182,31,0,0
BRDA:182,31,1,0
BRDA:182,31,2,0
BRDA:184,32,0,0
BRDA:184,32,1,0
BRDA:186,33,0,0
BRDA:186,33,1,0
BRDA:187,34,0,0
BRDA:187,34,1,0
BRDA:195,35,0,0
BRDA:195,35,1,0
BRDA:197,36,0,0
BRDA:197,36,1,0
BRDA:205,37,0,0
BRDA:205,37,1,0
BRDA:207,38,0,0
BRDA:207,38,1,0
BRDA:208,39,0,0
BRDA:208,39,1,0
BRDA:222,40,0,0
BRDA:222,40,1,0
BRDA:223,41,0,0
BRDA:223,41,1,0
BRDA:224,42,0,0
BRDA:224,42,1,0
BRDA:226,43,0,0
BRDA:226,43,1,0
BRDA:227,44,0,0
BRDA:227,44,1,0
BRDA:236,45,0,0
BRDA:241,46,0,0
BRDA:241,46,1,0
BRDA:241,47,0,0
BRDA:241,47,1,0
BRDA:244,48,0,0
BRDA:244,48,1,0
BRDA:244,49,0,0
BRDA:244,49,1,0
BRDA:247,50,0,0
BRDA:247,50,1,0
BRDA:247,51,0,0
BRDA:247,51,1,0
BRDA:250,52,0,0
BRDA:250,52,1,0
BRDA:250,53,0,0
BRDA:250,53,1,0
BRDA:253,54,0,0
BRDA:253,54,1,0
BRDA:253,55,0,0
BRDA:253,55,1,0
BRDA:257,56,0,0
BRDA:257,56,1,0
BRDA:265,57,0,0
BRDA:267,58,0,0
BRDA:267,58,1,0
BRDA:267,59,0,0
BRDA:267,59,1,0
BRDA:267,59,2,0
BRDA:272,60,0,0
BRDA:272,60,1,0
BRDA:284,61,0,0
BRDA:284,61,1,0
BRDA:284,62,0,0
BRDA:284,62,1,0
BRF:125
BRH:0
end_of_record
TN:
SF:services/performance-monitor.js
FN:5,(anonymous_0)
FN:30,(anonymous_1)
FN:31,(anonymous_2)
FN:41,(anonymous_3)
FN:49,(anonymous_4)
FN:52,(anonymous_5)
FN:53,(anonymous_6)
FN:78,(anonymous_7)
FN:79,(anonymous_8)
FN:80,(anonymous_9)
FN:84,(anonymous_10)
FN:87,(anonymous_11)
FN:103,(anonymous_12)
FN:134,(anonymous_13)
FN:167,(anonymous_14)
FN:179,(anonymous_15)
FN:188,(anonymous_16)
FN:198,(anonymous_17)
FN:203,(anonymous_18)
FN:210,(anonymous_19)
FN:220,(anonymous_20)
FN:223,(anonymous_21)
FN:234,(anonymous_22)
FN:246,(anonymous_23)
FN:258,(anonymous_24)
FN:261,(anonymous_25)
FN:266,(anonymous_26)
FN:271,(anonymous_27)
FN:276,(anonymous_28)
FN:283,(anonymous_29)
FN:287,(anonymous_30)
FN:291,(anonymous_31)
FN:300,(anonymous_32)
FN:301,(anonymous_33)
FN:306,(anonymous_34)
FN:307,(anonymous_35)
FN:315,(anonymous_36)
FN:317,(anonymous_37)
FN:321,(anonymous_38)
FN:322,(anonymous_39)
FN:328,(anonymous_40)
FN:342,(anonymous_41)
FN:343,(anonymous_42)
FN:365,(anonymous_43)
FNF:44
FNH:0
FNDA:0,(anonymous_0)
FNDA:0,(anonymous_1)
FNDA:0,(anonymous_2)
FNDA:0,(anonymous_3)
FNDA:0,(anonymous_4)
FNDA:0,(anonymous_5)
FNDA:0,(anonymous_6)
FNDA:0,(anonymous_7)
FNDA:0,(anonymous_8)
FNDA:0,(anonymous_9)
FNDA:0,(anonymous_10)
FNDA:0,(anonymous_11)
FNDA:0,(anonymous_12)
FNDA:0,(anonymous_13)
FNDA:0,(anonymous_14)
FNDA:0,(anonymous_15)
FNDA:0,(anonymous_16)
FNDA:0,(anonymous_17)
FNDA:0,(anonymous_18)
FNDA:0,(anonymous_19)
FNDA:0,(anonymous_20)
FNDA:0,(anonymous_21)
FNDA:0,(anonymous_22)
FNDA:0,(anonymous_23)
FNDA:0,(anonymous_24)
FNDA:0,(anonymous_25)
FNDA:0,(anonymous_26)
FNDA:0,(anonymous_27)
FNDA:0,(anonymous_28)
FNDA:0,(anonymous_29)
FNDA:0,(anonymous_30)
FNDA:0,(anonymous_31)
FNDA:0,(anonymous_32)
FNDA:0,(anonymous_33)
FNDA:0,(anonymous_34)
FNDA:0,(anonymous_35)
FNDA:0,(anonymous_36)
FNDA:0,(anonymous_37)
FNDA:0,(anonymous_38)
FNDA:0,(anonymous_39)
FNDA:0,(anonymous_40)
FNDA:0,(anonymous_41)
FNDA:0,(anonymous_42)
FNDA:0,(anonymous_43)
DA:1,0
DA:2,0
DA:6,0
DA:23,0
DA:24,0
DA:25,0
DA:26,0
DA:31,0
DA:32,0
DA:33,0
DA:37,0
DA:42,0
DA:43,0
DA:44,0
DA:51,0
DA:52,0
DA:53,0
DA:54,0
DA:55,0
DA:58,0
DA:64,0
DA:65,0
DA:66,0
DA:67,0
DA:69,0
DA:77,0
DA:78,0
DA:79,0
DA:80,0
DA:85,0
DA:87,0
DA:88,0
DA:89,0
DA:91,0
DA:92,0
DA:98,0
DA:104,0
DA:105,0
DA:114,0
DA:115,0
DA:116,0
DA:117,0
DA:119,0
DA:120,0
DA:123,0
DA:124,0
DA:125,0
DA:135,0
DA:137,0
DA:138,0
DA:147,0
DA:148,0
DA:149,0
DA:150,0
DA:152,0
DA:153,0
DA:156,0
DA:157,0
DA:158,0
DA:168,0
DA:169,0
DA:170,0
DA:171,0
DA:174,0
DA:175,0
DA:180,0
DA:181,0
DA:182,0
DA:183,0
DA:190,0
DA:199,0
DA:204,0
DA:210,0
DA:211,0
DA:212,0
DA:214,0
DA:222,0
DA:223,0
DA:225,0
DA:226,0
DA:233,0
DA:234,0
DA:236,0
DA:237,0
DA:244,0
DA:245,0
DA:246,0
DA:248,0
DA:249,0
DA:260,0
DA:261,0
DA:266,0
DA:270,0
DA:271,0
DA:276,0
DA:280,0
DA:283,0
DA:287,0
DA:291,0
DA:295,0
DA:300,0
DA:301,0
DA:306,0
DA:307,0
DA:316,0
DA:317,0
DA:322,0
DA:323,0
DA:324,0
DA:327,0
DA:328,0
DA:329,0
DA:330,0
DA:332,0
DA:334,0
DA:337,0
DA:343,0
DA:344,0
DA:345,0
DA:347,0
DA:348,0
DA:349,0
DA:351,0
DA:352,0
DA:354,0
DA:355,0
DA:357,0
DA:358,0
DA:366,0
DA:367,0
DA:368,0
DA:375,0
DA:384,0
LF:133
LH:0
BRDA:30,0,0,0
BRDA:42,1,0,0
BRDA:42,1,1,0
BRDA:91,2,0,0
BRDA:91,2,1,0
BRDA:103,3,0,0
BRDA:104,4,0,0
BRDA:104,4,1,0
BRDA:119,5,0,0
BRDA:119,5,1,0
BRDA:123,6,0,0
BRDA:123,6,1,0
BRDA:134,7,0,0
BRDA:137,8,0,0
BRDA:137,8,1,0
BRDA:152,9,0,0
BRDA:152,9,1,0
BRDA:156,10,0,0
BRDA:156,10,1,0
BRDA:167,11,0,0
BRDA:168,12,0,0
BRDA:168,12,1,0
BRDA:170,13,0,0
BRDA:170,13,1,0
BRDA:174,14,0,0
BRDA:174,14,1,0
BRDA:180,15,0,0
BRDA:180,15,1,0
BRDA:182,16,0,0
BRDA:182,16,1,0
BRDA:225,17,0,0
BRDA:225,17,1,0
BRDA:236,18,0,0
BRDA:236,18,1,0
BRDA:245,19,0,0
BRDA:245,19,1,0
BRDA:248,20,0,0
BRDA:248,20,1,0
BRDA:282,21,0,0
BRDA:282,21,1,0
BRDA:286,22,0,0
BRDA:286,22,1,0
BRDA:290,23,0,0
BRDA:290,23,1,0
BRDA:316,24,0,0
BRDA:316,24,1,0
BRDA:324,25,0,0
BRDA:324,25,1,0
BRDA:330,26,0,0
BRDA:330,26,1,0
BRDA:357,27,0,0
BRDA:357,27,1,0
BRF:52
BRH:0
end_of_record
TN:
SF:services/play-now-service.js
FN:14,(anonymous_0)
FN:24,(anonymous_1)
FN:27,(anonymous_2)
FN:47,(anonymous_3)
FN:223,(anonymous_4)
FN:252,(anonymous_5)
FN:292,(anonymous_6)
FN:310,(anonymous_7)
FN:436,(anonymous_8)
FN:476,(anonymous_9)
FN:494,(anonymous_10)
FN:502,(anonymous_11)
FN:524,(anonymous_12)
FN:552,(anonymous_13)
FN:553,(anonymous_14)
FN:597,(anonymous_15)
FN:623,(anonymous_16)
FN:669,(anonymous_17)
FN:670,(anonymous_18)
FN:679,(anonymous_19)
FN:683,(anonymous_20)
FN:684,(anonymous_21)
FN:702,(anonymous_22)
FN:705,(anonymous_23)
FN:708,(anonymous_24)
FN:709,(anonymous_25)
FN:721,(anonymous_26)
FN:731,(anonymous_27)
FN:863,(anonymous_28)
FN:879,(anonymous_29)
FN:880,(anonymous_30)
FN:886,(anonymous_31)
FN:1008,(anonymous_32)
FN:1024,(anonymous_33)
FN:1025,(anonymous_34)
FN:1031,(anonymous_35)
FN:1056,(anonymous_36)
FN:1100,(anonymous_37)
FN:1101,(anonymous_38)
FN:1110,(anonymous_39)
FN:1116,(anonymous_40)
FN:1173,(anonymous_41)
FN:1213,(anonymous_42)
FN:1226,(anonymous_43)
FN:1227,(anonymous_44)
FN:1233,(anonymous_45)
FN:1293,(anonymous_46)
FN:1306,(anonymous_47)
FN:1307,(anonymous_48)
FN:1313,(anonymous_49)
FN:1325,(anonymous_50)
FN:1333,(anonymous_51)
FN:1340,(anonymous_52)
FN:1357,(anonymous_53)
FN:1365,(anonymous_54)
FN:1373,(anonymous_55)
FN:1385,(anonymous_56)
FN:1392,(anonymous_57)
FN:1407,(anonymous_58)
FNF:59
FNH:0
FNDA:0,(anonymous_0)
FNDA:0,(anonymous_1)
FNDA:0,(anonymous_2)
FNDA:0,(anonymous_3)
FNDA:0,(anonymous_4)
FNDA:0,(anonymous_5)
FNDA:0,(anonymous_6)
FNDA:0,(anonymous_7)
FNDA:0,(anonymous_8)
FNDA:0,(anonymous_9)
FNDA:0,(anonymous_10)
FNDA:0,(anonymous_11)
FNDA:0,(anonymous_12)
FNDA:0,(anonymous_13)
FNDA:0,(anonymous_14)
FNDA:0,(anonymous_15)
FNDA:0,(anonymous_16)
FNDA:0,(anonymous_17)
FNDA:0,(anonymous_18)
FNDA:0,(anonymous_19)
FNDA:0,(anonymous_20)
FNDA:0,(anonymous_21)
FNDA:0,(anonymous_22)
FNDA:0,(anonymous_23)
FNDA:0,(anonymous_24)
FNDA:0,(anonymous_25)
FNDA:0,(anonymous_26)
FNDA:0,(anonymous_27)
FNDA:0,(anonymous_28)
FNDA:0,(anonymous_29)
FNDA:0,(anonymous_30)
FNDA:0,(anonymous_31)
FNDA:0,(anonymous_32)
FNDA:0,(anonymous_33)
FNDA:0,(anonymous_34)
FNDA:0,(anonymous_35)
FNDA:0,(anonymous_36)
FNDA:0,(anonymous_37)
FNDA:0,(anonymous_38)
FNDA:0,(anonymous_39)
FNDA:0,(anonymous_40)
FNDA:0,(anonymous_41)
FNDA:0,(anonymous_42)
FNDA:0,(anonymous_43)
FNDA:0,(anonymous_44)
FNDA:0,(anonymous_45)
FNDA:0,(anonymous_46)
FNDA:0,(anonymous_47)
FNDA:0,(anonymous_48)
FNDA:0,(anonymous_49)
FNDA:0,(anonymous_50)
FNDA:0,(anonymous_51)
FNDA:0,(anonymous_52)
FNDA:0,(anonymous_53)
FNDA:0,(anonymous_54)
FNDA:0,(anonymous_55)
FNDA:0,(anonymous_56)
FNDA:0,(anonymous_57)
FNDA:0,(anonymous_58)
DA:1,0
DA:2,0
DA:3,0
DA:4,0
DA:5,0
DA:6,0
DA:7,0
DA:15,0
DA:16,0
DA:17,0
DA:18,0
DA:21,0
DA:22,0
DA:24,0
DA:25,0
DA:26,0
DA:28,0
DA:29,0
DA:33,0
DA:36,0
DA:48,0
DA:49,0
DA:50,0
DA:52,0
DA:224,0
DA:226,0
DA:227,0
DA:228,0
DA:229,0
DA:232,0
DA:237,0
DA:239,0
DA:240,0
DA:241,0
DA:242,0
DA:243,0
DA:244,0
DA:245,0
DA:247,0
DA:252,0
DA:253,0
DA:255,0
DA:256,0
DA:265,0
DA:266,0
DA:267,0
DA:268,0
DA:270,0
DA:286,0
DA:289,0
DA:290,0
DA:291,0
DA:292,0
DA:293,0
DA:294,0
DA:298,0
DA:301,0
DA:303,0
DA:312,0
DA:436,0
DA:437,0
DA:439,0
DA:440,0
DA:449,0
DA:450,0
DA:451,0
DA:452,0
DA:454,0
DA:470,0
DA:477,0
DA:478,0
DA:479,0
DA:481,0
DA:482,0
DA:483,0
DA:485,0
DA:486,0
DA:488,0
DA:495,0
DA:496,0
DA:510,0
DA:513,0
DA:514,0
DA:515,0
DA:519,0
DA:520,0
DA:521,0
DA:522,0
DA:524,0
DA:525,0
DA:526,0
DA:529,0
DA:530,0
DA:531,0
DA:532,0
DA:534,0
DA:538,0
DA:541,0
DA:542,0
DA:547,0
DA:548,0
DA:549,0
DA:552,0
DA:553,0
DA:557,0
DA:567,0
DA:568,0
DA:569,0
DA:570,0
DA:573,0
DA:574,0
DA:579,0
DA:580,0
DA:581,0
DA:585,0
DA:602,0
DA:604,0
DA:605,0
DA:614,0
DA:615,0
DA:622,0
DA:623,0
DA:624,0
DA:626,0
DA:627,0
DA:646,0
DA:647,0
DA:648,0
DA:649,0
DA:650,0
DA:651,0
DA:659,0
DA:660,0
DA:664,0
DA:665,0
DA:669,0
DA:670,0
DA:673,0
DA:680,0
DA:681,0
DA:683,0
DA:684,0
DA:687,0
DA:692,0
DA:694,0
DA:695,0
DA:703,0
DA:705,0
DA:706,0
DA:708,0
DA:709,0
DA:710,0
DA:715,0
DA:716,0
DA:721,0
DA:725,0
DA:733,0
DA:862,0
DA:864,0
DA:870,0
DA:879,0
DA:880,0
DA:888,0
DA:889,0
DA:890,0
DA:892,0
DA:1007,0
DA:1009,0
DA:1015,0
DA:1024,0
DA:1025,0
DA:1035,0
DA:1037,0
DA:1038,0
DA:1047,0
DA:1048,0
DA:1055,0
DA:1056,0
DA:1057,0
DA:1059,0
DA:1060,0
DA:1079,0
DA:1080,0
DA:1081,0
DA:1082,0
DA:1083,0
DA:1084,0
DA:1092,0
DA:1093,0
DA:1097,0
DA:1100,0
DA:1101,0
DA:1104,0
DA:1111,0
DA:1112,0
DA:1114,0
DA:1116,0
DA:1117,0
DA:1118,0
DA:1126,0
DA:1129,0
DA:1130,0
DA:1133,0
DA:1134,0
DA:1135,0
DA:1146,0
DA:1147,0
DA:1157,0
DA:1158,0
DA:1167,0
DA:1174,0
DA:1212,0
DA:1214,0
DA:1220,0
DA:1226,0
DA:1227,0
DA:1234,0
DA:1235,0
DA:1237,0
DA:1292,0
DA:1294,0
DA:1300,0
DA:1306,0
DA:1307,0
DA:1314,0
DA:1315,0
DA:1316,0
DA:1318,0
DA:1321,0
DA:1322,0
DA:1326,0
DA:1327,0
DA:1328,0
DA:1329,0
DA:1330,0
DA:1334,0
DA:1335,0
DA:1336,0
DA:1337,0
DA:1341,0
DA:1342,0
DA:1343,0
DA:1345,0
DA:1346,0
DA:1347,0
DA:1348,0
DA:1350,0
DA:1358,0
DA:1359,0
DA:1366,0
DA:1367,0
DA:1374,0
DA:1386,0
DA:1393,0
DA:1394,0
DA:1406,0
DA:1408,0
DA:1409,0
DA:1411,0
LF:259
LH:0
BRDA:226,0,0,0
BRDA:226,0,1,0
BRDA:255,1,0,0
BRDA:255,1,1,0
BRDA:278,2,0,0
BRDA:278,2,1,0
BRDA:279,3,0,0
BRDA:279,3,1,0
BRDA:281,4,0,0
BRDA:281,4,1,0
BRDA:293,5,0,0
BRDA:293,5,1,0
BRDA:439,6,0,0
BRDA:439,6,1,0
BRDA:462,7,0,0
BRDA:462,7,1,0
BRDA:463,8,0,0
BRDA:463,8,1,0
BRDA:465,9,0,0
BRDA:465,9,1,0
BRDA:483,10,0,0
BRDA:483,10,1,0
BRDA:485,11,0,0
BRDA:485,11,1,0
BRDA:485,12,0,0
BRDA:485,12,1,0
BRDA:486,13,0,0
BRDA:486,13,1,0
BRDA:486,14,0,0
BRDA:486,14,1,0
BRDA:502,15,0,0
BRDA:504,16,0,0
BRDA:505,17,0,0
BRDA:506,18,0,0
BRDA:507,19,0,0
BRDA:508,20,0,0
BRDA:509,21,0,0
BRDA:513,22,0,0
BRDA:513,22,1,0
BRDA:519,23,0,0
BRDA:519,23,1,0
BRDA:519,24,0,0
BRDA:519,24,1,0
BRDA:524,25,0,0
BRDA:524,25,1,0
BRDA:524,26,0,0
BRDA:524,26,1,0
BRDA:529,27,0,0
BRDA:529,27,1,0
BRDA:547,28,0,0
BRDA:547,28,1,0
BRDA:567,29,0,0
BRDA:567,29,1,0
BRDA:567,30,0,0
BRDA:567,30,1,0
BRDA:579,31,0,0
BRDA:579,31,1,0
BRDA:597,32,0,0
BRDA:599,33,0,0
BRDA:600,34,0,0
BRDA:601,35,0,0
BRDA:622,36,0,0
BRDA:622,36,1,0
BRDA:626,37,0,0
BRDA:626,37,1,0
BRDA:646,38,0,0
BRDA:646,38,1,0
BRDA:648,39,0,0
BRDA:648,39,1,0
BRDA:650,40,0,0
BRDA:650,40,1,0
BRDA:659,41,0,0
BRDA:659,41,1,0
BRDA:664,42,0,0
BRDA:664,42,1,0
BRDA:692,43,0,0
BRDA:692,43,1,0
BRDA:706,44,0,0
BRDA:706,44,1,0
BRDA:706,45,0,0
BRDA:706,45,1,0
BRDA:710,46,0,0
BRDA:710,46,1,0
BRDA:710,46,2,0
BRDA:715,47,0,0
BRDA:715,47,1,0
BRDA:721,48,0,0
BRDA:721,48,1,0
BRDA:721,49,0,0
BRDA:721,49,1,0
BRDA:900,50,0,0
BRDA:900,50,1,0
BRDA:900,51,0,0
BRDA:900,51,1,0
BRDA:900,51,2,0
BRDA:914,52,0,0
BRDA:914,52,1,0
BRDA:914,53,0,0
BRDA:914,53,1,0
BRDA:914,53,2,0
BRDA:942,54,0,0
BRDA:942,54,1,0
BRDA:942,55,0,0
BRDA:942,55,1,0
BRDA:942,55,2,0
BRDA:956,56,0,0
BRDA:956,56,1,0
BRDA:956,57,0,0
BRDA:956,57,1,0
BRDA:956,57,2,0
BRDA:970,58,0,0
BRDA:970,58,1,0
BRDA:970,59,0,0
BRDA:970,59,1,0
BRDA:984,60,0,0
BRDA:984,60,1,0
BRDA:984,61,0,0
BRDA:984,61,1,0
BRDA:1031,62,0,0
BRDA:1033,63,0,0
BRDA:1034,64,0,0
BRDA:1055,65,0,0
BRDA:1055,65,1,0
BRDA:1059,66,0,0
BRDA:1059,66,1,0
BRDA:1079,67,0,0
BRDA:1079,67,1,0
BRDA:1081,68,0,0
BRDA:1081,68,1,0
BRDA:1083,69,0,0
BRDA:1083,69,1,0
BRDA:1092,70,0,0
BRDA:1092,70,1,0
BRDA:1114,71,0,0
BRDA:1114,71,1,0
BRDA:1117,72,0,0
BRDA:1117,72,1,0
BRDA:1117,73,0,0
BRDA:1117,73,1,0
BRDA:1133,74,0,0
BRDA:1133,74,1,0
BRDA:1133,75,0,0
BRDA:1133,75,1,0
BRDA:1140,76,0,0
BRDA:1140,76,1,0
BRDA:1140,77,0,0
BRDA:1140,77,1,0
BRDA:1146,78,0,0
BRDA:1146,78,1,0
BRDA:1146,79,0,0
BRDA:1146,79,1,0
BRDA:1157,80,0,0
BRDA:1157,80,1,0
BRDA:1245,81,0,0
BRDA:1245,81,1,0
BRDA:1245,82,0,0
BRDA:1245,82,1,0
BRDA:1328,83,0,0
BRDA:1328,83,1,0
BRDA:1329,84,0,0
BRDA:1329,84,1,0
BRDA:1329,85,0,0
BRDA:1329,85,1,0
BRDA:1330,86,0,0
BRDA:1330,86,1,0
BRDA:1345,87,0,0
BRDA:1345,87,1,0
BRDA:1345,88,0,0
BRDA:1345,88,1,0
BRDA:1346,89,0,0
BRDA:1346,89,1,0
BRDA:1347,90,0,0
BRDA:1347,90,1,0
BRDA:1348,91,0,0
BRDA:1348,91,1,0
BRDA:1359,92,0,0
BRDA:1359,92,1,0
BRDA:1408,93,0,0
BRDA:1408,93,1,0
BRF:179
BRH:0
end_of_record
TN:
SF:services/play-now-swarm.js
FN:10,(anonymous_0)
FN:33,(anonymous_1)
FN:85,(anonymous_2)
FN:99,(anonymous_3)
FN:118,(anonymous_4)
FN:122,(anonymous_5)
FN:154,(anonymous_6)
FN:207,(anonymous_7)
FN:212,(anonymous_8)
FN:255,(anonymous_9)
FN:264,(anonymous_10)
FN:268,(anonymous_11)
FN:277,(anonymous_12)
FN:286,(anonymous_13)
FN:303,(anonymous_14)
FN:342,(anonymous_15)
FN:345,(anonymous_16)
FN:363,(anonymous_17)
FN:379,(anonymous_18)
FN:385,(anonymous_19)
FN:415,(anonymous_20)
FN:419,(anonymous_21)
FN:420,(anonymous_22)
FN:439,(anonymous_23)
FN:481,(anonymous_24)
FN:498,(anonymous_25)
FN:499,(anonymous_26)
FN:500,(anonymous_27)
FN:531,(anonymous_28)
FN:532,(anonymous_29)
FN:533,(anonymous_30)
FN:583,(anonymous_31)
FN:585,(anonymous_32)
FN:595,(anonymous_33)
FN:607,(anonymous_34)
FN:637,(anonymous_35)
FN:645,(anonymous_36)
FN:659,(anonymous_37)
FN:662,(anonymous_38)
FN:669,(anonymous_39)
FN:672,(anonymous_40)
FN:676,(anonymous_41)
FN:689,(anonymous_42)
FN:699,(anonymous_43)
FN:709,(anonymous_44)
FN:718,(anonymous_45)
FN:721,(anonymous_46)
FN:744,(anonymous_47)
FN:754,(anonymous_48)
FNF:49
FNH:0
FNDA:0,(anonymous_0)
FNDA:0,(anonymous_1)
FNDA:0,(anonymous_2)
FNDA:0,(anonymous_3)
FNDA:0,(anonymous_4)
FNDA:0,(anonymous_5)
FNDA:0,(anonymous_6)
FNDA:0,(anonymous_7)
FNDA:0,(anonymous_8)
FNDA:0,(anonymous_9)
FNDA:0,(anonymous_10)
FNDA:0,(anonymous_11)
FNDA:0,(anonymous_12)
FNDA:0,(anonymous_13)
FNDA:0,(anonymous_14)
FNDA:0,(anonymous_15)
FNDA:0,(anonymous_16)
FNDA:0,(anonymous_17)
FNDA:0,(anonymous_18)
FNDA:0,(anonymous_19)
FNDA:0,(anonymous_20)
FNDA:0,(anonymous_21)
FNDA:0,(anonymous_22)
FNDA:0,(anonymous_23)
FNDA:0,(anonymous_24)
FNDA:0,(anonymous_25)
FNDA:0,(anonymous_26)
FNDA:0,(anonymous_27)
FNDA:0,(anonymous_28)
FNDA:0,(anonymous_29)
FNDA:0,(anonymous_30)
FNDA:0,(anonymous_31)
FNDA:0,(anonymous_32)
FNDA:0,(anonymous_33)
FNDA:0,(anonymous_34)
FNDA:0,(anonymous_35)
FNDA:0,(anonymous_36)
FNDA:0,(anonymous_37)
FNDA:0,(anonymous_38)
FNDA:0,(anonymous_39)
FNDA:0,(anonymous_40)
FNDA:0,(anonymous_41)
FNDA:0,(anonymous_42)
FNDA:0,(anonymous_43)
FNDA:0,(anonymous_44)
FNDA:0,(anonymous_45)
FNDA:0,(anonymous_46)
FNDA:0,(anonymous_47)
FNDA:0,(anonymous_48)
DA:1,0
DA:2,0
DA:3,0
DA:11,0
DA:12,0
DA:13,0
DA:14,0
DA:15,0
DA:18,0
DA:21,0
DA:35,0
DA:44,0
DA:53,0
DA:62,0
DA:71,0
DA:79,0
DA:86,0
DA:100,0
DA:101,0
DA:109,0
DA:112,0
DA:115,0
DA:117,0
DA:118,0
DA:121,0
DA:122,0
DA:133,0
DA:136,0
DA:138,0
DA:155,0
DA:158,0
DA:159,0
DA:160,0
DA:161,0
DA:162,0
DA:163,0
DA:166,0
DA:167,0
DA:168,0
DA:170,0
DA:172,0
DA:175,0
DA:178,0
DA:179,0
DA:186,0
DA:187,0
DA:188,0
DA:190,0
DA:192,0
DA:195,0
DA:196,0
DA:197,0
DA:198,0
DA:200,0
DA:208,0
DA:209,0
DA:212,0
DA:213,0
DA:219,0
DA:255,0
DA:256,0
DA:261,0
DA:263,0
DA:264,0
DA:267,0
DA:268,0
DA:276,0
DA:277,0
DA:287,0
DA:288,0
DA:289,0
DA:290,0
DA:292,0
DA:295,0
DA:296,0
DA:302,0
DA:303,0
DA:304,0
DA:316,0
DA:320,0
DA:342,0
DA:343,0
DA:345,0
DA:346,0
DA:347,0
DA:348,0
DA:349,0
DA:362,0
DA:365,0
DA:366,0
DA:367,0
DA:369,0
DA:370,0
DA:380,0
DA:381,0
DA:385,0
DA:386,0
DA:388,0
DA:398,0
DA:400,0
DA:401,0
DA:402,0
DA:415,0
DA:416,0
DA:417,0
DA:418,0
DA:419,0
DA:420,0
DA:421,0
DA:422,0
DA:423,0
DA:424,0
DA:430,0
DA:440,0
DA:444,0
DA:466,0
DA:467,0
DA:475,0
DA:483,0
DA:484,0
DA:485,0
DA:486,0
DA:489,0
DA:498,0
DA:499,0
DA:500,0
DA:502,0
DA:520,0
DA:521,0
DA:522,0
DA:523,0
DA:524,0
DA:525,0
DA:530,0
DA:531,0
DA:532,0
DA:533,0
DA:534,0
DA:536,0
DA:553,0
DA:554,0
DA:583,0
DA:584,0
DA:585,0
DA:589,0
DA:596,0
DA:597,0
DA:598,0
DA:600,0
DA:603,0
DA:604,0
DA:608,0
DA:610,0
DA:611,0
DA:618,0
DA:619,0
DA:626,0
DA:627,0
DA:634,0
DA:638,0
DA:639,0
DA:640,0
DA:641,0
DA:642,0
DA:646,0
DA:647,0
DA:648,0
DA:650,0
DA:651,0
DA:652,0
DA:653,0
DA:655,0
DA:660,0
DA:662,0
DA:663,0
DA:664,0
DA:666,0
DA:669,0
DA:673,0
DA:677,0
DA:678,0
DA:680,0
DA:681,0
DA:682,0
DA:683,0
DA:686,0
DA:690,0
DA:691,0
DA:694,0
DA:699,0
DA:700,0
DA:701,0
DA:703,0
DA:704,0
DA:710,0
DA:711,0
DA:712,0
DA:719,0
DA:721,0
DA:722,0
DA:733,0
DA:745,0
DA:746,0
DA:753,0
DA:755,0
DA:756,0
DA:758,0
LF:207
LH:0
BRDA:99,0,0,0
BRDA:104,1,0,0
BRDA:105,2,0,0
BRDA:106,3,0,0
BRDA:107,4,0,0
BRDA:108,5,0,0
BRDA:139,6,0,0
BRDA:139,6,1,0
BRDA:159,7,0,0
BRDA:159,7,1,0
BRDA:178,8,0,0
BRDA:178,8,1,0
BRDA:213,9,0,0
BRDA:213,9,1,0
BRDA:213,9,2,0
BRDA:261,10,0,0
BRDA:261,10,1,0
BRDA:263,11,0,0
BRDA:263,11,1,0
BRDA:287,12,0,0
BRDA:287,12,1,0
BRDA:302,13,0,0
BRDA:302,13,1,0
BRDA:305,14,0,0
BRDA:305,14,1,0
BRDA:309,15,0,0
BRDA:309,15,1,0
BRDA:343,16,0,0
BRDA:343,16,1,0
BRDA:346,17,0,0
BRDA:346,17,1,0
BRDA:348,18,0,0
BRDA:348,18,1,0
BRDA:366,19,0,0
BRDA:366,19,1,0
BRDA:367,20,0,0
BRDA:367,20,1,0
BRDA:369,21,0,0
BRDA:369,21,1,0
BRDA:380,22,0,0
BRDA:380,22,1,0
BRDA:386,23,0,0
BRDA:386,23,1,0
BRDA:393,24,0,0
BRDA:393,24,1,0
BRDA:395,25,0,0
BRDA:395,25,1,0
BRDA:398,26,0,0
BRDA:398,26,1,0
BRDA:405,27,0,0
BRDA:405,27,1,0
BRDA:408,28,0,0
BRDA:408,28,1,0
BRDA:416,29,0,0
BRDA:416,29,1,0
BRDA:418,30,0,0
BRDA:418,30,1,0
BRDA:421,31,0,0
BRDA:421,31,1,0
BRDA:447,32,0,0
BRDA:447,32,1,0
BRDA:447,33,0,0
BRDA:447,33,1,0
BRDA:454,34,0,0
BRDA:454,34,1,0
BRDA:466,35,0,0
BRDA:466,35,1,0
BRDA:483,36,0,0
BRDA:483,36,1,0
BRDA:484,37,0,0
BRDA:484,37,1,0
BRDA:485,38,0,0
BRDA:485,38,1,0
BRDA:507,39,0,0
BRDA:507,39,1,0
BRDA:508,40,0,0
BRDA:508,40,1,0
BRDA:517,41,0,0
BRDA:517,41,1,0
BRDA:520,42,0,0
BRDA:520,42,1,0
BRDA:522,43,0,0
BRDA:522,43,1,0
BRDA:524,44,0,0
BRDA:524,44,1,0
BRDA:530,45,0,0
BRDA:530,45,1,0
BRDA:534,46,0,0
BRDA:534,46,1,0
BRDA:542,47,0,0
BRDA:542,47,1,0
BRDA:543,48,0,0
BRDA:543,48,1,0
BRDA:547,49,0,0
BRDA:547,49,1,0
BRDA:553,50,0,0
BRDA:553,50,1,0
BRDA:584,51,0,0
BRDA:584,51,1,0
BRDA:585,52,0,0
BRDA:585,52,1,0
BRDA:585,53,0,0
BRDA:585,53,1,0
BRDA:610,54,0,0
BRDA:610,54,1,0
BRDA:610,55,0,0
BRDA:610,55,1,0
BRDA:618,56,0,0
BRDA:618,56,1,0
BRDA:618,57,0,0
BRDA:618,57,1,0
BRDA:626,58,0,0
BRDA:626,58,1,0
BRDA:640,59,0,0
BRDA:640,59,1,0
BRDA:641,60,0,0
BRDA:641,60,1,0
BRDA:641,61,0,0
BRDA:641,61,1,0
BRDA:642,62,0,0
BRDA:642,62,1,0
BRDA:650,63,0,0
BRDA:650,63,1,0
BRDA:650,64,0,0
BRDA:650,64,1,0
BRDA:652,65,0,0
BRDA:652,65,1,0
BRDA:653,66,0,0
BRDA:653,66,1,0
BRDA:663,67,0,0
BRDA:663,67,1,0
BRDA:678,68,0,0
BRDA:678,68,1,0
BRDA:681,69,0,0
BRDA:681,69,1,0
BRDA:700,70,0,0
BRDA:700,70,1,0
BRDA:703,71,0,0
BRDA:703,71,1,0
BRDA:711,72,0,0
BRDA:711,72,1,0
BRDA:755,73,0,0
BRDA:755,73,1,0
BRF:143
BRH:0
end_of_record
TN:
SF:services/scheduler.js
FN:4,(anonymous_0)
FN:11,(anonymous_1)
FN:15,(anonymous_2)
FN:35,(anonymous_3)
FN:56,(anonymous_4)
FN:75,(anonymous_5)
FN:87,(anonymous_6)
FN:98,(anonymous_7)
FNF:8
FNH:0
FNDA:0,(anonymous_0)
FNDA:0,(anonymous_1)
FNDA:0,(anonymous_2)
FNDA:0,(anonymous_3)
FNDA:0,(anonymous_4)
FNDA:0,(anonymous_5)
FNDA:0,(anonymous_6)
FNDA:0,(anonymous_7)
DA:1,0
DA:5,0
DA:12,0
DA:15,0
DA:16,0
DA:17,0
DA:18,0
DA:19,0
DA:21,0
DA:26,0
DA:36,0
DA:37,0
DA:40,0
DA:41,0
DA:49,0
DA:57,0
DA:58,0
DA:59,0
DA:60,0
DA:63,0
DA:64,0
DA:65,0
DA:67,0
DA:76,0
DA:77,0
DA:78,0
DA:79,0
DA:80,0
DA:88,0
DA:89,0
DA:91,0
DA:99,0
DA:100,0
DA:101,0
DA:107,0
DA:111,0
LF:36
LH:0
BRDA:36,0,0,0
BRDA:36,0,1,0
BRDA:58,1,0,0
BRDA:58,1,1,0
BRDA:77,2,0,0
BRDA:77,2,1,0
BRF:6
BRH:0
end_of_record
TN:
SF:services/site-methods-manager.js
FN:9,(anonymous_0)
FN:35,(anonymous_1)
FN:218,(anonymous_2)
FN:226,(anonymous_3)
FN:255,(anonymous_4)
FN:262,(anonymous_5)
FN:264,(anonymous_6)
FN:271,(anonymous_7)
FN:273,(anonymous_8)
FN:280,(anonymous_9)
FN:320,(anonymous_10)
FN:353,(anonymous_11)
FN:398,(anonymous_12)
FN:441,(anonymous_13)
FN:477,(anonymous_14)
FN:506,(anonymous_15)
FN:554,(anonymous_16)
FN:604,(anonymous_17)
FN:621,(anonymous_18)
FN:639,(anonymous_19)
FN:667,(anonymous_20)
FN:689,(anonymous_21)
FN:698,(anonymous_22)
FN:739,(anonymous_23)
FN:752,(anonymous_24)
FN:754,(anonymous_25)
FN:755,(anonymous_26)
FN:757,(anonymous_27)
FN:768,(anonymous_28)
FN:770,(anonymous_29)
FN:772,(anonymous_30)
FN:783,(anonymous_31)
FN:785,(anonymous_32)
FN:790,(anonymous_33)
FN:803,(anonymous_34)
FN:809,(anonymous_35)
FN:821,(anonymous_36)
FN:840,(anonymous_37)
FN:843,(anonymous_38)
FN:862,(anonymous_39)
FNF:40
FNH:0
FNDA:0,(anonymous_0)
FNDA:0,(anonymous_1)
FNDA:0,(anonymous_2)
FNDA:0,(anonymous_3)
FNDA:0,(anonymous_4)
FNDA:0,(anonymous_5)
FNDA:0,(anonymous_6)
FNDA:0,(anonymous_7)
FNDA:0,(anonymous_8)
FNDA:0,(anonymous_9)
FNDA:0,(anonymous_10)
FNDA:0,(anonymous_11)
FNDA:0,(anonymous_12)
FNDA:0,(anonymous_13)
FNDA:0,(anonymous_14)
FNDA:0,(anonymous_15)
FNDA:0,(anonymous_16)
FNDA:0,(anonymous_17)
FNDA:0,(anonymous_18)
FNDA:0,(anonymous_19)
FNDA:0,(anonymous_20)
FNDA:0,(anonymous_21)
FNDA:0,(anonymous_22)
FNDA:0,(anonymous_23)
FNDA:0,(anonymous_24)
FNDA:0,(anonymous_25)
FNDA:0,(anonymous_26)
FNDA:0,(anonymous_27)
FNDA:0,(anonymous_28)
FNDA:0,(anonymous_29)
FNDA:0,(anonymous_30)
FNDA:0,(anonymous_31)
FNDA:0,(anonymous_32)
FNDA:0,(anonymous_33)
FNDA:0,(anonymous_34)
FNDA:0,(anonymous_35)
FNDA:0,(anonymous_36)
FNDA:0,(anonymous_37)
FNDA:0,(anonymous_38)
FNDA:0,(anonymous_39)
DA:1,0
DA:10,0
DA:13,0
DA:14,0
DA:15,0
DA:18,0
DA:29,0
DA:36,0
DA:218,0
DA:220,0
DA:227,0
DA:230,0
DA:241,0
DA:242,0
DA:244,0
DA:247,0
DA:248,0
DA:256,0
DA:263,0
DA:264,0
DA:272,0
DA:273,0
DA:281,0
DA:282,0
DA:284,0
DA:287,0
DA:288,0
DA:294,0
DA:295,0
DA:302,0
DA:303,0
DA:311,0
DA:313,0
DA:314,0
DA:321,0
DA:322,0
DA:325,0
DA:328,0
DA:331,0
DA:332,0
DA:335,0
DA:340,0
DA:343,0
DA:344,0
DA:345,0
DA:347,0
DA:354,0
DA:355,0
DA:356,0
DA:359,0
DA:361,0
DA:362,0
DA:364,0
DA:366,0
DA:367,0
DA:369,0
DA:370,0
DA:372,0
DA:373,0
DA:377,0
DA:378,0
DA:380,0
DA:382,0
DA:385,0
DA:386,0
DA:387,0
DA:391,0
DA:399,0
DA:401,0
DA:403,0
DA:404,0
DA:406,0
DA:413,0
DA:414,0
DA:415,0
DA:419,0
DA:420,0
DA:422,0
DA:423,0
DA:424,0
DA:425,0
DA:426,0
DA:430,0
DA:433,0
DA:434,0
DA:442,0
DA:444,0
DA:445,0
DA:446,0
DA:449,0
DA:450,0
DA:452,0
DA:455,0
DA:456,0
DA:457,0
DA:458,0
DA:459,0
DA:460,0
DA:461,0
DA:465,0
DA:466,0
DA:469,0
DA:470,0
DA:479,0
DA:480,0
DA:487,0
DA:491,0
DA:492,0
DA:500,0
DA:507,0
DA:509,0
DA:512,0
DA:513,0
DA:517,0
DA:518,0
DA:520,0
DA:521,0
DA:522,0
DA:525,0
DA:526,0
DA:527,0
DA:539,0
DA:540,0
DA:543,0
DA:546,0
DA:547,0
DA:555,0
DA:557,0
DA:559,0
DA:562,0
DA:564,0
DA:566,0
DA:567,0
DA:568,0
DA:569,0
DA:581,0
DA:583,0
DA:584,0
DA:593,0
DA:596,0
DA:597,0
DA:605,0
DA:606,0
DA:607,0
DA:613,0
DA:615,0
DA:618,0
DA:619,0
DA:621,0
DA:623,0
DA:625,0
DA:626,0
DA:629,0
DA:632,0
DA:640,0
DA:643,0
DA:651,0
DA:652,0
DA:653,0
DA:654,0
DA:655,0
DA:656,0
DA:661,0
DA:668,0
DA:670,0
DA:671,0
DA:673,0
DA:674,0
DA:677,0
DA:678,0
DA:679,0
DA:683,0
DA:690,0
DA:691,0
DA:692,0
DA:699,0
DA:700,0
DA:701,0
DA:702,0
DA:703,0
DA:704,0
DA:705,0
DA:707,0
DA:709,0
DA:711,0
DA:712,0
DA:714,0
DA:715,0
DA:717,0
DA:718,0
DA:722,0
DA:724,0
DA:725,0
DA:727,0
DA:728,0
DA:730,0
DA:731,0
DA:740,0
DA:741,0
DA:753,0
DA:754,0
DA:755,0
DA:757,0
DA:769,0
DA:770,0
DA:772,0
DA:784,0
DA:786,0
DA:790,0
DA:804,0
DA:805,0
DA:809,0
DA:822,0
DA:823,0
DA:826,0
DA:827,0
DA:828,0
DA:829,0
DA:830,0
DA:834,0
DA:841,0
DA:843,0
DA:844,0
DA:847,0
DA:848,0
DA:849,0
DA:850,0
DA:853,0
DA:861,0
DA:863,0
DA:864,0
DA:866,0
LF:232
LH:0
BRDA:232,0,0,0
BRDA:232,0,1,0
BRDA:247,1,0,0
BRDA:247,1,1,0
BRDA:264,2,0,0
BRDA:264,2,1,0
BRDA:282,3,0,0
BRDA:282,3,1,0
BRDA:289,4,0,0
BRDA:289,4,1,0
BRDA:294,5,0,0
BRDA:294,5,1,0
BRDA:294,6,0,0
BRDA:294,6,1,0
BRDA:302,7,0,0
BRDA:302,7,1,0
BRDA:322,8,0,0
BRDA:322,8,1,0
BRDA:340,9,0,0
BRDA:340,9,1,0
BRDA:355,10,0,0
BRDA:355,10,1,0
BRDA:364,11,0,0
BRDA:364,11,1,0
BRDA:364,11,2,0
BRDA:377,12,0,0
BRDA:377,12,1,0
BRDA:403,13,0,0
BRDA:403,13,1,0
BRDA:404,14,0,0
BRDA:404,14,1,0
BRDA:408,15,0,0
BRDA:408,15,1,0
BRDA:413,16,0,0
BRDA:413,16,1,0
BRDA:422,17,0,0
BRDA:422,17,1,0
BRDA:422,18,0,0
BRDA:422,18,1,0
BRDA:424,19,0,0
BRDA:424,19,1,0
BRDA:449,20,0,0
BRDA:449,20,1,0
BRDA:450,21,0,0
BRDA:450,21,1,0
BRDA:456,22,0,0
BRDA:456,22,1,0
BRDA:456,23,0,0
BRDA:456,23,1,0
BRDA:458,24,0,0
BRDA:458,24,1,0
BRDA:479,25,0,0
BRDA:479,25,1,0
BRDA:487,26,0,0
BRDA:487,26,1,0
BRDA:491,27,0,0
BRDA:491,27,1,0
BRDA:506,28,0,0
BRDA:512,29,0,0
BRDA:512,29,1,0
BRDA:525,30,0,0
BRDA:525,30,1,0
BRDA:530,31,0,0
BRDA:530,31,1,0
BRDA:564,32,0,0
BRDA:564,32,1,0
BRDA:568,33,0,0
BRDA:568,33,1,0
BRDA:583,34,0,0
BRDA:583,34,1,0
BRDA:609,35,0,0
BRDA:609,35,1,0
BRDA:613,36,0,0
BRDA:613,36,1,0
BRDA:623,37,0,0
BRDA:623,37,1,0
BRDA:654,38,0,0
BRDA:654,38,1,0
BRDA:667,39,0,0
BRDA:668,40,0,0
BRDA:668,40,1,0
BRDA:668,41,0,0
BRDA:668,41,1,0
BRDA:671,42,0,0
BRDA:671,42,1,0
BRDA:673,43,0,0
BRDA:673,43,1,0
BRDA:677,44,0,0
BRDA:677,44,1,0
BRDA:679,45,0,0
BRDA:679,45,1,0
BRDA:691,46,0,0
BRDA:691,46,1,0
BRDA:709,47,0,0
BRDA:709,47,1,0
BRDA:709,47,2,0
BRDA:722,48,0,0
BRDA:722,48,1,0
BRDA:722,48,2,0
BRDA:752,49,0,0
BRDA:768,50,0,0
BRDA:786,51,0,0
BRDA:786,51,1,0
BRDA:786,51,2,0
BRDA:793,52,0,0
BRDA:793,52,1,0
BRDA:794,53,0,0
BRDA:794,53,1,0
BRDA:813,54,0,0
BRDA:813,54,1,0
BRDA:822,55,0,0
BRDA:822,55,1,0
BRDA:822,56,0,0
BRDA:822,56,1,0
BRDA:828,57,0,0
BRDA:828,57,1,0
BRDA:841,58,0,0
BRDA:841,58,1,0
BRDA:844,59,0,0
BRDA:844,59,1,0
BRDA:848,60,0,0
BRDA:848,60,1,0
BRDA:863,61,0,0
BRDA:863,61,1,0
BRF:124
BRH:0
end_of_record
TN:
SF:services/websocket-optimized.js
FN:6,(anonymous_0)
FN:44,(anonymous_1)
FN:85,(anonymous_2)
FN:86,(anonymous_3)
FN:91,(anonymous_4)
FN:108,(anonymous_5)
FN:130,(anonymous_6)
FN:134,(anonymous_7)
FN:138,(anonymous_8)
FN:142,(anonymous_9)
FN:147,(anonymous_10)
FN:159,(anonymous_11)
FN:180,(anonymous_12)
FN:185,(anonymous_13)
FN:193,(anonymous_14)
FN:211,(anonymous_15)
FN:232,(anonymous_16)
FN:245,(anonymous_17)
FN:257,(anonymous_18)
FN:258,(anonymous_19)
FN:267,(anonymous_20)
FN:291,(anonymous_21)
FN:294,(anonymous_22)
FN:310,(anonymous_23)
FN:321,(anonymous_24)
FN:336,(anonymous_25)
FN:337,(anonymous_26)
FN:343,(anonymous_27)
FN:360,(anonymous_28)
FN:361,(anonymous_29)
FN:381,(anonymous_30)
FN:382,(anonymous_31)
FN:407,(anonymous_32)
FN:414,(anonymous_33)
FN:421,(anonymous_34)
FN:425,(anonymous_35)
FN:432,(anonymous_36)
FN:435,(anonymous_37)
FN:438,(anonymous_38)
FN:439,(anonymous_39)
[...]
FN:610,(anonymous_39)
FN:615,(anonymous_40)
FNF:41
FNH:0
FNDA:0,(anonymous_0)
FNDA:0,(anonymous_1)
FNDA:0,(anonymous_2)
FNDA:0,(anonymous_3)
FNDA:0,(anonymous_4)
FNDA:0,(anonymous_5)
FNDA:0,(anonymous_6)
FNDA:0,(anonymous_7)
FNDA:0,(anonymous_8)
FNDA:0,(anonymous_9)
FNDA:0,(anonymous_10)
FNDA:0,(anonymous_11)
FNDA:0,(anonymous_12)
FNDA:0,(anonymous_13)
FNDA:0,(anonymous_14)
FNDA:0,(anonymous_15)
FNDA:0,(anonymous_16)
FNDA:0,(anonymous_17)
FNDA:0,(anonymous_18)
FNDA:0,(anonymous_19)
FNDA:0,(anonymous_20)
FNDA:0,(anonymous_21)
FNDA:0,(anonymous_22)
FNDA:0,(anonymous_23)
FNDA:0,(anonymous_24)
FNDA:0,(anonymous_25)
FNDA:0,(anonymous_26)
FNDA:0,(anonymous_27)
FNDA:0,(anonymous_28)
FNDA:0,(anonymous_29)
FNDA:0,(anonymous_30)
FNDA:0,(anonymous_31)
FNDA:0,(anonymous_32)
FNDA:0,(anonymous_33)
FNDA:0,(anonymous_34)
FNDA:0,(anonymous_35)
FNDA:0,(anonymous_36)
FNDA:0,(anonymous_37)
FNDA:0,(anonymous_38)
FNDA:0,(anonymous_39)
FNDA:0,(anonymous_40)
DA:2,0
DA:3,0
DA:7,0
DA:8,0
DA:9,0
DA:10,0
DA:11,0
DA:13,0
DA:18,0
DA:19,0
DA:20,0
DA:21,0
DA:22,0
DA:28,0
DA:43,0
DA:58,0
DA:76,0
DA:97,0
DA:112,0
DA:130,0
DA:145,0
DA:162,0
DA:181,0
DA:198,0
DA:214,0
DA:216,0
DA:217,0
DA:220,0
DA:225,0
DA:229,0
DA:234,0
DA:235,0
DA:241,0
DA:242,0
DA:245,0
DA:246,0
DA:247,0
DA:267,0
DA:268,0
DA:271,0
DA:272,0
DA:274,0
DA:275,0
DA:294,0
DA:295,0
DA:296,0
DA:297,0
DA:300,0
DA:301,0
DA:303,0
DA:305,0
DA:306,0
DA:321,0
DA:322,0
DA:326,0
DA:329,0
DA:331,0
DA:332,0
DA:338,0
DA:369,0
DA:370,0
DA:371,0
DA:372,0
DA:375,0
DA:376,0
DA:378,0
DA:393,0
DA:395,0
DA:396,0
DA:402,0
DA:403,0
DA:404,0
DA:439,0
DA:440,0
DA:442,0
DA:443,0
DA:444,0
DA:446,0
DA:454,0
DA:455,0
DA:457,0
DA:461,0
DA:467,0
DA:468,0
DA:469,0
DA:470,0
DA:471,0
DA:472,0
DA:473,0
DA:475,0
DA:480,0
DA:486,0
DA:493,0
DA:502,0
DA:505,0
DA:506,0
DA:514,0
DA:516,0
DA:517,0
DA:525,0
DA:526,0
DA:528,0
DA:529,0
DA:532,0
DA:535,0
DA:536,0
DA:537,0
DA:541,0
DA:542,0
DA:547,0
DA:551,0
DA:552,0
DA:553,0
DA:555,0
DA:569,0
DA:573,0
DA:575,0
DA:576,0
DA:580,0
DA:584,0
DA:588,0
DA:589,0
DA:600,0
DA:601,0
DA:602,0
DA:606,0
DA:611,0
DA:616,0
DA:618,0
DA:619,0
DA:629,0
DA:633,0
LF:132
LH:0
BRDA:241,0,0,0
BRDA:241,0,1,0
BRDA:252,1,0,0
BRDA:252,1,1,0
BRDA:258,2,0,0
BRDA:258,2,1,0
BRDA:267,3,0,0
BRDA:267,3,1,0
BRDA:277,4,0,0
BRDA:277,4,1,0
BRDA:293,5,0,0
BRDA:295,6,0,0
BRDA:295,6,1,0
BRDA:321,7,0,0
BRDA:321,7,1,0
BRDA:340,8,0,0
BRDA:340,8,1,0
BRDA:342,9,0,0
BRDA:342,9,1,0
BRDA:343,10,0,0
BRDA:343,10,1,0
BRDA:344,11,0,0
BRDA:344,11,1,0
BRDA:352,12,0,0
BRDA:352,12,1,0
BRDA:368,13,0,0
BRDA:370,14,0,0
BRDA:370,14,1,0
BRDA:393,15,0,0
BRDA:393,15,1,0
BRDA:406,16,0,0
BRDA:406,16,1,0
BRDA:407,17,0,0
BRDA:407,17,1,0
BRDA:410,18,0,0
BRDA:410,18,1,0
BRDA:413,19,0,0
BRDA:413,19,1,0
BRDA:423,20,0,0
BRDA:423,20,1,0
BRDA:423,21,0,0
BRDA:423,21,1,0
BRDA:427,22,0,0
BRDA:427,22,1,0
BRDA:428,23,0,0
BRDA:428,23,1,0
BRDA:468,24,0,0
BRDA:468,24,1,0
BRDA:526,25,0,0
BRDA:526,25,1,0
BRDA:535,26,0,0
BRDA:535,26,1,0
BRDA:551,27,0,0
BRDA:551,27,1,0
BRDA:551,27,2,0
BRDA:552,28,0,0
BRDA:552,28,1,0
BRDA:573,29,0,0
BRDA:573,29,1,0
BRDA:573,29,2,0
BRDA:573,30,0,0
BRDA:573,30,1,0
BRDA:580,31,0,0
BRDA:580,31,1,0
BRDA:584,32,0,0
BRDA:584,32,1,0
BRDA:601,33,0,0
BRDA:601,33,1,0
BRDA:622,34,0,0
BRDA:622,34,1,0
BRDA:625,35,0,0
BRDA:625,35,1,0
BRF:72
BRH:0
end_of_record
TN:
SF:services/sports-scraping-swarm/mega-scraper-orchestrator.js
FN:9,(anonymous_0)
FN:41,(anonymous_1)
FN:58,(anonymous_2)
FN:67,(anonymous_3)
FN:72,(anonymous_4)
FN:85,(anonymous_5)
FN:101,(anonymous_6)
FN:107,(anonymous_7)
FN:117,(anonymous_8)
FN:161,(anonymous_9)
FN:179,(anonymous_10)
FN:191,(anonymous_11)
FN:215,(anonymous_12)
FN:238,(anonymous_13)
FN:249,(anonymous_14)
FN:251,(anonymous_15)
FN:274,(anonymous_16)
FN:275,(anonymous_17)
FN:287,(anonymous_18)
FN:314,(anonymous_19)
FN:336,(anonymous_20)
FN:351,(anonymous_21)
FN:352,(anonymous_22)
FN:358,(anonymous_23)
FN:360,(anonymous_24)
FN:361,(anonymous_25)
FN:387,(anonymous_26)
FN:412,(anonymous_27)
FN:413,(anonymous_28)
FN:417,(anonymous_29)
FN:423,(anonymous_30)
FN:441,(anonymous_31)
FN:475,(anonymous_32)
FN:482,(anonymous_33)
FN:495,(anonymous_34)
FN:500,(anonymous_35)
FN:512,(anonymous_36)
FN:523,(anonymous_37)
FN:529,(anonymous_38)
FN:542,(anonymous_39)
FNF:40
FNH:0
FNDA:0,(anonymous_0)
FNDA:0,(anonymous_1)
FNDA:0,(anonymous_2)
FNDA:0,(anonymous_3)
FNDA:0,(anonymous_4)
FNDA:0,(anonymous_5)
FNDA:0,(anonymous_6)
FNDA:0,(anonymous_7)
FNDA:0,(anonymous_8)
FNDA:0,(anonymous_9)
FNDA:0,(anonymous_10)
FNDA:0,(anonymous_11)
FNDA:0,(anonymous_12)
FNDA:0,(anonymous_13)
FNDA:0,(anonymous_14)
FNDA:0,(anonymous_15)
FNDA:0,(anonymous_16)
FNDA:0,(anonymous_17)
FNDA:0,(anonymous_18)
FNDA:0,(anonymous_19)
FNDA:0,(anonymous_20)
FNDA:0,(anonymous_21)
FNDA:0,(anonymous_22)
FNDA:0,(anonymous_23)
FNDA:0,(anonymous_24)
FNDA:0,(anonymous_25)
FNDA:0,(anonymous_26)
FNDA:0,(anonymous_27)
FNDA:0,(anonymous_28)
FNDA:0,(anonymous_29)
FNDA:0,(anonymous_30)
FNDA:0,(anonymous_31)
FNDA:0,(anonymous_32)
FNDA:0,(anonymous_33)
FNDA:0,(anonymous_34)
FNDA:0,(anonymous_35)
FNDA:0,(anonymous_36)
FNDA:0,(anonymous_37)
FNDA:0,(anonymous_38)
FNDA:0,(anonymous_39)
DA:2,0
DA:3,0
DA:4,0
DA:5,0
DA:6,0
DA:10,0
DA:11,0
DA:12,0
DA:13,0
DA:14,0
DA:15,0
DA:16,0
DA:18,0
DA:19,0
DA:20,0
DA:22,0
DA:31,0
DA:32,0
DA:42,0
DA:45,0
DA:48,0
DA:49,0
DA:51,0
DA:54,0
DA:59,0
DA:62,0
DA:63,0
DA:67,0
DA:68,0
DA:72,0
DA:73,0
DA:74,0
DA:78,0
DA:81,0
DA:86,0
DA:87,0
DA:96,0
DA:97,0
DA:102,0
DA:104,0
DA:107,0
DA:108,0
DA:109,0
DA:113,0
DA:118,0
DA:120,0
DA:121,0
DA:124,0
DA:125,0
DA:127,0
DA:131,0
DA:133,0
DA:136,0
DA:146,0
DA:148,0
DA:162,0
DA:163,0
DA:166,0
DA:167,0
DA:171,0
DA:173,0
DA:174,0
DA:180,0
DA:182,0
DA:183,0
DA:185,0
DA:186,0
DA:192,0
DA:193,0
DA:194,0
DA:195,0
DA:196,0
DA:199,0
DA:200,0
DA:201,0
DA:205,0
DA:206,0
DA:209,0
DA:211,0
DA:216,0
DA:217,0
DA:218,0
DA:219,0
DA:220,0
DA:224,0
DA:225,0
DA:228,0
DA:229,0
DA:232,0
DA:234,0
DA:239,0
DA:242,0
DA:243,0
DA:247,0
DA:250,0
DA:251,0
DA:257,0
DA:260,0
DA:261,0
DA:264,0
DA:266,0
DA:275,0
DA:288,0
DA:291,0
DA:292,0
DA:296,0
DA:297,0
DA:301,0
DA:302,0
DA:306,0
DA:307,0
DA:310,0
DA:315,0
DA:321,0
DA:322,0
DA:323,0
DA:324,0
DA:328,0
DA:329,0
DA:332,0
DA:337,0
DA:339,0
DA:340,0
DA:341,0
DA:342,0
DA:343,0
DA:344,0
DA:346,0
DA:352,0
DA:353,0
DA:359,0
DA:360,0
DA:361,0
DA:363,0
DA:364,0
DA:368,0
DA:370,0
DA:371,0
DA:373,0
DA:374,0
DA:375,0
DA:377,0
DA:380,0
DA:381,0
DA:388,0
DA:389,0
DA:390,0
DA:393,0
DA:394,0
DA:396,0
DA:403,0
DA:408,0
DA:413,0
DA:414,0
DA:417,0
DA:418,0
DA:424,0
DA:425,0
DA:427,0
DA:428,0
DA:429,0
DA:432,0
DA:433,0
DA:434,0
DA:435,0
DA:442,0
DA:443,0
DA:445,0
DA:446,0
DA:447,0
DA:450,0
DA:451,0
DA:452,0
DA:454,0
DA:455,0
DA:463,0
DA:464,0
DA:465,0
DA:466,0
DA:469,0
DA:476,0
DA:477,0
DA:483,0
DA:484,0
DA:485,0
DA:487,0
DA:496,0
DA:501,0
DA:512,0
DA:524,0
DA:526,0
DA:527,0
DA:528,0
DA:529,0
DA:538,0
DA:543,0
DA:546,0
DA:547,0
DA:550,0
DA:554,0
LF:200
LH:0
BRDA:48,0,0,0
BRDA:48,0,1,0
BRDA:108,1,0,0
BRDA:108,1,1,0
BRDA:124,2,0,0
BRDA:124,2,1,0
BRDA:124,3,0,0
BRDA:124,3,1,0
BRDA:166,4,0,0
BRDA:166,4,1,0
BRDA:171,5,0,0
BRDA:171,5,1,0
BRDA:180,6,0,0
BRDA:180,6,1,0
BRDA:193,7,0,0
BRDA:193,7,1,0
BRDA:200,8,0,0
BRDA:200,8,1,0
BRDA:211,9,0,0
BRDA:211,9,1,0
BRDA:217,10,0,0
BRDA:217,10,1,0
BRDA:238,11,0,0
BRDA:238,12,0,0
BRDA:247,13,0,0
BRDA:247,13,1,0
BRDA:250,14,0,0
BRDA:250,14,1,0
BRDA:250,14,2,0
BRDA:291,15,0,0
BRDA:291,15,1,0
BRDA:291,16,0,0
BRDA:291,16,1,0
BRDA:296,17,0,0
BRDA:296,17,1,0
BRDA:301,18,0,0
BRDA:301,18,1,0
BRDA:306,19,0,0
BRDA:306,19,1,0
BRDA:306,20,0,0
BRDA:306,20,1,0
BRDA:321,21,0,0
BRDA:321,21,1,0
BRDA:328,22,0,0
BRDA:328,22,1,0
BRDA:328,23,0,0
BRDA:328,23,1,0
BRDA:339,24,0,0
BRDA:339,24,1,0
BRDA:341,25,0,0
BRDA:341,25,1,0
BRDA:343,26,0,0
BRDA:343,26,1,0
BRDA:363,27,0,0
BRDA:363,27,1,0
BRDA:373,28,0,0
BRDA:373,28,1,0
BRDA:380,29,0,0
BRDA:380,29,1,0
BRDA:389,30,0,0
BRDA:389,30,1,0
BRDA:446,31,0,0
BRDA:446,31,1,0
BRDA:451,32,0,0
BRDA:451,32,1,0
BRDA:464,33,0,0
BRDA:464,33,1,0
BRDA:483,34,0,0
BRDA:483,34,1,0
BRDA:527,35,0,0
BRDA:527,35,1,0
BRDA:527,36,0,0
BRDA:527,36,1,0
BRDA:532,37,0,0
BRDA:532,37,1,0
BRF:75
BRH:0
end_of_record
TN:
SF:services/sports-scraping-swarm/source-discovery.js
FN:3,(anonymous_0)
FN:32,(anonymous_1)
FN:43,(anonymous_2)
FN:81,(anonymous_3)
FN:84,(anonymous_4)
FN:193,(anonymous_5)
FN:196,(anonymous_6)
FN:248,(anonymous_7)
FN:251,(anonymous_8)
FN:302,(anonymous_9)
FN:305,(anonymous_10)
FN:345,(anonymous_11)
FN:348,(anonymous_12)
FN:387,(anonymous_13)
FN:390,(anonymous_14)
FN:423,(anonymous_15)
FN:426,(anonymous_16)
FN:444,(anonymous_17)
FN:448,(anonymous_18)
FN:457,(anonymous_19)
FN:460,(anonymous_20)
FN:471,(anonymous_21)
FN:503,(anonymous_22)
FN:528,(anonymous_23)
FN:542,(anonymous_24)
FN:560,(anonymous_25)
FN:572,(anonymous_26)
FN:582,(anonymous_27)
FN:594,(anonymous_28)
FN:599,(anonymous_29)
FN:600,(anonymous_30)
FN:604,(anonymous_31)
FN:606,(anonymous_32)
FNF:33
FNH:0
FNDA:0,(anonymous_0)
FNDA:0,(anonymous_1)
FNDA:0,(anonymous_2)
FNDA:0,(anonymous_3)
FNDA:0,(anonymous_4)
FNDA:0,(anonymous_5)
FNDA:0,(anonymous_6)
FNDA:0,(anonymous_7)
FNDA:0,(anonymous_8)
FNDA:0,(anonymous_9)
FNDA:0,(anonymous_10)
FNDA:0,(anonymous_11)
FNDA:0,(anonymous_12)
FNDA:0,(anonymous_13)
FNDA:0,(anonymous_14)
FNDA:0,(anonymous_15)
FNDA:0,(anonymous_16)
FNDA:0,(anonymous_17)
FNDA:0,(anonymous_18)
FNDA:0,(anonymous_19)
FNDA:0,(anonymous_20)
FNDA:0,(anonymous_21)
FNDA:0,(anonymous_22)
FNDA:0,(anonymous_23)
FNDA:0,(anonymous_24)
FNDA:0,(anonymous_25)
FNDA:0,(anonymous_26)
FNDA:0,(anonymous_27)
FNDA:0,(anonymous_28)
FNDA:0,(anonymous_29)
FNDA:0,(anonymous_30)
FNDA:0,(anonymous_31)
FNDA:0,(anonymous_32)
DA:4,0
DA:5,0
DA:17,0
DA:33,0
DA:34,0
DA:35,0
DA:36,0
DA:37,0
DA:38,0
DA:39,0
DA:40,0
DA:45,0
DA:81,0
DA:85,0
DA:193,0
DA:197,0
DA:248,0
DA:252,0
DA:302,0
DA:306,0
DA:345,0
DA:349,0
DA:387,0
DA:391,0
DA:423,0
DA:427,0
DA:444,0
DA:449,0
DA:451,0
DA:452,0
DA:453,0
DA:457,0
DA:462,0
DA:463,0
DA:467,0
DA:468,0
DA:472,0
DA:475,0
DA:476,0
DA:478,0
DA:479,0
DA:483,0
DA:484,0
DA:488,0
DA:489,0
DA:491,0
DA:492,0
DA:496,0
DA:497,0
DA:500,0
DA:506,0
DA:514,0
DA:515,0
DA:517,0
DA:518,0
DA:519,0
DA:520,0
DA:521,0
DA:525,0
DA:529,0
DA:530,0
DA:531,0
DA:533,0
DA:538,0
DA:539,0
DA:543,0
DA:556,0
DA:561,0
DA:569,0
DA:573,0
DA:583,0
DA:595,0
DA:600,0
DA:605,0
DA:606,0
DA:611,0
LF:76
LH:0
BRDA:448,0,0,0
BRDA:452,1,0,0
BRDA:452,1,1,0
BRDA:462,2,0,0
BRDA:462,2,1,0
BRDA:462,3,0,0
BRDA:462,3,1,0
BRDA:468,4,0,0
BRDA:468,4,1,0
BRDA:475,5,0,0
BRDA:475,5,1,0
BRDA:478,6,0,0
BRDA:478,6,1,0
BRDA:483,7,0,0
BRDA:483,7,1,0
BRDA:488,8,0,0
BRDA:488,8,1,0
BRDA:491,9,0,0
BRDA:491,9,1,0
BRDA:496,10,0,0
BRDA:496,10,1,0
BRDA:496,11,0,0
BRDA:496,11,1,0
BRDA:519,12,0,0
BRDA:519,12,1,0
BRDA:556,13,0,0
BRDA:556,13,1,0
BRDA:606,14,0,0
BRDA:606,14,1,0
BRDA:606,14,2,0
BRF:30
BRH:0
end_of_record
TN:
SF:services/sports-scraping-swarm/swarm-api-endpoint.js
FN:6,(anonymous_0)
FN:13,(anonymous_1)
FN:30,(anonymous_2)
FN:34,(anonymous_3)
FN:82,(anonymous_4)
FN:120,(anonymous_5)
FN:144,(anonymous_6)
FN:158,(anonymous_7)
FN:183,(anonymous_8)
FN:197,(anonymous_9)
FN:209,(anonymous_10)
FN:210,(anonymous_11)
FN:211,(anonymous_12)
FN:223,(anonymous_13)
FN:252,(anonymous_14)
FN:254,(anonymous_15)
FN:261,(anonymous_16)
FN:263,(anonymous_17)
FN:270,(anonymous_18)
FN:272,(anonymous_19)
FN:278,(anonymous_20)
FN:280,(anonymous_21)
FN:287,(anonymous_22)
FN:297,(anonymous_23)
FN:312,(anonymous_24)
FNF:25
FNH:0
FNDA:0,(anonymous_0)
FNDA:0,(anonymous_1)
FNDA:0,(anonymous_2)
FNDA:0,(anonymous_3)
FNDA:0,(anonymous_4)
FNDA:0,(anonymous_5)
FNDA:0,(anonymous_6)
FNDA:0,(anonymous_7)
FNDA:0,(anonymous_8)
FNDA:0,(anonymous_9)
FNDA:0,(anonymous_10)
FNDA:0,(anonymous_11)
FNDA:0,(anonymous_12)
FNDA:0,(anonymous_13)
FNDA:0,(anonymous_14)
FNDA:0,(anonymous_15)
FNDA:0,(anonymous_16)
FNDA:0,(anonymous_17)
FNDA:0,(anonymous_18)
FNDA:0,(anonymous_19)
FNDA:0,(anonymous_20)
FNDA:0,(anonymous_21)
FNDA:0,(anonymous_22)
FNDA:0,(anonymous_23)
FNDA:0,(anonymous_24)
DA:2,0
DA:3,0
DA:7,0
DA:8,0
DA:9,0
DA:14,0
DA:15,0
DA:18,0
DA:19,0
DA:22,0
DA:23,0
DA:24,0
DA:26,0
DA:31,0
DA:34,0
DA:35,0
DA:36,0
DA:38,0
DA:39,0
DA:46,0
DA:48,0
DA:51,0
DA:53,0
DA:72,0
DA:73,0
DA:82,0
DA:83,0
DA:84,0
DA:86,0
DA:87,0
DA:93,0
DA:96,0
DA:97,0
DA:100,0
DA:102,0
DA:111,0
DA:112,0
DA:120,0
DA:121,0
DA:122,0
DA:124,0
DA:136,0
DA:144,0
DA:145,0
DA:146,0
DA:147,0
DA:150,0
DA:151,0
DA:152,0
DA:155,0
DA:158,0
DA:159,0
DA:160,0
DA:164,0
DA:165,0
DA:168,0
DA:174,0
DA:183,0
DA:184,0
DA:185,0
DA:188,0
DA:189,0
DA:197,0
DA:198,0
DA:199,0
DA:201,0
DA:202,0
DA:204,0
DA:209,0
DA:210,0
DA:211,0
DA:215,0
DA:223,0
DA:224,0
DA:225,0
DA:226,0
DA:232,0
DA:234,0
DA:241,0
DA:248,0
DA:253,0
DA:254,0
DA:255,0
DA:256,0
DA:258,0
DA:262,0
DA:263,0
DA:264,0
DA:265,0
DA:269,0
DA:270,0
DA:273,0
DA:274,0
DA:279,0
DA:280,0
DA:281,0
DA:282,0
DA:284,0
DA:288,0
DA:289,0
DA:292,0
DA:294,0
DA:298,0
DA:299,0
DA:300,0
DA:302,0
DA:307,0
DA:308,0
DA:313,0
DA:314,0
DA:319,0
LF:111
LH:0
BRDA:14,0,0,0
BRDA:14,0,1,0
BRDA:18,1,0,0
BRDA:18,1,1,0
BRDA:36,2,0,0
BRDA:36,3,0,0
BRDA:36,4,0,0
BRDA:38,5,0,0
BRDA:38,5,1,0
BRDA:38,6,0,0
BRDA:38,6,1,0
BRDA:48,7,0,0
BRDA:48,7,1,0
BRDA:84,8,0,0
BRDA:86,9,0,0
BRDA:86,9,1,0
BRDA:86,10,0,0
BRDA:86,10,1,0
BRDA:96,11,0,0
BRDA:96,11,1,0
BRDA:128,12,0,0
BRDA:128,12,1,0
BRDA:130,13,0,0
BRDA:130,13,1,0
BRDA:131,14,0,0
BRDA:131,14,1,0
BRDA:132,15,0,0
BRDA:132,15,1,0
BRDA:133,16,0,0
BRDA:133,16,1,0
BRDA:159,17,0,0
BRDA:159,17,1,0
BRDA:171,18,0,0
BRDA:171,18,1,0
BRDA:211,19,0,0
BRDA:211,19,1,0
BRDA:225,20,0,0
BRDA:225,20,1,0
BRDA:237,21,0,0
BRDA:237,21,1,0
BRDA:255,22,0,0
BRDA:255,22,1,0
BRDA:256,23,0,0
BRDA:256,23,1,0
BRDA:264,24,0,0
BRDA:264,24,1,0
BRDA:265,25,0,0
BRDA:265,25,1,0
BRDA:281,26,0,0
BRDA:281,26,1,0
BRDA:282,27,0,0
BRDA:282,27,1,0
BRDA:287,28,0,0
BRDA:288,29,0,0
BRDA:288,29,1,0
BRDA:313,30,0,0
BRDA:313,30,1,0
BRF:57
BRH:0
end_of_record
TN:
SF:services/sports-scraping-swarm/swarm-coordinator.js
FN:8,(anonymous_0)
FN:42,(anonymous_1)
FN:73,(anonymous_2)
FN:98,(anonymous_3)
FN:111,(anonymous_4)
FN:127,(anonymous_5)
FN:140,(anonymous_6)
FN:153,(anonymous_7)
FN:156,(anonymous_8)
FN:157,(anonymous_9)
FN:158,(anonymous_10)
FN:159,(anonymous_11)
FN:180,(anonymous_12)
FN:203,(anonymous_13)
FN:217,(anonymous_14)
FN:232,(anonymous_15)
FN:236,(anonymous_16)
FN:237,(anonymous_17)
FN:245,(anonymous_18)
FN:260,(anonymous_19)
FN:264,(anonymous_20)
FN:268,(anonymous_21)
FN:276,(anonymous_22)
FN:296,(anonymous_23)
FN:365,(anonymous_24)
FN:400,(anonymous_25)
FN:404,(anonymous_26)
FN:412,(anonymous_27)
FN:428,(anonymous_28)
FN:433,(anonymous_29)
FN:435,(anonymous_30)
FN:446,(anonymous_31)
FN:473,(anonymous_32)
FN:475,(anonymous_33)
FN:485,(anonymous_34)
FN:486,(anonymous_35)
FN:498,(anonymous_36)
FN:499,(anonymous_37)
FN:508,(anonymous_38)
FN:536,(anonymous_39)
FN:541,(anonymous_40)
FN:551,(anonymous_41)
FN:558,(anonymous_42)
FN:569,(anonymous_43)
FN:585,(anonymous_44)
FN:599,(anonymous_45)
FN:608,(anonymous_46)
FN:613,(anonymous_47)
FN:619,(anonymous_48)
FN:632,(anonymous_49)
FN:646,(anonymous_50)
FN:673,(anonymous_51)
FNF:52
FNH:0
FNDA:0,(anonymous_0)
FNDA:0,(anonymous_1)
FNDA:0,(anonymous_2)
FNDA:0,(anonymous_3)
FNDA:0,(anonymous_4)
FNDA:0,(anonymous_5)
FNDA:0,(anonymous_6)
FNDA:0,(anonymous_7)
FNDA:0,(anonymous_8)
FNDA:0,(anonymous_9)
FNDA:0,(anonymous_10)
FNDA:0,(anonymous_11)
FNDA:0,(anonymous_12)
FNDA:0,(anonymous_13)
FNDA:0,(anonymous_14)
FNDA:0,(anonymous_15)
FNDA:0,(anonymous_16)
FNDA:0,(anonymous_17)
FNDA:0,(anonymous_18)
FNDA:0,(anonymous_19)
FNDA:0,(anonymous_20)
FNDA:0,(anonymous_21)
FNDA:0,(anonymous_22)
FNDA:0,(anonymous_23)
FNDA:0,(anonymous_24)
FNDA:0,(anonymous_25)
FNDA:0,(anonymous_26)
FNDA:0,(anonymous_27)
FNDA:0,(anonymous_28)
FNDA:0,(anonymous_29)
FNDA:0,(anonymous_30)
FNDA:0,(anonymous_31)
FNDA:0,(anonymous_32)
FNDA:0,(anonymous_33)
FNDA:0,(anonymous_34)
FNDA:0,(anonymous_35)
FNDA:0,(anonymous_36)
FNDA:0,(anonymous_37)
FNDA:0,(anonymous_38)
FNDA:0,(anonymous_39)
FNDA:0,(anonymous_40)
FNDA:0,(anonymous_41)
FNDA:0,(anonymous_42)
FNDA:0,(anonymous_43)
FNDA:0,(anonymous_44)
FNDA:0,(anonymous_45)
FNDA:0,(anonymous_46)
FNDA:0,(anonymous_47)
FNDA:0,(anonymous_48)
FNDA:0,(anonymous_49)
FNDA:0,(anonymous_50)
FNDA:0,(anonymous_51)
DA:2,0
DA:3,0
DA:4,0
DA:5,0
DA:9,0
DA:12,0
DA:25,0
DA:26,0
DA:35,0
DA:36,0
DA:38,0
DA:43,0
DA:45,0
DA:47,0
DA:50,0
DA:53,0
DA:56,0
DA:59,0
DA:61,0
DA:62,0
DA:64,0
DA:66,0
DA:67,0
DA:68,0
DA:74,0
DA:76,0
DA:78,0
DA:79,0
DA:80,0
DA:83,0
DA:85,0
DA:86,0
DA:88,0
DA:89,0
DA:92,0
DA:93,0
DA:99,0
DA:102,0
DA:105,0
DA:107,0
DA:112,0
DA:115,0
DA:118,0
DA:121,0
DA:123,0
DA:128,0
DA:131,0
DA:134,0
DA:136,0
DA:141,0
DA:144,0
DA:147,0
DA:149,0
DA:155,0
DA:156,0
DA:157,0
DA:158,0
DA:159,0
DA:162,0
DA:163,0
DA:164,0
DA:165,0
DA:166,0
DA:169,0
DA:176,0
DA:181,0
DA:184,0
DA:192,0
DA:199,0
DA:204,0
DA:206,0
DA:213,0
DA:218,0
DA:220,0
DA:228,0
DA:233,0
DA:235,0
DA:236,0
DA:237,0
DA:241,0
DA:246,0
DA:248,0
DA:256,0
DA:261,0
DA:264,0
DA:265,0
DA:268,0
DA:269,0
DA:272,0
DA:277,0
DA:280,0
DA:287,0
DA:288,0
DA:289,0
DA:292,0
DA:297,0
DA:299,0
DA:301,0
DA:303,0
DA:304,0
DA:307,0
DA:315,0
DA:318,0
DA:324,0
DA:326,0
DA:327,0
DA:329,0
DA:330,0
DA:333,0
DA:336,0
DA:344,0
DA:352,0
DA:354,0
DA:360,0
DA:366,0
DA:368,0
DA:371,0
DA:372,0
DA:373,0
DA:374,0
DA:375,0
DA:376,0
DA:377,0
DA:378,0
DA:380,0
DA:381,0
DA:388,0
DA:389,0
DA:390,0
DA:394,0
DA:396,0
DA:401,0
DA:404,0
DA:405,0
DA:408,0
DA:409,0
DA:412,0
DA:415,0
DA:418,0
DA:421,0
DA:423,0
DA:424,0
DA:429,0
DA:434,0
DA:435,0
DA:436,0
DA:437,0
DA:438,0
DA:440,0
DA:441,0
DA:447,0
DA:475,0
DA:476,0
DA:478,0
DA:480,0
DA:486,0
DA:487,0
DA:488,0
DA:491,0
DA:493,0
DA:499,0
DA:501,0
DA:502,0
DA:503,0
DA:509,0
DA:512,0
DA:513,0
DA:514,0
DA:518,0
DA:519,0
DA:520,0
DA:521,0
DA:523,0
DA:525,0
DA:530,0
DA:532,0
DA:537,0
DA:538,0
DA:542,0
DA:548,0
DA:552,0
DA:553,0
DA:555,0
DA:559,0
DA:560,0
DA:562,0
DA:563,0
DA:564,0
DA:566,0
DA:570,0
DA:572,0
DA:573,0
DA:575,0
DA:576,0
DA:578,0
DA:579,0
DA:582,0
DA:586,0
DA:587,0
DA:588,0
DA:590,0
DA:595,0
DA:596,0
DA:601,0
DA:609,0
DA:610,0
DA:614,0
DA:615,0
DA:620,0
DA:627,0
DA:628,0
DA:633,0
DA:634,0
DA:635,0
DA:638,0
DA:639,0
DA:641,0
DA:647,0
DA:674,0
DA:676,0
DA:677,0
DA:680,0
DA:681,0
DA:684,0
DA:685,0
DA:688,0
DA:689,0
DA:693,0
LF:228
LH:0
BRDA:156,0,0,0
BRDA:156,0,1,0
BRDA:157,1,0,0
BRDA:157,1,1,0
BRDA:158,2,0,0
BRDA:158,2,1,0
BRDA:159,3,0,0
BRDA:159,3,1,0
BRDA:296,4,0,0
BRDA:296,5,0,0
BRDA:371,6,0,0
BRDA:371,6,1,0
BRDA:373,7,0,0
BRDA:373,7,1,0
BRDA:373,8,0,0
BRDA:373,8,1,0
BRDA:374,9,0,0
BRDA:374,9,1,0
BRDA:376,10,0,0
BRDA:376,10,1,0
BRDA:378,11,0,0
BRDA:378,11,1,0
BRDA:388,12,0,0
BRDA:388,12,1,0
BRDA:429,13,0,0
BRDA:429,13,1,0
BRDA:429,13,2,0
BRDA:429,13,3,0
BRDA:429,13,4,0
BRDA:429,13,5,0
BRDA:429,13,6,0
BRDA:436,14,0,0
BRDA:436,14,1,0
BRDA:436,15,0,0
BRDA:436,15,1,0
BRDA:437,16,0,0
BRDA:437,16,1,0
BRDA:452,17,0,0
BRDA:452,17,1,0
BRDA:452,17,2,0
BRDA:453,18,0,0
BRDA:453,18,1,0
BRDA:454,19,0,0
BRDA:454,19,1,0
BRDA:456,20,0,0
BRDA:456,20,1,0
BRDA:458,21,0,0
BRDA:458,21,1,0
BRDA:459,22,0,0
BRDA:459,22,1,0
BRDA:460,23,0,0
BRDA:460,23,1,0
BRDA:460,23,2,0
BRDA:461,24,0,0
BRDA:461,24,1,0
BRDA:461,24,2,0
BRDA:462,25,0,0
BRDA:462,25,1,0
BRDA:463,26,0,0
BRDA:463,26,1,0
BRDA:464,27,0,0
BRDA:464,27,1,0
BRDA:465,28,0,0
BRDA:465,28,1,0
BRDA:466,29,0,0
BRDA:466,29,1,0
BRDA:476,30,0,0
BRDA:476,30,1,0
BRDA:476,31,0,0
BRDA:476,31,1,0
BRDA:487,32,0,0
BRDA:487,32,1,0
BRDA:512,33,0,0
BRDA:512,33,1,0
BRDA:518,34,0,0
BRDA:518,34,1,0
BRDA:523,35,0,0
BRDA:523,35,1,0
BRDA:523,36,0,0
BRDA:523,36,1,0
BRDA:530,37,0,0
BRDA:530,37,1,0
BRDA:537,38,0,0
BRDA:537,38,1,0
BRDA:537,39,0,0
BRDA:537,39,1,0
BRDA:548,40,0,0
BRDA:548,40,1,0
BRDA:548,40,2,0
BRDA:552,41,0,0
BRDA:552,41,1,0
BRDA:559,42,0,0
BRDA:559,42,1,0
BRDA:562,43,0,0
BRDA:562,43,1,0
BRDA:564,44,0,0
BRDA:564,44,1,0
BRDA:572,45,0,0
BRDA:572,45,1,0
BRDA:575,46,0,0
BRDA:575,46,1,0
BRDA:578,47,0,0
BRDA:578,47,1,0
BRDA:609,48,0,0
BRDA:609,48,1,0
BRDA:610,49,0,0
BRDA:610,49,1,0
BRDA:638,50,0,0
BRDA:638,50,1,0
BRDA:651,51,0,0
BRDA:651,51,1,0
BRDA:676,52,0,0
BRDA:676,52,1,0
BRDA:680,53,0,0
BRDA:680,53,1,0
BRDA:684,54,0,0
BRDA:684,54,1,0
BRF:117
BRH:0
end_of_record
